2024-06-04T12:31:16.109+07:00  INFO 9780 --- [restartedMain] c.s.admin.ShopmmtBackEndApplication      : Starting ShopmmtBackEndApplication using Java 17.0.10 with PID 9780 (D:\VanTan\DATN\SpringCode\ShopmmtProject\ShopmmtWebParent\ShopmmtBackEnd\target\classes started by Dell in D:\VanTan\DATN\SpringCode\ShopmmtProject\ShopmmtWebParent\ShopmmtBackEnd)
2024-06-04T12:31:16.112+07:00  INFO 9780 --- [restartedMain] c.s.admin.ShopmmtBackEndApplication      : No active profile set, falling back to 1 default profile: "default"
2024-06-04T12:31:16.151+07:00  INFO 9780 --- [restartedMain] .e.DevToolsPropertyDefaultsPostProcessor : Devtools property defaults active! Set 'spring.devtools.add-properties' to 'false' to disable
2024-06-04T12:31:16.152+07:00  INFO 9780 --- [restartedMain] .e.DevToolsPropertyDefaultsPostProcessor : For additional web related logging consider setting the 'logging.level.web' property to 'DEBUG'
2024-06-04T12:31:16.747+07:00  INFO 9780 --- [restartedMain] .s.d.r.c.RepositoryConfigurationDelegate : Bootstrapping Spring Data JPA repositories in DEFAULT mode.
2024-06-04T12:31:16.824+07:00  INFO 9780 --- [restartedMain] .s.d.r.c.RepositoryConfigurationDelegate : Finished Spring Data repository scanning in 66 ms. Found 6 JPA repository interfaces.
2024-06-04T12:31:17.300+07:00  INFO 9780 --- [restartedMain] o.s.b.w.embedded.tomcat.TomcatWebServer  : Tomcat initialized with port 8080 (http)
2024-06-04T12:31:17.314+07:00  INFO 9780 --- [restartedMain] o.apache.catalina.core.StandardService   : Starting service [Tomcat]
2024-06-04T12:31:17.315+07:00  INFO 9780 --- [restartedMain] o.apache.catalina.core.StandardEngine    : Starting Servlet engine: [Apache Tomcat/10.1.20]
2024-06-04T12:31:17.359+07:00  INFO 9780 --- [restartedMain] o.a.c.c.C.[.[localhost].[/ShopmmtAdmin]  : Initializing Spring embedded WebApplicationContext
2024-06-04T12:31:17.360+07:00  INFO 9780 --- [restartedMain] w.s.c.ServletWebServerApplicationContext : Root WebApplicationContext: initialization completed in 1208 ms
2024-06-04T12:31:17.524+07:00  INFO 9780 --- [restartedMain] o.hibernate.jpa.internal.util.LogHelper  : HHH000204: Processing PersistenceUnitInfo [name: default]
2024-06-04T12:31:17.575+07:00  INFO 9780 --- [restartedMain] org.hibernate.Version                    : HHH000412: Hibernate ORM core version 6.4.4.Final
2024-06-04T12:31:17.608+07:00  INFO 9780 --- [restartedMain] o.h.c.internal.RegionFactoryInitiator    : HHH000026: Second-level cache disabled
2024-06-04T12:31:17.798+07:00  INFO 9780 --- [restartedMain] o.s.o.j.p.SpringPersistenceUnitInfo      : No LoadTimeWeaver setup: ignoring JPA class transformer
2024-06-04T12:31:17.829+07:00  INFO 9780 --- [restartedMain] com.zaxxer.hikari.HikariDataSource       : HikariPool-1 - Starting...
2024-06-04T12:31:18.086+07:00  INFO 9780 --- [restartedMain] com.zaxxer.hikari.pool.HikariPool        : HikariPool-1 - Added connection com.mysql.cj.jdbc.ConnectionImpl@5c919753
2024-06-04T12:31:18.090+07:00  INFO 9780 --- [restartedMain] com.zaxxer.hikari.HikariDataSource       : HikariPool-1 - Start completed.
2024-06-04T12:31:19.090+07:00  INFO 9780 --- [restartedMain] o.h.e.t.j.p.i.JtaPlatformInitiator       : HHH000489: No JTA platform available (set 'hibernate.transaction.jta.platform' to enable JTA platform integration)
2024-06-04T12:31:19.203+07:00  INFO 9780 --- [restartedMain] j.LocalContainerEntityManagerFactoryBean : Initialized JPA EntityManagerFactory for persistence unit 'default'
2024-06-04T12:31:19.413+07:00  INFO 9780 --- [restartedMain] o.s.d.j.r.query.QueryEnhancerFactory     : Hibernate is in classpath; If applicable, HQL parser will be used.
2024-06-04T12:31:20.121+07:00  WARN 9780 --- [restartedMain] JpaBaseConfiguration$JpaWebConfiguration : spring.jpa.open-in-view is enabled by default. Therefore, database queries may be performed during view rendering. Explicitly configure spring.jpa.open-in-view to disable this warning
2024-06-04T12:31:20.207+07:00  INFO 9780 --- [restartedMain] o.s.b.a.w.s.WelcomePageHandlerMapping    : Adding welcome page template: index
2024-06-04T12:31:20.617+07:00  INFO 9780 --- [restartedMain] o.s.s.web.DefaultSecurityFilterChain     : Will secure any request with [org.springframework.security.web.session.DisableEncodeUrlFilter@3d29bbae, org.springframework.security.web.context.request.async.WebAsyncManagerIntegrationFilter@623a9af1, org.springframework.security.web.context.SecurityContextHolderFilter@d048bfc, org.springframework.security.web.header.HeaderWriterFilter@1c65d6f5, org.springframework.web.filter.CorsFilter@2505ca72, org.springframework.security.web.csrf.CsrfFilter@7bf0783d, org.springframework.security.web.authentication.logout.LogoutFilter@b15752c, org.springframework.security.web.authentication.UsernamePasswordAuthenticationFilter@143823b6, org.springframework.security.web.savedrequest.RequestCacheAwareFilter@d2b383e, org.springframework.security.web.servletapi.SecurityContextHolderAwareRequestFilter@4236275d, org.springframework.security.web.authentication.rememberme.RememberMeAuthenticationFilter@3e5f24e0, org.springframework.security.web.authentication.AnonymousAuthenticationFilter@5f89352, org.springframework.security.web.access.ExceptionTranslationFilter@28665a02, org.springframework.security.web.access.intercept.AuthorizationFilter@3caa348]
2024-06-04T12:31:20.622+07:00  WARN 9780 --- [restartedMain] o.s.s.c.a.web.builders.WebSecurity       : You are asking Spring Security to ignore Mvc [pattern='/images/**']. This is not recommended -- please use permitAll via HttpSecurity#authorizeHttpRequests instead.
2024-06-04T12:31:20.623+07:00  INFO 9780 --- [restartedMain] o.s.s.web.DefaultSecurityFilterChain     : Will not secure Mvc [pattern='/images/**']
2024-06-04T12:31:20.623+07:00  WARN 9780 --- [restartedMain] o.s.s.c.a.web.builders.WebSecurity       : You are asking Spring Security to ignore Mvc [pattern='/js/**']. This is not recommended -- please use permitAll via HttpSecurity#authorizeHttpRequests instead.
2024-06-04T12:31:20.623+07:00  INFO 9780 --- [restartedMain] o.s.s.web.DefaultSecurityFilterChain     : Will not secure Mvc [pattern='/js/**']
2024-06-04T12:31:20.623+07:00  WARN 9780 --- [restartedMain] o.s.s.c.a.web.builders.WebSecurity       : You are asking Spring Security to ignore Mvc [pattern='/webjars/**']. This is not recommended -- please use permitAll via HttpSecurity#authorizeHttpRequests instead.
2024-06-04T12:31:20.623+07:00  INFO 9780 --- [restartedMain] o.s.s.web.DefaultSecurityFilterChain     : Will not secure Mvc [pattern='/webjars/**']
2024-06-04T12:31:20.623+07:00  WARN 9780 --- [restartedMain] o.s.s.c.a.web.builders.WebSecurity       : You are asking Spring Security to ignore Mvc [pattern='/css/**']. This is not recommended -- please use permitAll via HttpSecurity#authorizeHttpRequests instead.
2024-06-04T12:31:20.623+07:00  INFO 9780 --- [restartedMain] o.s.s.web.DefaultSecurityFilterChain     : Will not secure Mvc [pattern='/css/**']
2024-06-04T12:31:20.623+07:00  WARN 9780 --- [restartedMain] o.s.s.c.a.web.builders.WebSecurity       : You are asking Spring Security to ignore Mvc [pattern='/fontawesome/**']. This is not recommended -- please use permitAll via HttpSecurity#authorizeHttpRequests instead.
2024-06-04T12:31:20.623+07:00  INFO 9780 --- [restartedMain] o.s.s.web.DefaultSecurityFilterChain     : Will not secure Mvc [pattern='/fontawesome/**']
2024-06-04T12:31:20.623+07:00  WARN 9780 --- [restartedMain] o.s.s.c.a.web.builders.WebSecurity       : You are asking Spring Security to ignore Mvc [pattern='/fonts/**']. This is not recommended -- please use permitAll via HttpSecurity#authorizeHttpRequests instead.
2024-06-04T12:31:20.623+07:00  INFO 9780 --- [restartedMain] o.s.s.web.DefaultSecurityFilterChain     : Will not secure Mvc [pattern='/fonts/**']
2024-06-04T12:31:20.623+07:00  WARN 9780 --- [restartedMain] o.s.s.c.a.web.builders.WebSecurity       : You are asking Spring Security to ignore Mvc [pattern='/webfonts/**']. This is not recommended -- please use permitAll via HttpSecurity#authorizeHttpRequests instead.
2024-06-04T12:31:20.623+07:00  INFO 9780 --- [restartedMain] o.s.s.web.DefaultSecurityFilterChain     : Will not secure Mvc [pattern='/webfonts/**']
2024-06-04T12:31:20.821+07:00  WARN 9780 --- [restartedMain] o.s.b.d.a.OptionalLiveReloadServer       : Unable to start LiveReload server
2024-06-04T12:31:20.854+07:00  INFO 9780 --- [restartedMain] o.s.b.w.embedded.tomcat.TomcatWebServer  : Tomcat started on port 8080 (http) with context path '/ShopmmtAdmin'
2024-06-04T12:31:20.864+07:00  INFO 9780 --- [restartedMain] c.s.admin.ShopmmtBackEndApplication      : Started ShopmmtBackEndApplication in 5.119 seconds (process running for 5.808)
2024-06-04T12:31:29.078+07:00  INFO 9780 --- [http-nio-8080-exec-1] o.a.c.c.C.[.[localhost].[/ShopmmtAdmin]  : Initializing Spring DispatcherServlet 'dispatcherServlet'
2024-06-04T12:31:29.078+07:00  INFO 9780 --- [http-nio-8080-exec-1] o.s.web.servlet.DispatcherServlet        : Initializing Servlet 'dispatcherServlet'
2024-06-04T12:31:29.080+07:00  INFO 9780 --- [http-nio-8080-exec-1] o.s.web.servlet.DispatcherServlet        : Completed initialization in 2 ms
2024-06-04T12:34:01.377+07:00  INFO 9780 --- [RMI TCP Connection(12)-127.0.0.1] inMXBeanRegistrar$SpringApplicationAdmin : Application shutdown requested.
2024-06-04T12:34:01.395+07:00  INFO 9780 --- [RMI TCP Connection(12)-127.0.0.1] j.LocalContainerEntityManagerFactoryBean : Closing JPA EntityManagerFactory for persistence unit 'default'
2024-06-04T12:34:01.398+07:00  INFO 9780 --- [RMI TCP Connection(12)-127.0.0.1] com.zaxxer.hikari.HikariDataSource       : HikariPool-1 - Shutdown initiated...
2024-06-04T12:34:01.404+07:00  INFO 9780 --- [RMI TCP Connection(12)-127.0.0.1] com.zaxxer.hikari.HikariDataSource       : HikariPool-1 - Shutdown completed.
