2024-06-19T11:26:17.523+07:00  INFO 19424 --- [restartedMain] c.s.admin.ShopmmtBackEndApplication      : Starting ShopmmtBackEndApplication using Java 17.0.10 with PID 19424 (D:\VanTan\DATN\SpringCode\ShopmmtProject\ShopmmtWebParent\ShopmmtBackEnd\target\classes started by Dell in D:\VanTan\DATN\SpringCode\ShopmmtProject\ShopmmtWebParent\ShopmmtBackEnd)
2024-06-19T11:26:17.528+07:00  INFO 19424 --- [restartedMain] c.s.admin.ShopmmtBackEndApplication      : No active profile set, falling back to 1 default profile: "default"
2024-06-19T11:26:17.578+07:00  INFO 19424 --- [restartedMain] .e.DevToolsPropertyDefaultsPostProcessor : Devtools property defaults active! Set 'spring.devtools.add-properties' to 'false' to disable
2024-06-19T11:26:17.579+07:00  INFO 19424 --- [restartedMain] .e.DevToolsPropertyDefaultsPostProcessor : For additional web related logging consider setting the 'logging.level.web' property to 'DEBUG'
2024-06-19T11:26:19.192+07:00  INFO 19424 --- [restartedMain] .s.d.r.c.RepositoryConfigurationDelegate : Bootstrapping Spring Data JPA repositories in DEFAULT mode.
2024-06-19T11:26:19.479+07:00  INFO 19424 --- [restartedMain] .s.d.r.c.RepositoryConfigurationDelegate : Finished Spring Data repository scanning in 276 ms. Found 11 JPA repository interfaces.
2024-06-19T11:26:20.559+07:00  INFO 19424 --- [restartedMain] o.s.b.w.embedded.tomcat.TomcatWebServer  : Tomcat initialized with port 8080 (http)
2024-06-19T11:26:20.590+07:00  INFO 19424 --- [restartedMain] o.apache.catalina.core.StandardService   : Starting service [Tomcat]
2024-06-19T11:26:20.591+07:00  INFO 19424 --- [restartedMain] o.apache.catalina.core.StandardEngine    : Starting Servlet engine: [Apache Tomcat/10.1.20]
2024-06-19T11:26:20.699+07:00  INFO 19424 --- [restartedMain] o.a.c.c.C.[.[localhost].[/ShopmmtAdmin]  : Initializing Spring embedded WebApplicationContext
2024-06-19T11:26:20.700+07:00  INFO 19424 --- [restartedMain] w.s.c.ServletWebServerApplicationContext : Root WebApplicationContext: initialization completed in 3118 ms
2024-06-19T11:26:20.842+07:00  WARN 19424 --- [restartedMain] o.a.c.c.C.[.[localhost].[/ShopmmtAdmin]  : Cannot deserialize session attribute [SPRING_SECURITY_CONTEXT] for session [325EB77FC52877AD39648D625D52E74A]
2024-06-19T11:26:21.110+07:00  INFO 19424 --- [restartedMain] o.hibernate.jpa.internal.util.LogHelper  : HHH000204: Processing PersistenceUnitInfo [name: default]
2024-06-19T11:26:21.240+07:00  INFO 19424 --- [restartedMain] org.hibernate.Version                    : HHH000412: Hibernate ORM core version 6.4.4.Final
2024-06-19T11:26:21.308+07:00  INFO 19424 --- [restartedMain] o.h.c.internal.RegionFactoryInitiator    : HHH000026: Second-level cache disabled
2024-06-19T11:26:21.902+07:00  INFO 19424 --- [restartedMain] o.s.o.j.p.SpringPersistenceUnitInfo      : No LoadTimeWeaver setup: ignoring JPA class transformer
2024-06-19T11:26:21.977+07:00  INFO 19424 --- [restartedMain] com.zaxxer.hikari.HikariDataSource       : HikariPool-1 - Starting...
2024-06-19T11:26:22.590+07:00  INFO 19424 --- [restartedMain] com.zaxxer.hikari.pool.HikariPool        : HikariPool-1 - Added connection com.mysql.cj.jdbc.ConnectionImpl@6b9550bd
2024-06-19T11:26:22.594+07:00  INFO 19424 --- [restartedMain] com.zaxxer.hikari.HikariDataSource       : HikariPool-1 - Start completed.
2024-06-19T11:26:25.636+07:00  INFO 19424 --- [restartedMain] o.h.e.t.j.p.i.JtaPlatformInitiator       : HHH000489: No JTA platform available (set 'hibernate.transaction.jta.platform' to enable JTA platform integration)
2024-06-19T11:26:25.934+07:00  INFO 19424 --- [restartedMain] j.LocalContainerEntityManagerFactoryBean : Initialized JPA EntityManagerFactory for persistence unit 'default'
2024-06-19T11:26:26.460+07:00  INFO 19424 --- [restartedMain] o.s.d.j.r.query.QueryEnhancerFactory     : Hibernate is in classpath; If applicable, HQL parser will be used.
2024-06-19T11:26:28.421+07:00  WARN 19424 --- [restartedMain] JpaBaseConfiguration$JpaWebConfiguration : spring.jpa.open-in-view is enabled by default. Therefore, database queries may be performed during view rendering. Explicitly configure spring.jpa.open-in-view to disable this warning
2024-06-19T11:26:28.616+07:00  INFO 19424 --- [restartedMain] o.s.b.a.w.s.WelcomePageHandlerMapping    : Adding welcome page template: index
2024-06-19T11:26:29.394+07:00  INFO 19424 --- [restartedMain] o.s.s.web.DefaultSecurityFilterChain     : Will secure any request with [org.springframework.security.web.session.DisableEncodeUrlFilter@2f8b94de, org.springframework.security.web.context.request.async.WebAsyncManagerIntegrationFilter@4aaf4a56, org.springframework.security.web.context.SecurityContextHolderFilter@56663d8a, org.springframework.security.web.header.HeaderWriterFilter@1c0ed32, org.springframework.web.filter.CorsFilter@71eedae2, org.springframework.security.web.csrf.CsrfFilter@3e7fe5cd, org.springframework.security.web.authentication.logout.LogoutFilter@2697acd, org.springframework.security.web.authentication.UsernamePasswordAuthenticationFilter@3279e649, org.springframework.security.web.savedrequest.RequestCacheAwareFilter@6fa3540c, org.springframework.security.web.servletapi.SecurityContextHolderAwareRequestFilter@200e2515, org.springframework.security.web.authentication.rememberme.RememberMeAuthenticationFilter@8667382, org.springframework.security.web.authentication.AnonymousAuthenticationFilter@4831a9ba, org.springframework.security.web.access.ExceptionTranslationFilter@1cfadef3, org.springframework.security.web.access.intercept.AuthorizationFilter@6cc6d8f8]
2024-06-19T11:26:29.918+07:00  INFO 19424 --- [restartedMain] o.s.b.d.a.OptionalLiveReloadServer       : LiveReload server is running on port 35729
2024-06-19T11:26:29.998+07:00  INFO 19424 --- [restartedMain] o.s.b.w.embedded.tomcat.TomcatWebServer  : Tomcat started on port 8080 (http) with context path '/ShopmmtAdmin'
2024-06-19T11:26:30.021+07:00  INFO 19424 --- [restartedMain] c.s.admin.ShopmmtBackEndApplication      : Started ShopmmtBackEndApplication in 12.945 seconds (process running for 18.743)
2024-06-19T11:28:00.109+07:00  INFO 19424 --- [http-nio-8080-exec-1] o.a.c.c.C.[.[localhost].[/ShopmmtAdmin]  : Initializing Spring DispatcherServlet 'dispatcherServlet'
2024-06-19T11:28:00.110+07:00  INFO 19424 --- [http-nio-8080-exec-1] o.s.web.servlet.DispatcherServlet        : Initializing Servlet 'dispatcherServlet'
2024-06-19T11:28:00.111+07:00  INFO 19424 --- [http-nio-8080-exec-1] o.s.web.servlet.DispatcherServlet        : Completed initialization in 1 ms
2024-06-19T11:30:24.739+07:00  INFO 19424 --- [RMI TCP Connection(12)-127.0.0.1] inMXBeanRegistrar$SpringApplicationAdmin : Application shutdown requested.
2024-06-19T11:30:24.757+07:00  INFO 19424 --- [RMI TCP Connection(12)-127.0.0.1] j.LocalContainerEntityManagerFactoryBean : Closing JPA EntityManagerFactory for persistence unit 'default'
2024-06-19T11:30:24.760+07:00  INFO 19424 --- [RMI TCP Connection(12)-127.0.0.1] com.zaxxer.hikari.HikariDataSource       : HikariPool-1 - Shutdown initiated...
2024-06-19T11:30:24.766+07:00  INFO 19424 --- [RMI TCP Connection(12)-127.0.0.1] com.zaxxer.hikari.HikariDataSource       : HikariPool-1 - Shutdown completed.
