2024-07-16T13:28:50.048+07:00  INFO 2972 --- [restartedMain] c.s.admin.ShopmmtBackEndApplication      : Starting ShopmmtBackEndApplication using Java 17.0.10 with PID 2972 (D:\VanTan\DATN\SpringCode\ShopmmtProject\ShopmmtWebParent\ShopmmtBackEnd\target\classes started by Dell in D:\VanTan\DATN\SpringCode\ShopmmtProject\ShopmmtWebParent\ShopmmtBackEnd)
2024-07-16T13:28:50.051+07:00  INFO 2972 --- [restartedMain] c.s.admin.ShopmmtBackEndApplication      : No active profile set, falling back to 1 default profile: "default"
2024-07-16T13:28:50.092+07:00  INFO 2972 --- [restartedMain] .e.DevToolsPropertyDefaultsPostProcessor : Devtools property defaults active! Set 'spring.devtools.add-properties' to 'false' to disable
2024-07-16T13:28:50.093+07:00  INFO 2972 --- [restartedMain] .e.DevToolsPropertyDefaultsPostProcessor : For additional web related logging consider setting the 'logging.level.web' property to 'DEBUG'
2024-07-16T13:28:51.556+07:00  INFO 2972 --- [restartedMain] .s.d.r.c.RepositoryConfigurationDelegate : Bootstrapping Spring Data JPA repositories in DEFAULT mode.
2024-07-16T13:28:51.759+07:00  INFO 2972 --- [restartedMain] .s.d.r.c.RepositoryConfigurationDelegate : Finished Spring Data repository scanning in 192 ms. Found 11 JPA repository interfaces.
2024-07-16T13:28:52.303+07:00  INFO 2972 --- [restartedMain] o.s.b.w.embedded.tomcat.TomcatWebServer  : Tomcat initialized with port 8080 (http)
2024-07-16T13:28:52.318+07:00  INFO 2972 --- [restartedMain] o.apache.catalina.core.StandardService   : Starting service [Tomcat]
2024-07-16T13:28:52.318+07:00  INFO 2972 --- [restartedMain] o.apache.catalina.core.StandardEngine    : Starting Servlet engine: [Apache Tomcat/10.1.20]
2024-07-16T13:28:52.373+07:00  INFO 2972 --- [restartedMain] o.a.c.c.C.[.[localhost].[/ShopmmtAdmin]  : Initializing Spring embedded WebApplicationContext
2024-07-16T13:28:52.373+07:00  INFO 2972 --- [restartedMain] w.s.c.ServletWebServerApplicationContext : Root WebApplicationContext: initialization completed in 2279 ms
2024-07-16T13:28:52.551+07:00  INFO 2972 --- [restartedMain] o.hibernate.jpa.internal.util.LogHelper  : HHH000204: Processing PersistenceUnitInfo [name: default]
2024-07-16T13:28:52.603+07:00  INFO 2972 --- [restartedMain] org.hibernate.Version                    : HHH000412: Hibernate ORM core version 6.4.4.Final
2024-07-16T13:28:52.636+07:00  INFO 2972 --- [restartedMain] o.h.c.internal.RegionFactoryInitiator    : HHH000026: Second-level cache disabled
2024-07-16T13:28:52.808+07:00  INFO 2972 --- [restartedMain] o.s.o.j.p.SpringPersistenceUnitInfo      : No LoadTimeWeaver setup: ignoring JPA class transformer
2024-07-16T13:28:52.848+07:00  INFO 2972 --- [restartedMain] com.zaxxer.hikari.HikariDataSource       : HikariPool-1 - Starting...
2024-07-16T13:28:53.173+07:00  INFO 2972 --- [restartedMain] com.zaxxer.hikari.pool.HikariPool        : HikariPool-1 - Added connection com.mysql.cj.jdbc.ConnectionImpl@4883017e
2024-07-16T13:28:53.175+07:00  INFO 2972 --- [restartedMain] com.zaxxer.hikari.HikariDataSource       : HikariPool-1 - Start completed.
2024-07-16T13:28:54.395+07:00  INFO 2972 --- [restartedMain] o.h.e.t.j.p.i.JtaPlatformInitiator       : HHH000489: No JTA platform available (set 'hibernate.transaction.jta.platform' to enable JTA platform integration)
2024-07-16T13:28:54.608+07:00  INFO 2972 --- [restartedMain] j.LocalContainerEntityManagerFactoryBean : Initialized JPA EntityManagerFactory for persistence unit 'default'
2024-07-16T13:28:54.810+07:00  INFO 2972 --- [restartedMain] o.s.d.j.r.query.QueryEnhancerFactory     : Hibernate is in classpath; If applicable, HQL parser will be used.
2024-07-16T13:28:55.681+07:00  WARN 2972 --- [restartedMain] JpaBaseConfiguration$JpaWebConfiguration : spring.jpa.open-in-view is enabled by default. Therefore, database queries may be performed during view rendering. Explicitly configure spring.jpa.open-in-view to disable this warning
2024-07-16T13:28:55.782+07:00  INFO 2972 --- [restartedMain] o.s.b.a.w.s.WelcomePageHandlerMapping    : Adding welcome page template: index
2024-07-16T13:28:56.271+07:00  INFO 2972 --- [restartedMain] o.s.s.web.DefaultSecurityFilterChain     : Will secure any request with [org.springframework.security.web.session.DisableEncodeUrlFilter@383375e4, org.springframework.security.web.context.request.async.WebAsyncManagerIntegrationFilter@556a4347, org.springframework.security.web.context.SecurityContextHolderFilter@40a68303, org.springframework.security.web.header.HeaderWriterFilter@64f297b2, org.springframework.web.filter.CorsFilter@18816d97, org.springframework.security.web.csrf.CsrfFilter@7302e831, org.springframework.security.web.authentication.logout.LogoutFilter@420c4f35, org.springframework.security.web.authentication.UsernamePasswordAuthenticationFilter@71209530, org.springframework.security.web.savedrequest.RequestCacheAwareFilter@fef6836, org.springframework.security.web.servletapi.SecurityContextHolderAwareRequestFilter@3bdd6aee, org.springframework.security.web.authentication.rememberme.RememberMeAuthenticationFilter@42f1eaef, org.springframework.security.web.authentication.AnonymousAuthenticationFilter@2a7f02cf, org.springframework.security.web.access.ExceptionTranslationFilter@6ac9cd13, org.springframework.security.web.access.intercept.AuthorizationFilter@782ee3fa]
2024-07-16T13:28:56.489+07:00  INFO 2972 --- [restartedMain] o.s.b.d.a.OptionalLiveReloadServer       : LiveReload server is running on port 35729
2024-07-16T13:28:56.533+07:00  INFO 2972 --- [restartedMain] o.s.b.w.embedded.tomcat.TomcatWebServer  : Tomcat started on port 8080 (http) with context path '/ShopmmtAdmin'
2024-07-16T13:28:56.542+07:00  INFO 2972 --- [restartedMain] c.s.admin.ShopmmtBackEndApplication      : Started ShopmmtBackEndApplication in 6.838 seconds (process running for 7.614)
2024-07-16T13:29:11.836+07:00  INFO 2972 --- [http-nio-8080-exec-1] o.a.c.c.C.[.[localhost].[/ShopmmtAdmin]  : Initializing Spring DispatcherServlet 'dispatcherServlet'
2024-07-16T13:29:11.837+07:00  INFO 2972 --- [http-nio-8080-exec-1] o.s.web.servlet.DispatcherServlet        : Initializing Servlet 'dispatcherServlet'
2024-07-16T13:29:11.839+07:00  INFO 2972 --- [http-nio-8080-exec-1] o.s.web.servlet.DispatcherServlet        : Completed initialization in 2 ms
2024-07-16T13:30:57.683+07:00  INFO 2972 --- [RMI TCP Connection(10)-127.0.0.1] inMXBeanRegistrar$SpringApplicationAdmin : Application shutdown requested.
2024-07-16T13:30:57.699+07:00  INFO 2972 --- [RMI TCP Connection(10)-127.0.0.1] j.LocalContainerEntityManagerFactoryBean : Closing JPA EntityManagerFactory for persistence unit 'default'
2024-07-16T13:30:57.701+07:00  INFO 2972 --- [RMI TCP Connection(10)-127.0.0.1] com.zaxxer.hikari.HikariDataSource       : HikariPool-1 - Shutdown initiated...
2024-07-16T13:30:57.708+07:00  INFO 2972 --- [RMI TCP Connection(10)-127.0.0.1] com.zaxxer.hikari.HikariDataSource       : HikariPool-1 - Shutdown completed.
