2024-06-16T18:11:36.140+07:00  INFO 11764 --- [RMI TCP Connection(11)-127.0.0.1] inMXBeanRegistrar$SpringApplicationAdmin : Application shutdown requested.
2024-06-16T18:11:36.157+07:00  INFO 11764 --- [RMI TCP Connection(11)-127.0.0.1] j.LocalContainerEntityManagerFactoryBean : Closing JPA EntityManagerFactory for persistence unit 'default'
2024-06-16T18:11:36.161+07:00  INFO 11764 --- [RMI TCP Connection(11)-127.0.0.1] com.zaxxer.hikari.HikariDataSource       : HikariPool-1 - Shutdown initiated...
2024-06-16T18:11:36.167+07:00  INFO 11764 --- [RMI TCP Connection(11)-127.0.0.1] com.zaxxer.hikari.HikariDataSource       : HikariPool-1 - Shutdown completed.
2024-06-16T18:17:28.512+07:00  INFO 12800 --- [restartedMain] c.s.admin.ShopmmtBackEndApplication      : Starting ShopmmtBackEndApplication using Java 17.0.10 with PID 12800 (D:\VanTan\DATN\SpringCode\ShopmmtProject\ShopmmtWebParent\ShopmmtBackEnd\target\classes started by Dell in D:\VanTan\DATN\SpringCode\ShopmmtProject\ShopmmtWebParent\ShopmmtBackEnd)
2024-06-16T18:17:28.516+07:00  INFO 12800 --- [restartedMain] c.s.admin.ShopmmtBackEndApplication      : No active profile set, falling back to 1 default profile: "default"
2024-06-16T18:17:28.557+07:00  INFO 12800 --- [restartedMain] .e.DevToolsPropertyDefaultsPostProcessor : Devtools property defaults active! Set 'spring.devtools.add-properties' to 'false' to disable
2024-06-16T18:17:28.557+07:00  INFO 12800 --- [restartedMain] .e.DevToolsPropertyDefaultsPostProcessor : For additional web related logging consider setting the 'logging.level.web' property to 'DEBUG'
2024-06-16T18:17:29.178+07:00  INFO 12800 --- [restartedMain] .s.d.r.c.RepositoryConfigurationDelegate : Bootstrapping Spring Data JPA repositories in DEFAULT mode.
2024-06-16T18:17:29.276+07:00  INFO 12800 --- [restartedMain] .s.d.r.c.RepositoryConfigurationDelegate : Finished Spring Data repository scanning in 88 ms. Found 11 JPA repository interfaces.
2024-06-16T18:17:29.794+07:00  INFO 12800 --- [restartedMain] o.s.b.w.embedded.tomcat.TomcatWebServer  : Tomcat initialized with port 8080 (http)
2024-06-16T18:17:29.807+07:00  INFO 12800 --- [restartedMain] o.apache.catalina.core.StandardService   : Starting service [Tomcat]
2024-06-16T18:17:29.807+07:00  INFO 12800 --- [restartedMain] o.apache.catalina.core.StandardEngine    : Starting Servlet engine: [Apache Tomcat/10.1.20]
2024-06-16T18:17:29.853+07:00  INFO 12800 --- [restartedMain] o.a.c.c.C.[.[localhost].[/ShopmmtAdmin]  : Initializing Spring embedded WebApplicationContext
2024-06-16T18:17:29.854+07:00  INFO 12800 --- [restartedMain] w.s.c.ServletWebServerApplicationContext : Root WebApplicationContext: initialization completed in 1296 ms
2024-06-16T18:17:29.924+07:00  WARN 12800 --- [restartedMain] o.a.c.c.C.[.[localhost].[/ShopmmtAdmin]  : Cannot deserialize session attribute [SPRING_SECURITY_CONTEXT] for session [A9456F155BE1573A0EE9855C6173DAB0]
2024-06-16T18:17:30.032+07:00  INFO 12800 --- [restartedMain] o.hibernate.jpa.internal.util.LogHelper  : HHH000204: Processing PersistenceUnitInfo [name: default]
2024-06-16T18:17:30.081+07:00  INFO 12800 --- [restartedMain] org.hibernate.Version                    : HHH000412: Hibernate ORM core version 6.4.4.Final
2024-06-16T18:17:30.113+07:00  INFO 12800 --- [restartedMain] o.h.c.internal.RegionFactoryInitiator    : HHH000026: Second-level cache disabled
2024-06-16T18:17:30.306+07:00  INFO 12800 --- [restartedMain] o.s.o.j.p.SpringPersistenceUnitInfo      : No LoadTimeWeaver setup: ignoring JPA class transformer
2024-06-16T18:17:30.352+07:00  INFO 12800 --- [restartedMain] com.zaxxer.hikari.HikariDataSource       : HikariPool-1 - Starting...
2024-06-16T18:17:30.618+07:00  INFO 12800 --- [restartedMain] com.zaxxer.hikari.pool.HikariPool        : HikariPool-1 - Added connection com.mysql.cj.jdbc.ConnectionImpl@102ab8aa
2024-06-16T18:17:30.620+07:00  INFO 12800 --- [restartedMain] com.zaxxer.hikari.HikariDataSource       : HikariPool-1 - Start completed.
2024-06-16T18:17:31.834+07:00  INFO 12800 --- [restartedMain] o.h.e.t.j.p.i.JtaPlatformInitiator       : HHH000489: No JTA platform available (set 'hibernate.transaction.jta.platform' to enable JTA platform integration)
2024-06-16T18:17:32.001+07:00  INFO 12800 --- [restartedMain] j.LocalContainerEntityManagerFactoryBean : Initialized JPA EntityManagerFactory for persistence unit 'default'
2024-06-16T18:17:32.200+07:00  INFO 12800 --- [restartedMain] o.s.d.j.r.query.QueryEnhancerFactory     : Hibernate is in classpath; If applicable, HQL parser will be used.
2024-06-16T18:17:32.994+07:00  WARN 12800 --- [restartedMain] JpaBaseConfiguration$JpaWebConfiguration : spring.jpa.open-in-view is enabled by default. Therefore, database queries may be performed during view rendering. Explicitly configure spring.jpa.open-in-view to disable this warning
2024-06-16T18:17:33.083+07:00  INFO 12800 --- [restartedMain] o.s.b.a.w.s.WelcomePageHandlerMapping    : Adding welcome page template: index
2024-06-16T18:17:33.545+07:00  INFO 12800 --- [restartedMain] o.s.s.web.DefaultSecurityFilterChain     : Will secure any request with [org.springframework.security.web.session.DisableEncodeUrlFilter@e62a032, org.springframework.security.web.context.request.async.WebAsyncManagerIntegrationFilter@2d4b4a7b, org.springframework.security.web.context.SecurityContextHolderFilter@16324fe7, org.springframework.security.web.header.HeaderWriterFilter@46646ded, org.springframework.web.filter.CorsFilter@2fd91849, org.springframework.security.web.csrf.CsrfFilter@15c34b38, org.springframework.security.web.authentication.logout.LogoutFilter@1d367caa, org.springframework.security.web.authentication.UsernamePasswordAuthenticationFilter@8a4fc76, org.springframework.security.web.savedrequest.RequestCacheAwareFilter@6bb810f6, org.springframework.security.web.servletapi.SecurityContextHolderAwareRequestFilter@fdae3c4, org.springframework.security.web.authentication.rememberme.RememberMeAuthenticationFilter@772ea7dc, org.springframework.security.web.authentication.AnonymousAuthenticationFilter@5bde997c, org.springframework.security.web.access.ExceptionTranslationFilter@5984a90f, org.springframework.security.web.access.intercept.AuthorizationFilter@7cd544f4]
2024-06-16T18:17:33.773+07:00  INFO 12800 --- [restartedMain] o.s.b.d.a.OptionalLiveReloadServer       : LiveReload server is running on port 35729
2024-06-16T18:17:33.811+07:00  INFO 12800 --- [restartedMain] o.s.b.w.embedded.tomcat.TomcatWebServer  : Tomcat started on port 8080 (http) with context path '/ShopmmtAdmin'
2024-06-16T18:17:33.821+07:00  INFO 12800 --- [restartedMain] c.s.admin.ShopmmtBackEndApplication      : Started ShopmmtBackEndApplication in 5.654 seconds (process running for 6.334)
2024-06-16T18:17:37.836+07:00  INFO 12800 --- [http-nio-8080-exec-1] o.a.c.c.C.[.[localhost].[/ShopmmtAdmin]  : Initializing Spring DispatcherServlet 'dispatcherServlet'
2024-06-16T18:17:37.836+07:00  INFO 12800 --- [http-nio-8080-exec-1] o.s.web.servlet.DispatcherServlet        : Initializing Servlet 'dispatcherServlet'
2024-06-16T18:17:37.838+07:00  INFO 12800 --- [http-nio-8080-exec-1] o.s.web.servlet.DispatcherServlet        : Completed initialization in 1 ms
2024-06-16T18:35:05.635+07:00  INFO 12800 --- [RMI TCP Connection(27)-127.0.0.1] inMXBeanRegistrar$SpringApplicationAdmin : Application shutdown requested.
2024-06-16T18:35:05.654+07:00  INFO 12800 --- [RMI TCP Connection(27)-127.0.0.1] j.LocalContainerEntityManagerFactoryBean : Closing JPA EntityManagerFactory for persistence unit 'default'
2024-06-16T18:35:05.658+07:00  INFO 12800 --- [RMI TCP Connection(27)-127.0.0.1] com.zaxxer.hikari.HikariDataSource       : HikariPool-1 - Shutdown initiated...
2024-06-16T18:35:05.664+07:00  INFO 12800 --- [RMI TCP Connection(27)-127.0.0.1] com.zaxxer.hikari.HikariDataSource       : HikariPool-1 - Shutdown completed.
2024-06-16T18:35:08.095+07:00  INFO 11428 --- [restartedMain] c.s.admin.ShopmmtBackEndApplication      : Starting ShopmmtBackEndApplication using Java 17.0.10 with PID 11428 (D:\VanTan\DATN\SpringCode\ShopmmtProject\ShopmmtWebParent\ShopmmtBackEnd\target\classes started by Dell in D:\VanTan\DATN\SpringCode\ShopmmtProject\ShopmmtWebParent\ShopmmtBackEnd)
2024-06-16T18:35:08.097+07:00  INFO 11428 --- [restartedMain] c.s.admin.ShopmmtBackEndApplication      : No active profile set, falling back to 1 default profile: "default"
2024-06-16T18:35:08.138+07:00  INFO 11428 --- [restartedMain] .e.DevToolsPropertyDefaultsPostProcessor : Devtools property defaults active! Set 'spring.devtools.add-properties' to 'false' to disable
2024-06-16T18:35:08.138+07:00  INFO 11428 --- [restartedMain] .e.DevToolsPropertyDefaultsPostProcessor : For additional web related logging consider setting the 'logging.level.web' property to 'DEBUG'
2024-06-16T18:35:08.786+07:00  INFO 11428 --- [restartedMain] .s.d.r.c.RepositoryConfigurationDelegate : Bootstrapping Spring Data JPA repositories in DEFAULT mode.
2024-06-16T18:35:08.885+07:00  INFO 11428 --- [restartedMain] .s.d.r.c.RepositoryConfigurationDelegate : Finished Spring Data repository scanning in 87 ms. Found 11 JPA repository interfaces.
2024-06-16T18:35:09.398+07:00  INFO 11428 --- [restartedMain] o.s.b.w.embedded.tomcat.TomcatWebServer  : Tomcat initialized with port 8080 (http)
2024-06-16T18:35:09.417+07:00  INFO 11428 --- [restartedMain] o.apache.catalina.core.StandardService   : Starting service [Tomcat]
2024-06-16T18:35:09.417+07:00  INFO 11428 --- [restartedMain] o.apache.catalina.core.StandardEngine    : Starting Servlet engine: [Apache Tomcat/10.1.20]
2024-06-16T18:35:09.471+07:00  INFO 11428 --- [restartedMain] o.a.c.c.C.[.[localhost].[/ShopmmtAdmin]  : Initializing Spring embedded WebApplicationContext
2024-06-16T18:35:09.472+07:00  INFO 11428 --- [restartedMain] w.s.c.ServletWebServerApplicationContext : Root WebApplicationContext: initialization completed in 1334 ms
2024-06-16T18:35:09.537+07:00  WARN 11428 --- [restartedMain] o.a.c.c.C.[.[localhost].[/ShopmmtAdmin]  : Cannot deserialize session attribute [SPRING_SECURITY_CONTEXT] for session [A9456F155BE1573A0EE9855C6173DAB0]
2024-06-16T18:35:09.640+07:00  INFO 11428 --- [restartedMain] o.hibernate.jpa.internal.util.LogHelper  : HHH000204: Processing PersistenceUnitInfo [name: default]
2024-06-16T18:35:09.703+07:00  INFO 11428 --- [restartedMain] org.hibernate.Version                    : HHH000412: Hibernate ORM core version 6.4.4.Final
2024-06-16T18:35:09.733+07:00  INFO 11428 --- [restartedMain] o.h.c.internal.RegionFactoryInitiator    : HHH000026: Second-level cache disabled
2024-06-16T18:35:09.934+07:00  INFO 11428 --- [restartedMain] o.s.o.j.p.SpringPersistenceUnitInfo      : No LoadTimeWeaver setup: ignoring JPA class transformer
2024-06-16T18:35:09.965+07:00  INFO 11428 --- [restartedMain] com.zaxxer.hikari.HikariDataSource       : HikariPool-1 - Starting...
2024-06-16T18:35:10.236+07:00  INFO 11428 --- [restartedMain] com.zaxxer.hikari.pool.HikariPool        : HikariPool-1 - Added connection com.mysql.cj.jdbc.ConnectionImpl@d88f9f
2024-06-16T18:35:10.238+07:00  INFO 11428 --- [restartedMain] com.zaxxer.hikari.HikariDataSource       : HikariPool-1 - Start completed.
2024-06-16T18:35:11.434+07:00  INFO 11428 --- [restartedMain] o.h.e.t.j.p.i.JtaPlatformInitiator       : HHH000489: No JTA platform available (set 'hibernate.transaction.jta.platform' to enable JTA platform integration)
2024-06-16T18:35:11.610+07:00  INFO 11428 --- [restartedMain] j.LocalContainerEntityManagerFactoryBean : Initialized JPA EntityManagerFactory for persistence unit 'default'
2024-06-16T18:35:11.802+07:00  INFO 11428 --- [restartedMain] o.s.d.j.r.query.QueryEnhancerFactory     : Hibernate is in classpath; If applicable, HQL parser will be used.
2024-06-16T18:35:12.550+07:00  WARN 11428 --- [restartedMain] JpaBaseConfiguration$JpaWebConfiguration : spring.jpa.open-in-view is enabled by default. Therefore, database queries may be performed during view rendering. Explicitly configure spring.jpa.open-in-view to disable this warning
2024-06-16T18:35:12.635+07:00  INFO 11428 --- [restartedMain] o.s.b.a.w.s.WelcomePageHandlerMapping    : Adding welcome page template: index
2024-06-16T18:35:13.120+07:00  INFO 11428 --- [restartedMain] o.s.s.web.DefaultSecurityFilterChain     : Will secure any request with [org.springframework.security.web.session.DisableEncodeUrlFilter@1d76b559, org.springframework.security.web.context.request.async.WebAsyncManagerIntegrationFilter@642b5635, org.springframework.security.web.context.SecurityContextHolderFilter@2ebfa21a, org.springframework.security.web.header.HeaderWriterFilter@aa40784, org.springframework.web.filter.CorsFilter@7ecde709, org.springframework.security.web.csrf.CsrfFilter@6460ff19, org.springframework.security.web.authentication.logout.LogoutFilter@5807903d, org.springframework.security.web.authentication.UsernamePasswordAuthenticationFilter@411b2776, org.springframework.security.web.savedrequest.RequestCacheAwareFilter@15c34b38, org.springframework.security.web.servletapi.SecurityContextHolderAwareRequestFilter@427b8ad9, org.springframework.security.web.authentication.rememberme.RememberMeAuthenticationFilter@27311e8, org.springframework.security.web.authentication.AnonymousAuthenticationFilter@be6bc5b, org.springframework.security.web.access.ExceptionTranslationFilter@112faed7, org.springframework.security.web.access.intercept.AuthorizationFilter@31f6d99e]
2024-06-16T18:35:13.333+07:00  INFO 11428 --- [restartedMain] o.s.b.d.a.OptionalLiveReloadServer       : LiveReload server is running on port 35729
2024-06-16T18:35:13.374+07:00  INFO 11428 --- [restartedMain] o.s.b.w.embedded.tomcat.TomcatWebServer  : Tomcat started on port 8080 (http) with context path '/ShopmmtAdmin'
2024-06-16T18:35:13.383+07:00  INFO 11428 --- [restartedMain] c.s.admin.ShopmmtBackEndApplication      : Started ShopmmtBackEndApplication in 5.648 seconds (process running for 6.348)
2024-06-16T18:35:19.544+07:00  INFO 11428 --- [http-nio-8080-exec-1] o.a.c.c.C.[.[localhost].[/ShopmmtAdmin]  : Initializing Spring DispatcherServlet 'dispatcherServlet'
2024-06-16T18:35:19.544+07:00  INFO 11428 --- [http-nio-8080-exec-1] o.s.web.servlet.DispatcherServlet        : Initializing Servlet 'dispatcherServlet'
2024-06-16T18:35:19.547+07:00  INFO 11428 --- [http-nio-8080-exec-1] o.s.web.servlet.DispatcherServlet        : Completed initialization in 2 ms
2024-06-16T19:02:20.245+07:00  INFO 11428 --- [RMI TCP Connection(36)-127.0.0.1] inMXBeanRegistrar$SpringApplicationAdmin : Application shutdown requested.
2024-06-16T19:02:20.263+07:00  INFO 11428 --- [RMI TCP Connection(36)-127.0.0.1] j.LocalContainerEntityManagerFactoryBean : Closing JPA EntityManagerFactory for persistence unit 'default'
2024-06-16T19:02:20.266+07:00  INFO 11428 --- [RMI TCP Connection(36)-127.0.0.1] com.zaxxer.hikari.HikariDataSource       : HikariPool-1 - Shutdown initiated...
2024-06-16T19:02:20.272+07:00  INFO 11428 --- [RMI TCP Connection(36)-127.0.0.1] com.zaxxer.hikari.HikariDataSource       : HikariPool-1 - Shutdown completed.
2024-06-16T20:47:25.293+07:00  INFO 1364 --- [restartedMain] c.s.admin.ShopmmtBackEndApplication      : Starting ShopmmtBackEndApplication using Java 17.0.10 with PID 1364 (D:\VanTan\DATN\SpringCode\ShopmmtProject\ShopmmtWebParent\ShopmmtBackEnd\target\classes started by Dell in D:\VanTan\DATN\SpringCode\ShopmmtProject\ShopmmtWebParent\ShopmmtBackEnd)
2024-06-16T20:47:25.295+07:00  INFO 1364 --- [restartedMain] c.s.admin.ShopmmtBackEndApplication      : No active profile set, falling back to 1 default profile: "default"
2024-06-16T20:47:25.340+07:00  INFO 1364 --- [restartedMain] .e.DevToolsPropertyDefaultsPostProcessor : Devtools property defaults active! Set 'spring.devtools.add-properties' to 'false' to disable
2024-06-16T20:47:25.340+07:00  INFO 1364 --- [restartedMain] .e.DevToolsPropertyDefaultsPostProcessor : For additional web related logging consider setting the 'logging.level.web' property to 'DEBUG'
2024-06-16T20:47:25.997+07:00  INFO 1364 --- [restartedMain] .s.d.r.c.RepositoryConfigurationDelegate : Bootstrapping Spring Data JPA repositories in DEFAULT mode.
2024-06-16T20:47:26.095+07:00  INFO 1364 --- [restartedMain] .s.d.r.c.RepositoryConfigurationDelegate : Finished Spring Data repository scanning in 85 ms. Found 11 JPA repository interfaces.
2024-06-16T20:47:26.637+07:00  INFO 1364 --- [restartedMain] o.s.b.w.embedded.tomcat.TomcatWebServer  : Tomcat initialized with port 8080 (http)
2024-06-16T20:47:26.656+07:00  INFO 1364 --- [restartedMain] o.apache.catalina.core.StandardService   : Starting service [Tomcat]
2024-06-16T20:47:26.657+07:00  INFO 1364 --- [restartedMain] o.apache.catalina.core.StandardEngine    : Starting Servlet engine: [Apache Tomcat/10.1.20]
2024-06-16T20:47:26.708+07:00  INFO 1364 --- [restartedMain] o.a.c.c.C.[.[localhost].[/ShopmmtAdmin]  : Initializing Spring embedded WebApplicationContext
2024-06-16T20:47:26.709+07:00  INFO 1364 --- [restartedMain] w.s.c.ServletWebServerApplicationContext : Root WebApplicationContext: initialization completed in 1368 ms
2024-06-16T20:47:26.791+07:00  WARN 1364 --- [restartedMain] o.a.c.c.C.[.[localhost].[/ShopmmtAdmin]  : Cannot deserialize session attribute [SPRING_SECURITY_CONTEXT] for session [A9456F155BE1573A0EE9855C6173DAB0]
2024-06-16T20:47:26.896+07:00  INFO 1364 --- [restartedMain] o.hibernate.jpa.internal.util.LogHelper  : HHH000204: Processing PersistenceUnitInfo [name: default]
2024-06-16T20:47:26.949+07:00  INFO 1364 --- [restartedMain] org.hibernate.Version                    : HHH000412: Hibernate ORM core version 6.4.4.Final
2024-06-16T20:47:26.983+07:00  INFO 1364 --- [restartedMain] o.h.c.internal.RegionFactoryInitiator    : HHH000026: Second-level cache disabled
2024-06-16T20:47:27.187+07:00  INFO 1364 --- [restartedMain] o.s.o.j.p.SpringPersistenceUnitInfo      : No LoadTimeWeaver setup: ignoring JPA class transformer
2024-06-16T20:47:27.220+07:00  INFO 1364 --- [restartedMain] com.zaxxer.hikari.HikariDataSource       : HikariPool-1 - Starting...
2024-06-16T20:47:27.490+07:00  INFO 1364 --- [restartedMain] com.zaxxer.hikari.pool.HikariPool        : HikariPool-1 - Added connection com.mysql.cj.jdbc.ConnectionImpl@26f805b8
2024-06-16T20:47:27.492+07:00  INFO 1364 --- [restartedMain] com.zaxxer.hikari.HikariDataSource       : HikariPool-1 - Start completed.
2024-06-16T20:47:28.685+07:00  INFO 1364 --- [restartedMain] o.h.e.t.j.p.i.JtaPlatformInitiator       : HHH000489: No JTA platform available (set 'hibernate.transaction.jta.platform' to enable JTA platform integration)
2024-06-16T20:47:28.841+07:00  INFO 1364 --- [restartedMain] j.LocalContainerEntityManagerFactoryBean : Initialized JPA EntityManagerFactory for persistence unit 'default'
2024-06-16T20:47:29.044+07:00  INFO 1364 --- [restartedMain] o.s.d.j.r.query.QueryEnhancerFactory     : Hibernate is in classpath; If applicable, HQL parser will be used.
2024-06-16T20:47:29.808+07:00  WARN 1364 --- [restartedMain] JpaBaseConfiguration$JpaWebConfiguration : spring.jpa.open-in-view is enabled by default. Therefore, database queries may be performed during view rendering. Explicitly configure spring.jpa.open-in-view to disable this warning
2024-06-16T20:47:29.890+07:00  INFO 1364 --- [restartedMain] o.s.b.a.w.s.WelcomePageHandlerMapping    : Adding welcome page template: index
2024-06-16T20:47:30.338+07:00  INFO 1364 --- [restartedMain] o.s.s.web.DefaultSecurityFilterChain     : Will secure any request with [org.springframework.security.web.session.DisableEncodeUrlFilter@51ed8784, org.springframework.security.web.context.request.async.WebAsyncManagerIntegrationFilter@207e4307, org.springframework.security.web.context.SecurityContextHolderFilter@3dbef9da, org.springframework.security.web.header.HeaderWriterFilter@1c224cc7, org.springframework.web.filter.CorsFilter@1e4d40ac, org.springframework.security.web.csrf.CsrfFilter@12ce2479, org.springframework.security.web.authentication.logout.LogoutFilter@de1180c, org.springframework.security.web.authentication.UsernamePasswordAuthenticationFilter@213241ad, org.springframework.security.web.savedrequest.RequestCacheAwareFilter@8deaf29, org.springframework.security.web.servletapi.SecurityContextHolderAwareRequestFilter@2a7b684b, org.springframework.security.web.authentication.rememberme.RememberMeAuthenticationFilter@7958eabe, org.springframework.security.web.authentication.AnonymousAuthenticationFilter@7028b554, org.springframework.security.web.access.ExceptionTranslationFilter@354d9f84, org.springframework.security.web.access.intercept.AuthorizationFilter@9b24213]
2024-06-16T20:47:30.555+07:00  INFO 1364 --- [restartedMain] o.s.b.d.a.OptionalLiveReloadServer       : LiveReload server is running on port 35729
2024-06-16T20:47:30.594+07:00  INFO 1364 --- [restartedMain] o.s.b.w.embedded.tomcat.TomcatWebServer  : Tomcat started on port 8080 (http) with context path '/ShopmmtAdmin'
2024-06-16T20:47:30.603+07:00  INFO 1364 --- [restartedMain] c.s.admin.ShopmmtBackEndApplication      : Started ShopmmtBackEndApplication in 5.667 seconds (process running for 6.402)
2024-06-16T20:47:37.345+07:00  INFO 1364 --- [http-nio-8080-exec-1] o.a.c.c.C.[.[localhost].[/ShopmmtAdmin]  : Initializing Spring DispatcherServlet 'dispatcherServlet'
2024-06-16T20:47:37.345+07:00  INFO 1364 --- [http-nio-8080-exec-1] o.s.web.servlet.DispatcherServlet        : Initializing Servlet 'dispatcherServlet'
2024-06-16T20:47:37.348+07:00  INFO 1364 --- [http-nio-8080-exec-1] o.s.web.servlet.DispatcherServlet        : Completed initialization in 3 ms
2024-06-16T21:29:51.764+07:00  INFO 1364 --- [RMI TCP Connection(52)-127.0.0.1] inMXBeanRegistrar$SpringApplicationAdmin : Application shutdown requested.
2024-06-16T21:29:51.785+07:00  INFO 1364 --- [RMI TCP Connection(52)-127.0.0.1] j.LocalContainerEntityManagerFactoryBean : Closing JPA EntityManagerFactory for persistence unit 'default'
2024-06-16T21:29:51.787+07:00  INFO 1364 --- [RMI TCP Connection(52)-127.0.0.1] com.zaxxer.hikari.HikariDataSource       : HikariPool-1 - Shutdown initiated...
2024-06-16T21:29:51.791+07:00  INFO 1364 --- [RMI TCP Connection(52)-127.0.0.1] com.zaxxer.hikari.HikariDataSource       : HikariPool-1 - Shutdown completed.
2024-06-17T09:38:44.854+07:00  INFO 16736 --- [restartedMain] c.s.admin.ShopmmtBackEndApplication      : Starting ShopmmtBackEndApplication using Java 17.0.10 with PID 16736 (D:\VanTan\DATN\SpringCode\ShopmmtProject\ShopmmtWebParent\ShopmmtBackEnd\target\classes started by Dell in D:\VanTan\DATN\SpringCode\ShopmmtProject\ShopmmtWebParent\ShopmmtBackEnd)
2024-06-17T09:38:44.863+07:00  INFO 16736 --- [restartedMain] c.s.admin.ShopmmtBackEndApplication      : No active profile set, falling back to 1 default profile: "default"
2024-06-17T09:38:44.903+07:00  INFO 16736 --- [restartedMain] .e.DevToolsPropertyDefaultsPostProcessor : Devtools property defaults active! Set 'spring.devtools.add-properties' to 'false' to disable
2024-06-17T09:38:44.903+07:00  INFO 16736 --- [restartedMain] .e.DevToolsPropertyDefaultsPostProcessor : For additional web related logging consider setting the 'logging.level.web' property to 'DEBUG'
2024-06-17T09:38:46.333+07:00  INFO 16736 --- [restartedMain] .s.d.r.c.RepositoryConfigurationDelegate : Bootstrapping Spring Data JPA repositories in DEFAULT mode.
2024-06-17T09:38:46.434+07:00  INFO 16736 --- [restartedMain] .s.d.r.c.RepositoryConfigurationDelegate : Finished Spring Data repository scanning in 89 ms. Found 11 JPA repository interfaces.
2024-06-17T09:38:47.010+07:00  INFO 16736 --- [restartedMain] o.s.b.w.embedded.tomcat.TomcatWebServer  : Tomcat initialized with port 8080 (http)
2024-06-17T09:38:47.023+07:00  INFO 16736 --- [restartedMain] o.apache.catalina.core.StandardService   : Starting service [Tomcat]
2024-06-17T09:38:47.024+07:00  INFO 16736 --- [restartedMain] o.apache.catalina.core.StandardEngine    : Starting Servlet engine: [Apache Tomcat/10.1.20]
2024-06-17T09:38:47.086+07:00  INFO 16736 --- [restartedMain] o.a.c.c.C.[.[localhost].[/ShopmmtAdmin]  : Initializing Spring embedded WebApplicationContext
2024-06-17T09:38:47.087+07:00  INFO 16736 --- [restartedMain] w.s.c.ServletWebServerApplicationContext : Root WebApplicationContext: initialization completed in 2183 ms
2024-06-17T09:38:47.168+07:00  WARN 16736 --- [restartedMain] o.a.c.c.C.[.[localhost].[/ShopmmtAdmin]  : Cannot deserialize session attribute [SPRING_SECURITY_CONTEXT] for session [C09E73E51A6E669BD46D24D4BDF28644]
2024-06-17T09:38:47.275+07:00  INFO 16736 --- [restartedMain] o.hibernate.jpa.internal.util.LogHelper  : HHH000204: Processing PersistenceUnitInfo [name: default]
2024-06-17T09:38:47.323+07:00  INFO 16736 --- [restartedMain] org.hibernate.Version                    : HHH000412: Hibernate ORM core version 6.4.4.Final
2024-06-17T09:38:47.355+07:00  INFO 16736 --- [restartedMain] o.h.c.internal.RegionFactoryInitiator    : HHH000026: Second-level cache disabled
2024-06-17T09:38:47.577+07:00  INFO 16736 --- [restartedMain] o.s.o.j.p.SpringPersistenceUnitInfo      : No LoadTimeWeaver setup: ignoring JPA class transformer
2024-06-17T09:38:47.605+07:00  INFO 16736 --- [restartedMain] com.zaxxer.hikari.HikariDataSource       : HikariPool-1 - Starting...
2024-06-17T09:38:47.854+07:00  INFO 16736 --- [restartedMain] com.zaxxer.hikari.pool.HikariPool        : HikariPool-1 - Added connection com.mysql.cj.jdbc.ConnectionImpl@244e10a8
2024-06-17T09:38:47.856+07:00  INFO 16736 --- [restartedMain] com.zaxxer.hikari.HikariDataSource       : HikariPool-1 - Start completed.
2024-06-17T09:38:49.048+07:00  INFO 16736 --- [restartedMain] o.h.e.t.j.p.i.JtaPlatformInitiator       : HHH000489: No JTA platform available (set 'hibernate.transaction.jta.platform' to enable JTA platform integration)
2024-06-17T09:38:49.215+07:00  INFO 16736 --- [restartedMain] j.LocalContainerEntityManagerFactoryBean : Initialized JPA EntityManagerFactory for persistence unit 'default'
2024-06-17T09:38:49.406+07:00  INFO 16736 --- [restartedMain] o.s.d.j.r.query.QueryEnhancerFactory     : Hibernate is in classpath; If applicable, HQL parser will be used.
2024-06-17T09:38:50.170+07:00  WARN 16736 --- [restartedMain] JpaBaseConfiguration$JpaWebConfiguration : spring.jpa.open-in-view is enabled by default. Therefore, database queries may be performed during view rendering. Explicitly configure spring.jpa.open-in-view to disable this warning
2024-06-17T09:38:50.271+07:00  INFO 16736 --- [restartedMain] o.s.b.a.w.s.WelcomePageHandlerMapping    : Adding welcome page template: index
2024-06-17T09:38:50.735+07:00  INFO 16736 --- [restartedMain] o.s.s.web.DefaultSecurityFilterChain     : Will secure any request with [org.springframework.security.web.session.DisableEncodeUrlFilter@32b6c4c3, org.springframework.security.web.context.request.async.WebAsyncManagerIntegrationFilter@420ea626, org.springframework.security.web.context.SecurityContextHolderFilter@609217b7, org.springframework.security.web.header.HeaderWriterFilter@6c039402, org.springframework.web.filter.CorsFilter@ec9a93e, org.springframework.security.web.csrf.CsrfFilter@3402b51b, org.springframework.security.web.authentication.logout.LogoutFilter@62d5d17c, org.springframework.security.web.authentication.UsernamePasswordAuthenticationFilter@c5235aa, org.springframework.security.web.savedrequest.RequestCacheAwareFilter@5522deae, org.springframework.security.web.servletapi.SecurityContextHolderAwareRequestFilter@c344d86, org.springframework.security.web.authentication.rememberme.RememberMeAuthenticationFilter@129a455, org.springframework.security.web.authentication.AnonymousAuthenticationFilter@34fc8ea, org.springframework.security.web.access.ExceptionTranslationFilter@7da5ebd8, org.springframework.security.web.access.intercept.AuthorizationFilter@1d367caa]
2024-06-17T09:38:50.989+07:00  INFO 16736 --- [restartedMain] o.s.b.d.a.OptionalLiveReloadServer       : LiveReload server is running on port 35729
2024-06-17T09:38:51.025+07:00  INFO 16736 --- [restartedMain] o.s.b.w.embedded.tomcat.TomcatWebServer  : Tomcat started on port 8080 (http) with context path '/ShopmmtAdmin'
2024-06-17T09:38:51.034+07:00  INFO 16736 --- [restartedMain] c.s.admin.ShopmmtBackEndApplication      : Started ShopmmtBackEndApplication in 6.536 seconds (process running for 7.355)
2024-06-17T09:39:14.998+07:00  INFO 16736 --- [http-nio-8080-exec-1] o.a.c.c.C.[.[localhost].[/ShopmmtAdmin]  : Initializing Spring DispatcherServlet 'dispatcherServlet'
2024-06-17T09:39:14.999+07:00  INFO 16736 --- [http-nio-8080-exec-1] o.s.web.servlet.DispatcherServlet        : Initializing Servlet 'dispatcherServlet'
2024-06-17T09:39:15.001+07:00  INFO 16736 --- [http-nio-8080-exec-1] o.s.web.servlet.DispatcherServlet        : Completed initialization in 2 ms
2024-06-17T09:40:41.788+07:00  INFO 16736 --- [RMI TCP Connection(11)-127.0.0.1] inMXBeanRegistrar$SpringApplicationAdmin : Application shutdown requested.
2024-06-17T09:40:41.808+07:00  INFO 16736 --- [RMI TCP Connection(11)-127.0.0.1] j.LocalContainerEntityManagerFactoryBean : Closing JPA EntityManagerFactory for persistence unit 'default'
2024-06-17T09:40:41.811+07:00  INFO 16736 --- [RMI TCP Connection(11)-127.0.0.1] com.zaxxer.hikari.HikariDataSource       : HikariPool-1 - Shutdown initiated...
2024-06-17T09:40:41.821+07:00  INFO 16736 --- [RMI TCP Connection(11)-127.0.0.1] com.zaxxer.hikari.HikariDataSource       : HikariPool-1 - Shutdown completed.
2024-06-17T13:03:17.889+07:00  INFO 7792 --- [restartedMain] c.s.admin.ShopmmtBackEndApplication      : Starting ShopmmtBackEndApplication using Java 17.0.10 with PID 7792 (D:\VanTan\DATN\SpringCode\ShopmmtProject\ShopmmtWebParent\ShopmmtBackEnd\target\classes started by Dell in D:\VanTan\DATN\SpringCode\ShopmmtProject\ShopmmtWebParent\ShopmmtBackEnd)
2024-06-17T13:03:17.891+07:00  INFO 7792 --- [restartedMain] c.s.admin.ShopmmtBackEndApplication      : No active profile set, falling back to 1 default profile: "default"
2024-06-17T13:03:17.933+07:00  INFO 7792 --- [restartedMain] .e.DevToolsPropertyDefaultsPostProcessor : Devtools property defaults active! Set 'spring.devtools.add-properties' to 'false' to disable
2024-06-17T13:03:17.933+07:00  INFO 7792 --- [restartedMain] .e.DevToolsPropertyDefaultsPostProcessor : For additional web related logging consider setting the 'logging.level.web' property to 'DEBUG'
2024-06-17T13:03:19.311+07:00  INFO 7792 --- [restartedMain] .s.d.r.c.RepositoryConfigurationDelegate : Bootstrapping Spring Data JPA repositories in DEFAULT mode.
2024-06-17T13:03:19.417+07:00  INFO 7792 --- [restartedMain] .s.d.r.c.RepositoryConfigurationDelegate : Finished Spring Data repository scanning in 97 ms. Found 11 JPA repository interfaces.
2024-06-17T13:03:20.034+07:00  INFO 7792 --- [restartedMain] o.s.b.w.embedded.tomcat.TomcatWebServer  : Tomcat initialized with port 8080 (http)
2024-06-17T13:03:20.049+07:00  INFO 7792 --- [restartedMain] o.apache.catalina.core.StandardService   : Starting service [Tomcat]
2024-06-17T13:03:20.050+07:00  INFO 7792 --- [restartedMain] o.apache.catalina.core.StandardEngine    : Starting Servlet engine: [Apache Tomcat/10.1.20]
2024-06-17T13:03:20.114+07:00  INFO 7792 --- [restartedMain] o.a.c.c.C.[.[localhost].[/ShopmmtAdmin]  : Initializing Spring embedded WebApplicationContext
2024-06-17T13:03:20.115+07:00  INFO 7792 --- [restartedMain] w.s.c.ServletWebServerApplicationContext : Root WebApplicationContext: initialization completed in 2182 ms
2024-06-17T13:03:20.188+07:00  WARN 7792 --- [restartedMain] o.a.c.c.C.[.[localhost].[/ShopmmtAdmin]  : Cannot deserialize session attribute [SPRING_SECURITY_CONTEXT] for session [5F801971FAAFDBE119FB4C9291D00770]
2024-06-17T13:03:20.307+07:00  INFO 7792 --- [restartedMain] o.hibernate.jpa.internal.util.LogHelper  : HHH000204: Processing PersistenceUnitInfo [name: default]
2024-06-17T13:03:20.390+07:00  INFO 7792 --- [restartedMain] org.hibernate.Version                    : HHH000412: Hibernate ORM core version 6.4.4.Final
2024-06-17T13:03:20.434+07:00  INFO 7792 --- [restartedMain] o.h.c.internal.RegionFactoryInitiator    : HHH000026: Second-level cache disabled
2024-06-17T13:03:20.690+07:00  INFO 7792 --- [restartedMain] o.s.o.j.p.SpringPersistenceUnitInfo      : No LoadTimeWeaver setup: ignoring JPA class transformer
2024-06-17T13:03:20.718+07:00  INFO 7792 --- [restartedMain] com.zaxxer.hikari.HikariDataSource       : HikariPool-1 - Starting...
2024-06-17T13:03:20.988+07:00  INFO 7792 --- [restartedMain] com.zaxxer.hikari.pool.HikariPool        : HikariPool-1 - Added connection com.mysql.cj.jdbc.ConnectionImpl@26f805b8
2024-06-17T13:03:20.991+07:00  INFO 7792 --- [restartedMain] com.zaxxer.hikari.HikariDataSource       : HikariPool-1 - Start completed.
2024-06-17T13:03:22.222+07:00  INFO 7792 --- [restartedMain] o.h.e.t.j.p.i.JtaPlatformInitiator       : HHH000489: No JTA platform available (set 'hibernate.transaction.jta.platform' to enable JTA platform integration)
2024-06-17T13:03:22.382+07:00  INFO 7792 --- [restartedMain] j.LocalContainerEntityManagerFactoryBean : Initialized JPA EntityManagerFactory for persistence unit 'default'
2024-06-17T13:03:22.583+07:00  INFO 7792 --- [restartedMain] o.s.d.j.r.query.QueryEnhancerFactory     : Hibernate is in classpath; If applicable, HQL parser will be used.
2024-06-17T13:03:23.470+07:00  WARN 7792 --- [restartedMain] JpaBaseConfiguration$JpaWebConfiguration : spring.jpa.open-in-view is enabled by default. Therefore, database queries may be performed during view rendering. Explicitly configure spring.jpa.open-in-view to disable this warning
2024-06-17T13:03:23.560+07:00  INFO 7792 --- [restartedMain] o.s.b.a.w.s.WelcomePageHandlerMapping    : Adding welcome page template: index
2024-06-17T13:03:24.086+07:00  INFO 7792 --- [restartedMain] o.s.s.web.DefaultSecurityFilterChain     : Will secure any request with [org.springframework.security.web.session.DisableEncodeUrlFilter@53a7e251, org.springframework.security.web.context.request.async.WebAsyncManagerIntegrationFilter@61f92a32, org.springframework.security.web.context.SecurityContextHolderFilter@5e0d42d0, org.springframework.security.web.header.HeaderWriterFilter@775c24c5, org.springframework.web.filter.CorsFilter@41740425, org.springframework.security.web.csrf.CsrfFilter@775b3e0b, org.springframework.security.web.authentication.logout.LogoutFilter@69b1d182, org.springframework.security.web.authentication.UsernamePasswordAuthenticationFilter@22d45faf, org.springframework.security.web.savedrequest.RequestCacheAwareFilter@2c089a3d, org.springframework.security.web.servletapi.SecurityContextHolderAwareRequestFilter@1e246aa, org.springframework.security.web.authentication.rememberme.RememberMeAuthenticationFilter@514a737, org.springframework.security.web.authentication.AnonymousAuthenticationFilter@656b8185, org.springframework.security.web.access.ExceptionTranslationFilter@383a1cdc, org.springframework.security.web.access.intercept.AuthorizationFilter@5e211db0]
2024-06-17T13:03:24.315+07:00  WARN 7792 --- [restartedMain] o.s.b.d.a.OptionalLiveReloadServer       : Unable to start LiveReload server
2024-06-17T13:03:24.368+07:00  INFO 7792 --- [restartedMain] o.s.b.w.embedded.tomcat.TomcatWebServer  : Tomcat started on port 8080 (http) with context path '/ShopmmtAdmin'
2024-06-17T13:03:24.381+07:00  INFO 7792 --- [restartedMain] c.s.admin.ShopmmtBackEndApplication      : Started ShopmmtBackEndApplication in 6.842 seconds (process running for 7.562)
2024-06-17T13:03:24.469+07:00  INFO 7792 --- [http-nio-8080-exec-1] o.a.c.c.C.[.[localhost].[/ShopmmtAdmin]  : Initializing Spring DispatcherServlet 'dispatcherServlet'
2024-06-17T13:03:24.469+07:00  INFO 7792 --- [http-nio-8080-exec-1] o.s.web.servlet.DispatcherServlet        : Initializing Servlet 'dispatcherServlet'
2024-06-17T13:03:24.470+07:00  INFO 7792 --- [http-nio-8080-exec-1] o.s.web.servlet.DispatcherServlet        : Completed initialization in 1 ms
2024-06-17T13:30:08.131+07:00  INFO 7792 --- [RMI TCP Connection(35)-127.0.0.1] inMXBeanRegistrar$SpringApplicationAdmin : Application shutdown requested.
2024-06-17T13:30:08.148+07:00  INFO 7792 --- [RMI TCP Connection(35)-127.0.0.1] j.LocalContainerEntityManagerFactoryBean : Closing JPA EntityManagerFactory for persistence unit 'default'
2024-06-17T13:30:08.151+07:00  INFO 7792 --- [RMI TCP Connection(35)-127.0.0.1] com.zaxxer.hikari.HikariDataSource       : HikariPool-1 - Shutdown initiated...
2024-06-17T13:30:08.157+07:00  INFO 7792 --- [RMI TCP Connection(35)-127.0.0.1] com.zaxxer.hikari.HikariDataSource       : HikariPool-1 - Shutdown completed.
2024-06-17T13:30:17.139+07:00  INFO 2924 --- [restartedMain] c.s.admin.ShopmmtBackEndApplication      : Starting ShopmmtBackEndApplication using Java 17.0.10 with PID 2924 (D:\VanTan\DATN\SpringCode\ShopmmtProject\ShopmmtWebParent\ShopmmtBackEnd\target\classes started by Dell in D:\VanTan\DATN\SpringCode\ShopmmtProject\ShopmmtWebParent\ShopmmtBackEnd)
2024-06-17T13:30:17.141+07:00  INFO 2924 --- [restartedMain] c.s.admin.ShopmmtBackEndApplication      : No active profile set, falling back to 1 default profile: "default"
2024-06-17T13:30:17.182+07:00  INFO 2924 --- [restartedMain] .e.DevToolsPropertyDefaultsPostProcessor : Devtools property defaults active! Set 'spring.devtools.add-properties' to 'false' to disable
2024-06-17T13:30:17.182+07:00  INFO 2924 --- [restartedMain] .e.DevToolsPropertyDefaultsPostProcessor : For additional web related logging consider setting the 'logging.level.web' property to 'DEBUG'
2024-06-17T13:30:17.798+07:00  INFO 2924 --- [restartedMain] .s.d.r.c.RepositoryConfigurationDelegate : Bootstrapping Spring Data JPA repositories in DEFAULT mode.
2024-06-17T13:30:17.882+07:00  INFO 2924 --- [restartedMain] .s.d.r.c.RepositoryConfigurationDelegate : Finished Spring Data repository scanning in 75 ms. Found 11 JPA repository interfaces.
2024-06-17T13:30:18.376+07:00  INFO 2924 --- [restartedMain] o.s.b.w.embedded.tomcat.TomcatWebServer  : Tomcat initialized with port 8080 (http)
2024-06-17T13:30:18.387+07:00  INFO 2924 --- [restartedMain] o.apache.catalina.core.StandardService   : Starting service [Tomcat]
2024-06-17T13:30:18.387+07:00  INFO 2924 --- [restartedMain] o.apache.catalina.core.StandardEngine    : Starting Servlet engine: [Apache Tomcat/10.1.20]
2024-06-17T13:30:18.438+07:00  INFO 2924 --- [restartedMain] o.a.c.c.C.[.[localhost].[/ShopmmtAdmin]  : Initializing Spring embedded WebApplicationContext
2024-06-17T13:30:18.438+07:00  INFO 2924 --- [restartedMain] w.s.c.ServletWebServerApplicationContext : Root WebApplicationContext: initialization completed in 1256 ms
2024-06-17T13:30:18.507+07:00  WARN 2924 --- [restartedMain] o.a.c.c.C.[.[localhost].[/ShopmmtAdmin]  : Cannot deserialize session attribute [SPRING_SECURITY_CONTEXT] for session [F812C06FCE14663A1D15803920B31B77]
2024-06-17T13:30:18.612+07:00  INFO 2924 --- [restartedMain] o.hibernate.jpa.internal.util.LogHelper  : HHH000204: Processing PersistenceUnitInfo [name: default]
2024-06-17T13:30:18.670+07:00  INFO 2924 --- [restartedMain] org.hibernate.Version                    : HHH000412: Hibernate ORM core version 6.4.4.Final
2024-06-17T13:30:18.701+07:00  INFO 2924 --- [restartedMain] o.h.c.internal.RegionFactoryInitiator    : HHH000026: Second-level cache disabled
2024-06-17T13:30:18.877+07:00  INFO 2924 --- [restartedMain] o.s.o.j.p.SpringPersistenceUnitInfo      : No LoadTimeWeaver setup: ignoring JPA class transformer
2024-06-17T13:30:18.910+07:00  INFO 2924 --- [restartedMain] com.zaxxer.hikari.HikariDataSource       : HikariPool-1 - Starting...
2024-06-17T13:30:19.169+07:00  INFO 2924 --- [restartedMain] com.zaxxer.hikari.pool.HikariPool        : HikariPool-1 - Added connection com.mysql.cj.jdbc.ConnectionImpl@617887d4
2024-06-17T13:30:19.172+07:00  INFO 2924 --- [restartedMain] com.zaxxer.hikari.HikariDataSource       : HikariPool-1 - Start completed.
2024-06-17T13:30:20.337+07:00  INFO 2924 --- [restartedMain] o.h.e.t.j.p.i.JtaPlatformInitiator       : HHH000489: No JTA platform available (set 'hibernate.transaction.jta.platform' to enable JTA platform integration)
2024-06-17T13:30:20.487+07:00  INFO 2924 --- [restartedMain] j.LocalContainerEntityManagerFactoryBean : Initialized JPA EntityManagerFactory for persistence unit 'default'
2024-06-17T13:30:20.683+07:00  INFO 2924 --- [restartedMain] o.s.d.j.r.query.QueryEnhancerFactory     : Hibernate is in classpath; If applicable, HQL parser will be used.
2024-06-17T13:30:21.477+07:00  WARN 2924 --- [restartedMain] JpaBaseConfiguration$JpaWebConfiguration : spring.jpa.open-in-view is enabled by default. Therefore, database queries may be performed during view rendering. Explicitly configure spring.jpa.open-in-view to disable this warning
2024-06-17T13:30:21.559+07:00  INFO 2924 --- [restartedMain] o.s.b.a.w.s.WelcomePageHandlerMapping    : Adding welcome page template: index
2024-06-17T13:30:22.023+07:00  INFO 2924 --- [restartedMain] o.s.s.web.DefaultSecurityFilterChain     : Will secure any request with [org.springframework.security.web.session.DisableEncodeUrlFilter@6aa403f1, org.springframework.security.web.context.request.async.WebAsyncManagerIntegrationFilter@77825304, org.springframework.security.web.context.SecurityContextHolderFilter@3c1d1f53, org.springframework.security.web.header.HeaderWriterFilter@432c38e5, org.springframework.web.filter.CorsFilter@8fd0f8b, org.springframework.security.web.csrf.CsrfFilter@2ba7baf0, org.springframework.security.web.authentication.logout.LogoutFilter@55547c30, org.springframework.security.web.authentication.UsernamePasswordAuthenticationFilter@33724959, org.springframework.security.web.savedrequest.RequestCacheAwareFilter@7364354e, org.springframework.security.web.servletapi.SecurityContextHolderAwareRequestFilter@3185319e, org.springframework.security.web.authentication.rememberme.RememberMeAuthenticationFilter@56d52abd, org.springframework.security.web.authentication.AnonymousAuthenticationFilter@2efcfa09, org.springframework.security.web.access.ExceptionTranslationFilter@1d318ae5, org.springframework.security.web.access.intercept.AuthorizationFilter@5030edf]
2024-06-17T13:30:22.273+07:00  WARN 2924 --- [restartedMain] o.s.b.d.a.OptionalLiveReloadServer       : Unable to start LiveReload server
2024-06-17T13:30:22.315+07:00  INFO 2924 --- [restartedMain] o.s.b.w.embedded.tomcat.TomcatWebServer  : Tomcat started on port 8080 (http) with context path '/ShopmmtAdmin'
2024-06-17T13:30:22.325+07:00  INFO 2924 --- [restartedMain] c.s.admin.ShopmmtBackEndApplication      : Started ShopmmtBackEndApplication in 5.53 seconds (process running for 6.217)
2024-06-17T13:30:26.694+07:00  INFO 2924 --- [http-nio-8080-exec-1] o.a.c.c.C.[.[localhost].[/ShopmmtAdmin]  : Initializing Spring DispatcherServlet 'dispatcherServlet'
2024-06-17T13:30:26.695+07:00  INFO 2924 --- [http-nio-8080-exec-1] o.s.web.servlet.DispatcherServlet        : Initializing Servlet 'dispatcherServlet'
2024-06-17T13:30:26.697+07:00  INFO 2924 --- [http-nio-8080-exec-1] o.s.web.servlet.DispatcherServlet        : Completed initialization in 2 ms
2024-06-17T13:32:51.646+07:00  INFO 2924 --- [RMI TCP Connection(12)-127.0.0.1] inMXBeanRegistrar$SpringApplicationAdmin : Application shutdown requested.
2024-06-17T13:32:51.664+07:00  INFO 2924 --- [RMI TCP Connection(12)-127.0.0.1] j.LocalContainerEntityManagerFactoryBean : Closing JPA EntityManagerFactory for persistence unit 'default'
2024-06-17T13:32:51.668+07:00  INFO 2924 --- [RMI TCP Connection(12)-127.0.0.1] com.zaxxer.hikari.HikariDataSource       : HikariPool-1 - Shutdown initiated...
2024-06-17T13:32:51.674+07:00  INFO 2924 --- [RMI TCP Connection(12)-127.0.0.1] com.zaxxer.hikari.HikariDataSource       : HikariPool-1 - Shutdown completed.
2024-06-17T18:45:05.126+07:00  INFO 4148 --- [restartedMain] c.s.admin.ShopmmtBackEndApplication      : Starting ShopmmtBackEndApplication using Java 17.0.10 with PID 4148 (D:\VanTan\DATN\SpringCode\ShopmmtProject\ShopmmtWebParent\ShopmmtBackEnd\target\classes started by Dell in D:\VanTan\DATN\SpringCode\ShopmmtProject\ShopmmtWebParent\ShopmmtBackEnd)
2024-06-17T18:45:05.128+07:00  INFO 4148 --- [restartedMain] c.s.admin.ShopmmtBackEndApplication      : No active profile set, falling back to 1 default profile: "default"
2024-06-17T18:45:05.172+07:00  INFO 4148 --- [restartedMain] .e.DevToolsPropertyDefaultsPostProcessor : Devtools property defaults active! Set 'spring.devtools.add-properties' to 'false' to disable
2024-06-17T18:45:05.172+07:00  INFO 4148 --- [restartedMain] .e.DevToolsPropertyDefaultsPostProcessor : For additional web related logging consider setting the 'logging.level.web' property to 'DEBUG'
2024-06-17T18:45:05.824+07:00  INFO 4148 --- [restartedMain] .s.d.r.c.RepositoryConfigurationDelegate : Bootstrapping Spring Data JPA repositories in DEFAULT mode.
2024-06-17T18:45:05.914+07:00  INFO 4148 --- [restartedMain] .s.d.r.c.RepositoryConfigurationDelegate : Finished Spring Data repository scanning in 79 ms. Found 11 JPA repository interfaces.
2024-06-17T18:45:06.443+07:00  INFO 4148 --- [restartedMain] o.s.b.w.embedded.tomcat.TomcatWebServer  : Tomcat initialized with port 8080 (http)
2024-06-17T18:45:06.454+07:00  INFO 4148 --- [restartedMain] o.apache.catalina.core.StandardService   : Starting service [Tomcat]
2024-06-17T18:45:06.455+07:00  INFO 4148 --- [restartedMain] o.apache.catalina.core.StandardEngine    : Starting Servlet engine: [Apache Tomcat/10.1.20]
2024-06-17T18:45:06.510+07:00  INFO 4148 --- [restartedMain] o.a.c.c.C.[.[localhost].[/ShopmmtAdmin]  : Initializing Spring embedded WebApplicationContext
2024-06-17T18:45:06.510+07:00  INFO 4148 --- [restartedMain] w.s.c.ServletWebServerApplicationContext : Root WebApplicationContext: initialization completed in 1336 ms
2024-06-17T18:45:06.673+07:00  INFO 4148 --- [restartedMain] o.hibernate.jpa.internal.util.LogHelper  : HHH000204: Processing PersistenceUnitInfo [name: default]
2024-06-17T18:45:06.726+07:00  INFO 4148 --- [restartedMain] org.hibernate.Version                    : HHH000412: Hibernate ORM core version 6.4.4.Final
2024-06-17T18:45:06.756+07:00  INFO 4148 --- [restartedMain] o.h.c.internal.RegionFactoryInitiator    : HHH000026: Second-level cache disabled
2024-06-17T18:45:06.996+07:00  INFO 4148 --- [restartedMain] o.s.o.j.p.SpringPersistenceUnitInfo      : No LoadTimeWeaver setup: ignoring JPA class transformer
2024-06-17T18:45:07.025+07:00  INFO 4148 --- [restartedMain] com.zaxxer.hikari.HikariDataSource       : HikariPool-1 - Starting...
2024-06-17T18:45:07.296+07:00  INFO 4148 --- [restartedMain] com.zaxxer.hikari.pool.HikariPool        : HikariPool-1 - Added connection com.mysql.cj.jdbc.ConnectionImpl@72acb948
2024-06-17T18:45:07.300+07:00  INFO 4148 --- [restartedMain] com.zaxxer.hikari.HikariDataSource       : HikariPool-1 - Start completed.
2024-06-17T18:45:08.519+07:00  INFO 4148 --- [restartedMain] o.h.e.t.j.p.i.JtaPlatformInitiator       : HHH000489: No JTA platform available (set 'hibernate.transaction.jta.platform' to enable JTA platform integration)
2024-06-17T18:45:08.672+07:00  INFO 4148 --- [restartedMain] j.LocalContainerEntityManagerFactoryBean : Initialized JPA EntityManagerFactory for persistence unit 'default'
2024-06-17T18:45:08.873+07:00  INFO 4148 --- [restartedMain] o.s.d.j.r.query.QueryEnhancerFactory     : Hibernate is in classpath; If applicable, HQL parser will be used.
2024-06-17T18:45:09.647+07:00  WARN 4148 --- [restartedMain] JpaBaseConfiguration$JpaWebConfiguration : spring.jpa.open-in-view is enabled by default. Therefore, database queries may be performed during view rendering. Explicitly configure spring.jpa.open-in-view to disable this warning
2024-06-17T18:45:09.734+07:00  INFO 4148 --- [restartedMain] o.s.b.a.w.s.WelcomePageHandlerMapping    : Adding welcome page template: index
2024-06-17T18:45:10.179+07:00  INFO 4148 --- [restartedMain] o.s.s.web.DefaultSecurityFilterChain     : Will secure any request with [org.springframework.security.web.session.DisableEncodeUrlFilter@7d2a711c, org.springframework.security.web.context.request.async.WebAsyncManagerIntegrationFilter@630a9a2a, org.springframework.security.web.context.SecurityContextHolderFilter@40a880b6, org.springframework.security.web.header.HeaderWriterFilter@6cfda1cc, org.springframework.web.filter.CorsFilter@ea7d6c7, org.springframework.security.web.csrf.CsrfFilter@2565f630, org.springframework.security.web.authentication.logout.LogoutFilter@22287ae2, org.springframework.security.web.authentication.UsernamePasswordAuthenticationFilter@5ba792bd, org.springframework.security.web.savedrequest.RequestCacheAwareFilter@76cd9859, org.springframework.security.web.servletapi.SecurityContextHolderAwareRequestFilter@f000b82, org.springframework.security.web.authentication.rememberme.RememberMeAuthenticationFilter@4e44608c, org.springframework.security.web.authentication.AnonymousAuthenticationFilter@6d6f669d, org.springframework.security.web.access.ExceptionTranslationFilter@481f1c07, org.springframework.security.web.access.intercept.AuthorizationFilter@360c5c7c]
2024-06-17T18:45:10.420+07:00  INFO 4148 --- [restartedMain] o.s.b.d.a.OptionalLiveReloadServer       : LiveReload server is running on port 35729
2024-06-17T18:45:10.458+07:00  INFO 4148 --- [restartedMain] o.s.b.w.embedded.tomcat.TomcatWebServer  : Tomcat started on port 8080 (http) with context path '/ShopmmtAdmin'
2024-06-17T18:45:10.467+07:00  INFO 4148 --- [restartedMain] c.s.admin.ShopmmtBackEndApplication      : Started ShopmmtBackEndApplication in 5.696 seconds (process running for 6.372)
2024-06-17T18:45:59.981+07:00  INFO 4148 --- [http-nio-8080-exec-2] o.a.c.c.C.[.[localhost].[/ShopmmtAdmin]  : Initializing Spring DispatcherServlet 'dispatcherServlet'
2024-06-17T18:45:59.981+07:00  INFO 4148 --- [http-nio-8080-exec-2] o.s.web.servlet.DispatcherServlet        : Initializing Servlet 'dispatcherServlet'
2024-06-17T18:45:59.983+07:00  INFO 4148 --- [http-nio-8080-exec-2] o.s.web.servlet.DispatcherServlet        : Completed initialization in 1 ms
2024-06-17T18:46:56.560+07:00  INFO 4148 --- [RMI TCP Connection(11)-127.0.0.1] inMXBeanRegistrar$SpringApplicationAdmin : Application shutdown requested.
2024-06-17T18:46:56.579+07:00  INFO 4148 --- [RMI TCP Connection(11)-127.0.0.1] j.LocalContainerEntityManagerFactoryBean : Closing JPA EntityManagerFactory for persistence unit 'default'
2024-06-17T18:46:56.582+07:00  INFO 4148 --- [RMI TCP Connection(11)-127.0.0.1] com.zaxxer.hikari.HikariDataSource       : HikariPool-1 - Shutdown initiated...
2024-06-17T18:46:56.587+07:00  INFO 4148 --- [RMI TCP Connection(11)-127.0.0.1] com.zaxxer.hikari.HikariDataSource       : HikariPool-1 - Shutdown completed.
2024-06-17T18:49:09.814+07:00  INFO 5380 --- [restartedMain] c.s.admin.ShopmmtBackEndApplication      : Starting ShopmmtBackEndApplication using Java 17.0.10 with PID 5380 (D:\VanTan\DATN\SpringCode\ShopmmtProject\ShopmmtWebParent\ShopmmtBackEnd\target\classes started by Dell in D:\VanTan\DATN\SpringCode\ShopmmtProject\ShopmmtWebParent\ShopmmtBackEnd)
2024-06-17T18:49:09.816+07:00  INFO 5380 --- [restartedMain] c.s.admin.ShopmmtBackEndApplication      : No active profile set, falling back to 1 default profile: "default"
2024-06-17T18:49:09.855+07:00  INFO 5380 --- [restartedMain] .e.DevToolsPropertyDefaultsPostProcessor : Devtools property defaults active! Set 'spring.devtools.add-properties' to 'false' to disable
2024-06-17T18:49:09.855+07:00  INFO 5380 --- [restartedMain] .e.DevToolsPropertyDefaultsPostProcessor : For additional web related logging consider setting the 'logging.level.web' property to 'DEBUG'
2024-06-17T18:49:10.501+07:00  INFO 5380 --- [restartedMain] .s.d.r.c.RepositoryConfigurationDelegate : Bootstrapping Spring Data JPA repositories in DEFAULT mode.
2024-06-17T18:49:10.582+07:00  INFO 5380 --- [restartedMain] .s.d.r.c.RepositoryConfigurationDelegate : Finished Spring Data repository scanning in 73 ms. Found 11 JPA repository interfaces.
2024-06-17T18:49:11.082+07:00  INFO 5380 --- [restartedMain] o.s.b.w.embedded.tomcat.TomcatWebServer  : Tomcat initialized with port 8080 (http)
2024-06-17T18:49:11.097+07:00  INFO 5380 --- [restartedMain] o.apache.catalina.core.StandardService   : Starting service [Tomcat]
2024-06-17T18:49:11.099+07:00  INFO 5380 --- [restartedMain] o.apache.catalina.core.StandardEngine    : Starting Servlet engine: [Apache Tomcat/10.1.20]
2024-06-17T18:49:11.148+07:00  INFO 5380 --- [restartedMain] o.a.c.c.C.[.[localhost].[/ShopmmtAdmin]  : Initializing Spring embedded WebApplicationContext
2024-06-17T18:49:11.148+07:00  INFO 5380 --- [restartedMain] w.s.c.ServletWebServerApplicationContext : Root WebApplicationContext: initialization completed in 1293 ms
2024-06-17T18:49:11.222+07:00  WARN 5380 --- [restartedMain] o.a.c.c.C.[.[localhost].[/ShopmmtAdmin]  : Cannot deserialize session attribute [SPRING_SECURITY_CONTEXT] for session [325EB77FC52877AD39648D625D52E74A]
2024-06-17T18:49:11.327+07:00  INFO 5380 --- [restartedMain] o.hibernate.jpa.internal.util.LogHelper  : HHH000204: Processing PersistenceUnitInfo [name: default]
2024-06-17T18:49:11.387+07:00  INFO 5380 --- [restartedMain] org.hibernate.Version                    : HHH000412: Hibernate ORM core version 6.4.4.Final
2024-06-17T18:49:11.429+07:00  INFO 5380 --- [restartedMain] o.h.c.internal.RegionFactoryInitiator    : HHH000026: Second-level cache disabled
2024-06-17T18:49:11.614+07:00  INFO 5380 --- [restartedMain] o.s.o.j.p.SpringPersistenceUnitInfo      : No LoadTimeWeaver setup: ignoring JPA class transformer
2024-06-17T18:49:11.640+07:00  INFO 5380 --- [restartedMain] com.zaxxer.hikari.HikariDataSource       : HikariPool-1 - Starting...
2024-06-17T18:49:11.891+07:00  INFO 5380 --- [restartedMain] com.zaxxer.hikari.pool.HikariPool        : HikariPool-1 - Added connection com.mysql.cj.jdbc.ConnectionImpl@26f805b8
2024-06-17T18:49:11.894+07:00  INFO 5380 --- [restartedMain] com.zaxxer.hikari.HikariDataSource       : HikariPool-1 - Start completed.
2024-06-17T18:49:13.030+07:00  INFO 5380 --- [restartedMain] o.h.e.t.j.p.i.JtaPlatformInitiator       : HHH000489: No JTA platform available (set 'hibernate.transaction.jta.platform' to enable JTA platform integration)
2024-06-17T18:49:13.174+07:00  INFO 5380 --- [restartedMain] j.LocalContainerEntityManagerFactoryBean : Initialized JPA EntityManagerFactory for persistence unit 'default'
2024-06-17T18:49:13.365+07:00  INFO 5380 --- [restartedMain] o.s.d.j.r.query.QueryEnhancerFactory     : Hibernate is in classpath; If applicable, HQL parser will be used.
2024-06-17T18:49:14.114+07:00  WARN 5380 --- [restartedMain] JpaBaseConfiguration$JpaWebConfiguration : spring.jpa.open-in-view is enabled by default. Therefore, database queries may be performed during view rendering. Explicitly configure spring.jpa.open-in-view to disable this warning
2024-06-17T18:49:14.194+07:00  INFO 5380 --- [restartedMain] o.s.b.a.w.s.WelcomePageHandlerMapping    : Adding welcome page template: index
2024-06-17T18:49:14.621+07:00  INFO 5380 --- [restartedMain] o.s.s.web.DefaultSecurityFilterChain     : Will secure any request with [org.springframework.security.web.session.DisableEncodeUrlFilter@7ca57f94, org.springframework.security.web.context.request.async.WebAsyncManagerIntegrationFilter@170030a2, org.springframework.security.web.context.SecurityContextHolderFilter@1db734c3, org.springframework.security.web.header.HeaderWriterFilter@1f85a57d, org.springframework.web.filter.CorsFilter@280fe896, org.springframework.security.web.csrf.CsrfFilter@69a38cf3, org.springframework.security.web.authentication.logout.LogoutFilter@6e1efe4b, org.springframework.security.web.authentication.UsernamePasswordAuthenticationFilter@c60ae35, org.springframework.security.web.savedrequest.RequestCacheAwareFilter@3d2e026, org.springframework.security.web.servletapi.SecurityContextHolderAwareRequestFilter@4e8e361, org.springframework.security.web.authentication.rememberme.RememberMeAuthenticationFilter@33618a2e, org.springframework.security.web.authentication.AnonymousAuthenticationFilter@369c06e1, org.springframework.security.web.access.ExceptionTranslationFilter@76d0fb54, org.springframework.security.web.access.intercept.AuthorizationFilter@1d1b7022]
2024-06-17T18:49:14.816+07:00  INFO 5380 --- [restartedMain] o.s.b.d.a.OptionalLiveReloadServer       : LiveReload server is running on port 35729
2024-06-17T18:49:14.851+07:00  INFO 5380 --- [restartedMain] o.s.b.w.embedded.tomcat.TomcatWebServer  : Tomcat started on port 8080 (http) with context path '/ShopmmtAdmin'
2024-06-17T18:49:14.860+07:00  INFO 5380 --- [restartedMain] c.s.admin.ShopmmtBackEndApplication      : Started ShopmmtBackEndApplication in 5.376 seconds (process running for 6.025)
2024-06-17T18:49:21.903+07:00  INFO 5380 --- [http-nio-8080-exec-1] o.a.c.c.C.[.[localhost].[/ShopmmtAdmin]  : Initializing Spring DispatcherServlet 'dispatcherServlet'
2024-06-17T18:49:21.903+07:00  INFO 5380 --- [http-nio-8080-exec-1] o.s.web.servlet.DispatcherServlet        : Initializing Servlet 'dispatcherServlet'
2024-06-17T18:49:21.904+07:00  INFO 5380 --- [http-nio-8080-exec-1] o.s.web.servlet.DispatcherServlet        : Completed initialization in 1 ms
2024-06-17T18:51:39.047+07:00  INFO 5380 --- [RMI TCP Connection(12)-127.0.0.1] inMXBeanRegistrar$SpringApplicationAdmin : Application shutdown requested.
2024-06-17T18:51:39.069+07:00  INFO 5380 --- [RMI TCP Connection(12)-127.0.0.1] j.LocalContainerEntityManagerFactoryBean : Closing JPA EntityManagerFactory for persistence unit 'default'
2024-06-17T18:51:39.072+07:00  INFO 5380 --- [RMI TCP Connection(12)-127.0.0.1] com.zaxxer.hikari.HikariDataSource       : HikariPool-1 - Shutdown initiated...
2024-06-17T18:51:39.077+07:00  INFO 5380 --- [RMI TCP Connection(12)-127.0.0.1] com.zaxxer.hikari.HikariDataSource       : HikariPool-1 - Shutdown completed.
2024-06-17T18:55:24.739+07:00  INFO 1256 --- [restartedMain] c.s.admin.ShopmmtBackEndApplication      : Starting ShopmmtBackEndApplication using Java 17.0.10 with PID 1256 (D:\VanTan\DATN\SpringCode\ShopmmtProject\ShopmmtWebParent\ShopmmtBackEnd\target\classes started by Dell in D:\VanTan\DATN\SpringCode\ShopmmtProject\ShopmmtWebParent\ShopmmtBackEnd)
2024-06-17T18:55:24.741+07:00  INFO 1256 --- [restartedMain] c.s.admin.ShopmmtBackEndApplication      : No active profile set, falling back to 1 default profile: "default"
2024-06-17T18:55:24.783+07:00  INFO 1256 --- [restartedMain] .e.DevToolsPropertyDefaultsPostProcessor : Devtools property defaults active! Set 'spring.devtools.add-properties' to 'false' to disable
2024-06-17T18:55:24.783+07:00  INFO 1256 --- [restartedMain] .e.DevToolsPropertyDefaultsPostProcessor : For additional web related logging consider setting the 'logging.level.web' property to 'DEBUG'
2024-06-17T18:55:25.474+07:00  INFO 1256 --- [restartedMain] .s.d.r.c.RepositoryConfigurationDelegate : Bootstrapping Spring Data JPA repositories in DEFAULT mode.
2024-06-17T18:55:25.558+07:00  INFO 1256 --- [restartedMain] .s.d.r.c.RepositoryConfigurationDelegate : Finished Spring Data repository scanning in 75 ms. Found 11 JPA repository interfaces.
2024-06-17T18:55:26.080+07:00  INFO 1256 --- [restartedMain] o.s.b.w.embedded.tomcat.TomcatWebServer  : Tomcat initialized with port 8080 (http)
2024-06-17T18:55:26.089+07:00  INFO 1256 --- [restartedMain] o.apache.catalina.core.StandardService   : Starting service [Tomcat]
2024-06-17T18:55:26.090+07:00  INFO 1256 --- [restartedMain] o.apache.catalina.core.StandardEngine    : Starting Servlet engine: [Apache Tomcat/10.1.20]
2024-06-17T18:55:26.139+07:00  INFO 1256 --- [restartedMain] o.a.c.c.C.[.[localhost].[/ShopmmtAdmin]  : Initializing Spring embedded WebApplicationContext
2024-06-17T18:55:26.139+07:00  INFO 1256 --- [restartedMain] w.s.c.ServletWebServerApplicationContext : Root WebApplicationContext: initialization completed in 1356 ms
2024-06-17T18:55:26.200+07:00  WARN 1256 --- [restartedMain] o.a.c.c.C.[.[localhost].[/ShopmmtAdmin]  : Cannot deserialize session attribute [SPRING_SECURITY_CONTEXT] for session [325EB77FC52877AD39648D625D52E74A]
2024-06-17T18:55:26.304+07:00  INFO 1256 --- [restartedMain] o.hibernate.jpa.internal.util.LogHelper  : HHH000204: Processing PersistenceUnitInfo [name: default]
2024-06-17T18:55:26.370+07:00  INFO 1256 --- [restartedMain] org.hibernate.Version                    : HHH000412: Hibernate ORM core version 6.4.4.Final
2024-06-17T18:55:26.404+07:00  INFO 1256 --- [restartedMain] o.h.c.internal.RegionFactoryInitiator    : HHH000026: Second-level cache disabled
2024-06-17T18:55:26.594+07:00  INFO 1256 --- [restartedMain] o.s.o.j.p.SpringPersistenceUnitInfo      : No LoadTimeWeaver setup: ignoring JPA class transformer
2024-06-17T18:55:26.640+07:00  INFO 1256 --- [restartedMain] com.zaxxer.hikari.HikariDataSource       : HikariPool-1 - Starting...
2024-06-17T18:55:26.922+07:00  INFO 1256 --- [restartedMain] com.zaxxer.hikari.pool.HikariPool        : HikariPool-1 - Added connection com.mysql.cj.jdbc.ConnectionImpl@28ad1600
2024-06-17T18:55:26.925+07:00  INFO 1256 --- [restartedMain] com.zaxxer.hikari.HikariDataSource       : HikariPool-1 - Start completed.
2024-06-17T18:55:28.092+07:00  INFO 1256 --- [restartedMain] o.h.e.t.j.p.i.JtaPlatformInitiator       : HHH000489: No JTA platform available (set 'hibernate.transaction.jta.platform' to enable JTA platform integration)
2024-06-17T18:55:28.237+07:00  INFO 1256 --- [restartedMain] j.LocalContainerEntityManagerFactoryBean : Initialized JPA EntityManagerFactory for persistence unit 'default'
2024-06-17T18:55:28.435+07:00  INFO 1256 --- [restartedMain] o.s.d.j.r.query.QueryEnhancerFactory     : Hibernate is in classpath; If applicable, HQL parser will be used.
2024-06-17T18:55:29.214+07:00  WARN 1256 --- [restartedMain] JpaBaseConfiguration$JpaWebConfiguration : spring.jpa.open-in-view is enabled by default. Therefore, database queries may be performed during view rendering. Explicitly configure spring.jpa.open-in-view to disable this warning
2024-06-17T18:55:29.295+07:00  INFO 1256 --- [restartedMain] o.s.b.a.w.s.WelcomePageHandlerMapping    : Adding welcome page template: index
2024-06-17T18:55:29.743+07:00  INFO 1256 --- [restartedMain] o.s.s.web.DefaultSecurityFilterChain     : Will secure any request with [org.springframework.security.web.session.DisableEncodeUrlFilter@1823d4e0, org.springframework.security.web.context.request.async.WebAsyncManagerIntegrationFilter@52b51c56, org.springframework.security.web.context.SecurityContextHolderFilter@29e12655, org.springframework.security.web.header.HeaderWriterFilter@689bc61f, org.springframework.web.filter.CorsFilter@41c47d0a, org.springframework.security.web.csrf.CsrfFilter@650eac45, org.springframework.security.web.authentication.logout.LogoutFilter@6d8d6cc4, org.springframework.security.web.authentication.UsernamePasswordAuthenticationFilter@4a0e0ba1, org.springframework.security.web.savedrequest.RequestCacheAwareFilter@b76141e, org.springframework.security.web.servletapi.SecurityContextHolderAwareRequestFilter@6627b1b1, org.springframework.security.web.authentication.rememberme.RememberMeAuthenticationFilter@63ee0193, org.springframework.security.web.authentication.AnonymousAuthenticationFilter@37f8e7e1, org.springframework.security.web.access.ExceptionTranslationFilter@10e1e45f, org.springframework.security.web.access.intercept.AuthorizationFilter@69e5101d]
2024-06-17T18:55:29.946+07:00  INFO 1256 --- [restartedMain] o.s.b.d.a.OptionalLiveReloadServer       : LiveReload server is running on port 35729
2024-06-17T18:55:29.995+07:00  INFO 1256 --- [restartedMain] o.s.b.w.embedded.tomcat.TomcatWebServer  : Tomcat started on port 8080 (http) with context path '/ShopmmtAdmin'
2024-06-17T18:55:30.010+07:00  INFO 1256 --- [restartedMain] c.s.admin.ShopmmtBackEndApplication      : Started ShopmmtBackEndApplication in 5.62 seconds (process running for 6.315)
2024-06-17T18:55:32.481+07:00  INFO 1256 --- [http-nio-8080-exec-1] o.a.c.c.C.[.[localhost].[/ShopmmtAdmin]  : Initializing Spring DispatcherServlet 'dispatcherServlet'
2024-06-17T18:55:32.481+07:00  INFO 1256 --- [http-nio-8080-exec-1] o.s.web.servlet.DispatcherServlet        : Initializing Servlet 'dispatcherServlet'
2024-06-17T18:55:32.483+07:00  INFO 1256 --- [http-nio-8080-exec-1] o.s.web.servlet.DispatcherServlet        : Completed initialization in 1 ms
2024-06-17T18:57:16.466+07:00  INFO 1256 --- [RMI TCP Connection(10)-127.0.0.1] inMXBeanRegistrar$SpringApplicationAdmin : Application shutdown requested.
2024-06-17T18:57:16.484+07:00  INFO 1256 --- [RMI TCP Connection(10)-127.0.0.1] j.LocalContainerEntityManagerFactoryBean : Closing JPA EntityManagerFactory for persistence unit 'default'
2024-06-17T18:57:16.487+07:00  INFO 1256 --- [RMI TCP Connection(10)-127.0.0.1] com.zaxxer.hikari.HikariDataSource       : HikariPool-1 - Shutdown initiated...
2024-06-17T18:57:16.492+07:00  INFO 1256 --- [RMI TCP Connection(10)-127.0.0.1] com.zaxxer.hikari.HikariDataSource       : HikariPool-1 - Shutdown completed.
