2024-06-05T10:57:29.654+07:00  INFO 9852 --- [restartedMain] c.s.admin.ShopmmtBackEndApplication      : Starting ShopmmtBackEndApplication using Java 17.0.10 with PID 9852 (D:\VanTan\DATN\SpringCode\ShopmmtProject\ShopmmtWebParent\ShopmmtBackEnd\target\classes started by Dell in D:\VanTan\DATN\SpringCode\ShopmmtProject\ShopmmtWebParent\ShopmmtBackEnd)
2024-06-05T10:57:29.657+07:00  INFO 9852 --- [restartedMain] c.s.admin.ShopmmtBackEndApplication      : No active profile set, falling back to 1 default profile: "default"
2024-06-05T10:57:29.696+07:00  INFO 9852 --- [restartedMain] .e.DevToolsPropertyDefaultsPostProcessor : Devtools property defaults active! Set 'spring.devtools.add-properties' to 'false' to disable
2024-06-05T10:57:29.696+07:00  INFO 9852 --- [restartedMain] .e.DevToolsPropertyDefaultsPostProcessor : For additional web related logging consider setting the 'logging.level.web' property to 'DEBUG'
2024-06-05T10:57:30.684+07:00  INFO 9852 --- [restartedMain] .s.d.r.c.RepositoryConfigurationDelegate : Bootstrapping Spring Data JPA repositories in DEFAULT mode.
2024-06-05T10:57:30.753+07:00  INFO 9852 --- [restartedMain] .s.d.r.c.RepositoryConfigurationDelegate : Finished Spring Data repository scanning in 59 ms. Found 6 JPA repository interfaces.
2024-06-05T10:57:31.270+07:00  INFO 9852 --- [restartedMain] o.s.b.w.embedded.tomcat.TomcatWebServer  : Tomcat initialized with port 8080 (http)
2024-06-05T10:57:31.279+07:00  INFO 9852 --- [restartedMain] o.apache.catalina.core.StandardService   : Starting service [Tomcat]
2024-06-05T10:57:31.280+07:00  INFO 9852 --- [restartedMain] o.apache.catalina.core.StandardEngine    : Starting Servlet engine: [Apache Tomcat/10.1.20]
2024-06-05T10:57:31.326+07:00  INFO 9852 --- [restartedMain] o.a.c.c.C.[.[localhost].[/ShopmmtAdmin]  : Initializing Spring embedded WebApplicationContext
2024-06-05T10:57:31.326+07:00  INFO 9852 --- [restartedMain] w.s.c.ServletWebServerApplicationContext : Root WebApplicationContext: initialization completed in 1628 ms
2024-06-05T10:57:31.400+07:00  WARN 9852 --- [restartedMain] o.a.c.c.C.[.[localhost].[/ShopmmtAdmin]  : Cannot deserialize session attribute [SPRING_SECURITY_CONTEXT] for session [123E1C85A53242E274BAAC831053715E]
2024-06-05T10:57:31.502+07:00  INFO 9852 --- [restartedMain] o.hibernate.jpa.internal.util.LogHelper  : HHH000204: Processing PersistenceUnitInfo [name: default]
2024-06-05T10:57:31.557+07:00  INFO 9852 --- [restartedMain] org.hibernate.Version                    : HHH000412: Hibernate ORM core version 6.4.4.Final
2024-06-05T10:57:31.600+07:00  INFO 9852 --- [restartedMain] o.h.c.internal.RegionFactoryInitiator    : HHH000026: Second-level cache disabled
2024-06-05T10:57:31.819+07:00  INFO 9852 --- [restartedMain] o.s.o.j.p.SpringPersistenceUnitInfo      : No LoadTimeWeaver setup: ignoring JPA class transformer
2024-06-05T10:57:31.855+07:00  INFO 9852 --- [restartedMain] com.zaxxer.hikari.HikariDataSource       : HikariPool-1 - Starting...
2024-06-05T10:57:32.117+07:00  INFO 9852 --- [restartedMain] com.zaxxer.hikari.pool.HikariPool        : HikariPool-1 - Added connection com.mysql.cj.jdbc.ConnectionImpl@280ff5b0
2024-06-05T10:57:32.119+07:00  INFO 9852 --- [restartedMain] com.zaxxer.hikari.HikariDataSource       : HikariPool-1 - Start completed.
2024-06-05T10:57:33.172+07:00  INFO 9852 --- [restartedMain] o.h.e.t.j.p.i.JtaPlatformInitiator       : HHH000489: No JTA platform available (set 'hibernate.transaction.jta.platform' to enable JTA platform integration)
2024-06-05T10:57:33.291+07:00  INFO 9852 --- [restartedMain] j.LocalContainerEntityManagerFactoryBean : Initialized JPA EntityManagerFactory for persistence unit 'default'
2024-06-05T10:57:33.473+07:00  INFO 9852 --- [restartedMain] o.s.d.j.r.query.QueryEnhancerFactory     : Hibernate is in classpath; If applicable, HQL parser will be used.
2024-06-05T10:57:34.166+07:00  WARN 9852 --- [restartedMain] JpaBaseConfiguration$JpaWebConfiguration : spring.jpa.open-in-view is enabled by default. Therefore, database queries may be performed during view rendering. Explicitly configure spring.jpa.open-in-view to disable this warning
2024-06-05T10:57:34.332+07:00  INFO 9852 --- [restartedMain] o.s.b.a.w.s.WelcomePageHandlerMapping    : Adding welcome page template: index
2024-06-05T10:57:34.852+07:00  INFO 9852 --- [restartedMain] o.s.s.web.DefaultSecurityFilterChain     : Will secure any request with [org.springframework.security.web.session.DisableEncodeUrlFilter@f497e59, org.springframework.security.web.context.request.async.WebAsyncManagerIntegrationFilter@504c4cf2, org.springframework.security.web.context.SecurityContextHolderFilter@148b5255, org.springframework.security.web.header.HeaderWriterFilter@70fdbc2b, org.springframework.web.filter.CorsFilter@729b3964, org.springframework.security.web.csrf.CsrfFilter@f52930e, org.springframework.security.web.authentication.logout.LogoutFilter@1cd5ba24, org.springframework.security.web.authentication.UsernamePasswordAuthenticationFilter@362d198a, org.springframework.security.web.savedrequest.RequestCacheAwareFilter@44650145, org.springframework.security.web.servletapi.SecurityContextHolderAwareRequestFilter@1c9cd4f2, org.springframework.security.web.authentication.rememberme.RememberMeAuthenticationFilter@be52215, org.springframework.security.web.authentication.AnonymousAuthenticationFilter@156f487f, org.springframework.security.web.access.ExceptionTranslationFilter@16c60ade, org.springframework.security.web.access.intercept.AuthorizationFilter@293e7eeb]
2024-06-05T10:57:34.861+07:00  WARN 9852 --- [restartedMain] o.s.s.c.a.web.builders.WebSecurity       : You are asking Spring Security to ignore Mvc [pattern='/images/**']. This is not recommended -- please use permitAll via HttpSecurity#authorizeHttpRequests instead.
2024-06-05T10:57:34.861+07:00  INFO 9852 --- [restartedMain] o.s.s.web.DefaultSecurityFilterChain     : Will not secure Mvc [pattern='/images/**']
2024-06-05T10:57:34.862+07:00  WARN 9852 --- [restartedMain] o.s.s.c.a.web.builders.WebSecurity       : You are asking Spring Security to ignore Mvc [pattern='/js/**']. This is not recommended -- please use permitAll via HttpSecurity#authorizeHttpRequests instead.
2024-06-05T10:57:34.862+07:00  INFO 9852 --- [restartedMain] o.s.s.web.DefaultSecurityFilterChain     : Will not secure Mvc [pattern='/js/**']
2024-06-05T10:57:34.862+07:00  WARN 9852 --- [restartedMain] o.s.s.c.a.web.builders.WebSecurity       : You are asking Spring Security to ignore Mvc [pattern='/webjars/**']. This is not recommended -- please use permitAll via HttpSecurity#authorizeHttpRequests instead.
2024-06-05T10:57:34.862+07:00  INFO 9852 --- [restartedMain] o.s.s.web.DefaultSecurityFilterChain     : Will not secure Mvc [pattern='/webjars/**']
2024-06-05T10:57:34.862+07:00  WARN 9852 --- [restartedMain] o.s.s.c.a.web.builders.WebSecurity       : You are asking Spring Security to ignore Mvc [pattern='/css/**']. This is not recommended -- please use permitAll via HttpSecurity#authorizeHttpRequests instead.
2024-06-05T10:57:34.863+07:00  INFO 9852 --- [restartedMain] o.s.s.web.DefaultSecurityFilterChain     : Will not secure Mvc [pattern='/css/**']
2024-06-05T10:57:34.863+07:00  WARN 9852 --- [restartedMain] o.s.s.c.a.web.builders.WebSecurity       : You are asking Spring Security to ignore Mvc [pattern='/fontawesome/**']. This is not recommended -- please use permitAll via HttpSecurity#authorizeHttpRequests instead.
2024-06-05T10:57:34.863+07:00  INFO 9852 --- [restartedMain] o.s.s.web.DefaultSecurityFilterChain     : Will not secure Mvc [pattern='/fontawesome/**']
2024-06-05T10:57:34.863+07:00  WARN 9852 --- [restartedMain] o.s.s.c.a.web.builders.WebSecurity       : You are asking Spring Security to ignore Mvc [pattern='/fonts/**']. This is not recommended -- please use permitAll via HttpSecurity#authorizeHttpRequests instead.
2024-06-05T10:57:34.863+07:00  INFO 9852 --- [restartedMain] o.s.s.web.DefaultSecurityFilterChain     : Will not secure Mvc [pattern='/fonts/**']
2024-06-05T10:57:34.863+07:00  WARN 9852 --- [restartedMain] o.s.s.c.a.web.builders.WebSecurity       : You are asking Spring Security to ignore Mvc [pattern='/webfonts/**']. This is not recommended -- please use permitAll via HttpSecurity#authorizeHttpRequests instead.
2024-06-05T10:57:34.864+07:00  INFO 9852 --- [restartedMain] o.s.s.web.DefaultSecurityFilterChain     : Will not secure Mvc [pattern='/webfonts/**']
2024-06-05T10:57:35.166+07:00  WARN 9852 --- [restartedMain] o.s.b.d.a.OptionalLiveReloadServer       : Unable to start LiveReload server
2024-06-05T10:57:35.229+07:00  INFO 9852 --- [restartedMain] o.s.b.w.embedded.tomcat.TomcatWebServer  : Tomcat started on port 8080 (http) with context path '/ShopmmtAdmin'
2024-06-05T10:57:35.242+07:00  INFO 9852 --- [restartedMain] c.s.admin.ShopmmtBackEndApplication      : Started ShopmmtBackEndApplication in 5.931 seconds (process running for 6.597)
2024-06-05T10:57:39.005+07:00  INFO 9852 --- [http-nio-8080-exec-1] o.a.c.c.C.[.[localhost].[/ShopmmtAdmin]  : Initializing Spring DispatcherServlet 'dispatcherServlet'
2024-06-05T10:57:39.005+07:00  INFO 9852 --- [http-nio-8080-exec-1] o.s.web.servlet.DispatcherServlet        : Initializing Servlet 'dispatcherServlet'
2024-06-05T10:57:39.008+07:00  INFO 9852 --- [http-nio-8080-exec-1] o.s.web.servlet.DispatcherServlet        : Completed initialization in 2 ms
2024-06-05T11:00:34.939+07:00  INFO 9852 --- [RMI TCP Connection(12)-127.0.0.1] inMXBeanRegistrar$SpringApplicationAdmin : Application shutdown requested.
2024-06-05T11:00:34.955+07:00  INFO 9852 --- [RMI TCP Connection(12)-127.0.0.1] j.LocalContainerEntityManagerFactoryBean : Closing JPA EntityManagerFactory for persistence unit 'default'
2024-06-05T11:00:34.957+07:00  INFO 9852 --- [RMI TCP Connection(12)-127.0.0.1] com.zaxxer.hikari.HikariDataSource       : HikariPool-1 - Shutdown initiated...
2024-06-05T11:00:34.963+07:00  INFO 9852 --- [RMI TCP Connection(12)-127.0.0.1] com.zaxxer.hikari.HikariDataSource       : HikariPool-1 - Shutdown completed.
2024-06-05T11:14:11.091+07:00  INFO 1984 --- [restartedMain] c.s.admin.ShopmmtBackEndApplication      : Starting ShopmmtBackEndApplication using Java 17.0.10 with PID 1984 (D:\VanTan\DATN\SpringCode\ShopmmtProject\ShopmmtWebParent\ShopmmtBackEnd\target\classes started by Dell in D:\VanTan\DATN\SpringCode\ShopmmtProject\ShopmmtWebParent\ShopmmtBackEnd)
2024-06-05T11:14:11.093+07:00  INFO 1984 --- [restartedMain] c.s.admin.ShopmmtBackEndApplication      : No active profile set, falling back to 1 default profile: "default"
2024-06-05T11:14:11.131+07:00  INFO 1984 --- [restartedMain] .e.DevToolsPropertyDefaultsPostProcessor : Devtools property defaults active! Set 'spring.devtools.add-properties' to 'false' to disable
2024-06-05T11:14:11.131+07:00  INFO 1984 --- [restartedMain] .e.DevToolsPropertyDefaultsPostProcessor : For additional web related logging consider setting the 'logging.level.web' property to 'DEBUG'
2024-06-05T11:14:11.702+07:00  INFO 1984 --- [restartedMain] .s.d.r.c.RepositoryConfigurationDelegate : Bootstrapping Spring Data JPA repositories in DEFAULT mode.
2024-06-05T11:14:11.775+07:00  INFO 1984 --- [restartedMain] .s.d.r.c.RepositoryConfigurationDelegate : Finished Spring Data repository scanning in 65 ms. Found 6 JPA repository interfaces.
2024-06-05T11:14:12.254+07:00  INFO 1984 --- [restartedMain] o.s.b.w.embedded.tomcat.TomcatWebServer  : Tomcat initialized with port 8080 (http)
2024-06-05T11:14:12.266+07:00  INFO 1984 --- [restartedMain] o.apache.catalina.core.StandardService   : Starting service [Tomcat]
2024-06-05T11:14:12.267+07:00  INFO 1984 --- [restartedMain] o.apache.catalina.core.StandardEngine    : Starting Servlet engine: [Apache Tomcat/10.1.20]
2024-06-05T11:14:12.313+07:00  INFO 1984 --- [restartedMain] o.a.c.c.C.[.[localhost].[/ShopmmtAdmin]  : Initializing Spring embedded WebApplicationContext
2024-06-05T11:14:12.314+07:00  INFO 1984 --- [restartedMain] w.s.c.ServletWebServerApplicationContext : Root WebApplicationContext: initialization completed in 1182 ms
2024-06-05T11:14:12.396+07:00  WARN 1984 --- [restartedMain] o.a.c.c.C.[.[localhost].[/ShopmmtAdmin]  : Cannot deserialize session attribute [SPRING_SECURITY_CONTEXT] for session [6831C978889DFF893A8FD89A7CAAEB72]
2024-06-05T11:14:12.482+07:00  INFO 1984 --- [restartedMain] o.hibernate.jpa.internal.util.LogHelper  : HHH000204: Processing PersistenceUnitInfo [name: default]
2024-06-05T11:14:12.531+07:00  INFO 1984 --- [restartedMain] org.hibernate.Version                    : HHH000412: Hibernate ORM core version 6.4.4.Final
2024-06-05T11:14:12.564+07:00  INFO 1984 --- [restartedMain] o.h.c.internal.RegionFactoryInitiator    : HHH000026: Second-level cache disabled
2024-06-05T11:14:12.765+07:00  INFO 1984 --- [restartedMain] o.s.o.j.p.SpringPersistenceUnitInfo      : No LoadTimeWeaver setup: ignoring JPA class transformer
2024-06-05T11:14:12.791+07:00  INFO 1984 --- [restartedMain] com.zaxxer.hikari.HikariDataSource       : HikariPool-1 - Starting...
2024-06-05T11:14:13.057+07:00  INFO 1984 --- [restartedMain] com.zaxxer.hikari.pool.HikariPool        : HikariPool-1 - Added connection com.mysql.cj.jdbc.ConnectionImpl@6c1f2b6a
2024-06-05T11:14:13.060+07:00  INFO 1984 --- [restartedMain] com.zaxxer.hikari.HikariDataSource       : HikariPool-1 - Start completed.
2024-06-05T11:14:14.048+07:00  INFO 1984 --- [restartedMain] o.h.e.t.j.p.i.JtaPlatformInitiator       : HHH000489: No JTA platform available (set 'hibernate.transaction.jta.platform' to enable JTA platform integration)
2024-06-05T11:14:14.151+07:00  INFO 1984 --- [restartedMain] j.LocalContainerEntityManagerFactoryBean : Initialized JPA EntityManagerFactory for persistence unit 'default'
2024-06-05T11:14:14.340+07:00  INFO 1984 --- [restartedMain] o.s.d.j.r.query.QueryEnhancerFactory     : Hibernate is in classpath; If applicable, HQL parser will be used.
2024-06-05T11:14:14.994+07:00  WARN 1984 --- [restartedMain] JpaBaseConfiguration$JpaWebConfiguration : spring.jpa.open-in-view is enabled by default. Therefore, database queries may be performed during view rendering. Explicitly configure spring.jpa.open-in-view to disable this warning
2024-06-05T11:14:15.072+07:00  INFO 1984 --- [restartedMain] o.s.b.a.w.s.WelcomePageHandlerMapping    : Adding welcome page template: index
2024-06-05T11:14:15.484+07:00  INFO 1984 --- [restartedMain] o.s.s.web.DefaultSecurityFilterChain     : Will secure any request with [org.springframework.security.web.session.DisableEncodeUrlFilter@2ed223ef, org.springframework.security.web.context.request.async.WebAsyncManagerIntegrationFilter@65f98f3b, org.springframework.security.web.context.SecurityContextHolderFilter@51ae9d2c, org.springframework.security.web.header.HeaderWriterFilter@eaf5a5c, org.springframework.web.filter.CorsFilter@699e6876, org.springframework.security.web.csrf.CsrfFilter@2058925d, org.springframework.security.web.authentication.logout.LogoutFilter@78cafe0b, org.springframework.security.web.authentication.UsernamePasswordAuthenticationFilter@9e950f6, org.springframework.security.web.savedrequest.RequestCacheAwareFilter@182763e, org.springframework.security.web.servletapi.SecurityContextHolderAwareRequestFilter@66bf025b, org.springframework.security.web.authentication.rememberme.RememberMeAuthenticationFilter@686c90f2, org.springframework.security.web.authentication.AnonymousAuthenticationFilter@79738813, org.springframework.security.web.access.ExceptionTranslationFilter@5644c856, org.springframework.security.web.access.intercept.AuthorizationFilter@54ca3b82]
2024-06-05T11:14:15.490+07:00  WARN 1984 --- [restartedMain] o.s.s.c.a.web.builders.WebSecurity       : You are asking Spring Security to ignore Mvc [pattern='/images/**']. This is not recommended -- please use permitAll via HttpSecurity#authorizeHttpRequests instead.
2024-06-05T11:14:15.490+07:00  INFO 1984 --- [restartedMain] o.s.s.web.DefaultSecurityFilterChain     : Will not secure Mvc [pattern='/images/**']
2024-06-05T11:14:15.490+07:00  WARN 1984 --- [restartedMain] o.s.s.c.a.web.builders.WebSecurity       : You are asking Spring Security to ignore Mvc [pattern='/js/**']. This is not recommended -- please use permitAll via HttpSecurity#authorizeHttpRequests instead.
2024-06-05T11:14:15.490+07:00  INFO 1984 --- [restartedMain] o.s.s.web.DefaultSecurityFilterChain     : Will not secure Mvc [pattern='/js/**']
2024-06-05T11:14:15.490+07:00  WARN 1984 --- [restartedMain] o.s.s.c.a.web.builders.WebSecurity       : You are asking Spring Security to ignore Mvc [pattern='/webjars/**']. This is not recommended -- please use permitAll via HttpSecurity#authorizeHttpRequests instead.
2024-06-05T11:14:15.490+07:00  INFO 1984 --- [restartedMain] o.s.s.web.DefaultSecurityFilterChain     : Will not secure Mvc [pattern='/webjars/**']
2024-06-05T11:14:15.490+07:00  WARN 1984 --- [restartedMain] o.s.s.c.a.web.builders.WebSecurity       : You are asking Spring Security to ignore Mvc [pattern='/css/**']. This is not recommended -- please use permitAll via HttpSecurity#authorizeHttpRequests instead.
2024-06-05T11:14:15.491+07:00  INFO 1984 --- [restartedMain] o.s.s.web.DefaultSecurityFilterChain     : Will not secure Mvc [pattern='/css/**']
2024-06-05T11:14:15.491+07:00  WARN 1984 --- [restartedMain] o.s.s.c.a.web.builders.WebSecurity       : You are asking Spring Security to ignore Mvc [pattern='/fontawesome/**']. This is not recommended -- please use permitAll via HttpSecurity#authorizeHttpRequests instead.
2024-06-05T11:14:15.491+07:00  INFO 1984 --- [restartedMain] o.s.s.web.DefaultSecurityFilterChain     : Will not secure Mvc [pattern='/fontawesome/**']
2024-06-05T11:14:15.491+07:00  WARN 1984 --- [restartedMain] o.s.s.c.a.web.builders.WebSecurity       : You are asking Spring Security to ignore Mvc [pattern='/fonts/**']. This is not recommended -- please use permitAll via HttpSecurity#authorizeHttpRequests instead.
2024-06-05T11:14:15.491+07:00  INFO 1984 --- [restartedMain] o.s.s.web.DefaultSecurityFilterChain     : Will not secure Mvc [pattern='/fonts/**']
2024-06-05T11:14:15.491+07:00  WARN 1984 --- [restartedMain] o.s.s.c.a.web.builders.WebSecurity       : You are asking Spring Security to ignore Mvc [pattern='/webfonts/**']. This is not recommended -- please use permitAll via HttpSecurity#authorizeHttpRequests instead.
2024-06-05T11:14:15.491+07:00  INFO 1984 --- [restartedMain] o.s.s.web.DefaultSecurityFilterChain     : Will not secure Mvc [pattern='/webfonts/**']
2024-06-05T11:14:15.692+07:00  WARN 1984 --- [restartedMain] o.s.b.d.a.OptionalLiveReloadServer       : Unable to start LiveReload server
2024-06-05T11:14:15.727+07:00  INFO 1984 --- [restartedMain] o.s.b.w.embedded.tomcat.TomcatWebServer  : Tomcat started on port 8080 (http) with context path '/ShopmmtAdmin'
2024-06-05T11:14:15.735+07:00  INFO 1984 --- [restartedMain] c.s.admin.ShopmmtBackEndApplication      : Started ShopmmtBackEndApplication in 4.972 seconds (process running for 5.615)
2024-06-05T11:14:20.499+07:00  INFO 1984 --- [http-nio-8080-exec-1] o.a.c.c.C.[.[localhost].[/ShopmmtAdmin]  : Initializing Spring DispatcherServlet 'dispatcherServlet'
2024-06-05T11:14:20.499+07:00  INFO 1984 --- [http-nio-8080-exec-1] o.s.web.servlet.DispatcherServlet        : Initializing Servlet 'dispatcherServlet'
2024-06-05T11:14:20.502+07:00  INFO 1984 --- [http-nio-8080-exec-1] o.s.web.servlet.DispatcherServlet        : Completed initialization in 2 ms
2024-06-05T11:21:08.033+07:00  INFO 1984 --- [File Watcher] rtingClassPathChangeChangedEventListener : Restarting due to 4 class path changes (0 additions, 0 deletions, 4 modifications)
2024-06-05T11:21:08.050+07:00  INFO 1984 --- [Thread-1] j.LocalContainerEntityManagerFactoryBean : Closing JPA EntityManagerFactory for persistence unit 'default'
2024-06-05T11:21:08.053+07:00  INFO 1984 --- [Thread-1] com.zaxxer.hikari.HikariDataSource       : HikariPool-1 - Shutdown initiated...
2024-06-05T11:21:08.060+07:00  INFO 1984 --- [Thread-1] com.zaxxer.hikari.HikariDataSource       : HikariPool-1 - Shutdown completed.
2024-06-05T11:21:08.151+07:00  INFO 1984 --- [restartedMain] c.s.admin.ShopmmtBackEndApplication      : Starting ShopmmtBackEndApplication using Java 17.0.10 with PID 1984 (D:\VanTan\DATN\SpringCode\ShopmmtProject\ShopmmtWebParent\ShopmmtBackEnd\target\classes started by Dell in D:\VanTan\DATN\SpringCode\ShopmmtProject\ShopmmtWebParent\ShopmmtBackEnd)
2024-06-05T11:21:08.151+07:00  INFO 1984 --- [restartedMain] c.s.admin.ShopmmtBackEndApplication      : No active profile set, falling back to 1 default profile: "default"
2024-06-05T11:21:08.395+07:00  INFO 1984 --- [restartedMain] .s.d.r.c.RepositoryConfigurationDelegate : Bootstrapping Spring Data JPA repositories in DEFAULT mode.
2024-06-05T11:21:08.414+07:00  INFO 1984 --- [restartedMain] .s.d.r.c.RepositoryConfigurationDelegate : Finished Spring Data repository scanning in 19 ms. Found 6 JPA repository interfaces.
2024-06-05T11:21:08.542+07:00  INFO 1984 --- [restartedMain] o.s.b.w.embedded.tomcat.TomcatWebServer  : Tomcat initialized with port 8080 (http)
2024-06-05T11:21:08.543+07:00  INFO 1984 --- [restartedMain] o.apache.catalina.core.StandardService   : Starting service [Tomcat]
2024-06-05T11:21:08.543+07:00  INFO 1984 --- [restartedMain] o.apache.catalina.core.StandardEngine    : Starting Servlet engine: [Apache Tomcat/10.1.20]
2024-06-05T11:21:08.563+07:00  INFO 1984 --- [restartedMain] o.a.c.c.C.[.[localhost].[/ShopmmtAdmin]  : Initializing Spring embedded WebApplicationContext
2024-06-05T11:21:08.563+07:00  INFO 1984 --- [restartedMain] w.s.c.ServletWebServerApplicationContext : Root WebApplicationContext: initialization completed in 408 ms
2024-06-05T11:21:08.586+07:00  WARN 1984 --- [restartedMain] o.a.c.c.C.[.[localhost].[/ShopmmtAdmin]  : Cannot deserialize session attribute [SPRING_SECURITY_CONTEXT] for session [EB3EE82FCE7310C21694F3653DE286B7]
2024-06-05T11:21:08.617+07:00  INFO 1984 --- [restartedMain] o.hibernate.jpa.internal.util.LogHelper  : HHH000204: Processing PersistenceUnitInfo [name: default]
2024-06-05T11:21:08.623+07:00  INFO 1984 --- [restartedMain] o.h.c.internal.RegionFactoryInitiator    : HHH000026: Second-level cache disabled
2024-06-05T11:21:08.627+07:00  INFO 1984 --- [restartedMain] o.s.o.j.p.SpringPersistenceUnitInfo      : No LoadTimeWeaver setup: ignoring JPA class transformer
2024-06-05T11:21:08.628+07:00  INFO 1984 --- [restartedMain] com.zaxxer.hikari.HikariDataSource       : HikariPool-2 - Starting...
2024-06-05T11:21:08.643+07:00  INFO 1984 --- [restartedMain] com.zaxxer.hikari.pool.HikariPool        : HikariPool-2 - Added connection com.mysql.cj.jdbc.ConnectionImpl@7031e89d
2024-06-05T11:21:08.643+07:00  INFO 1984 --- [restartedMain] com.zaxxer.hikari.HikariDataSource       : HikariPool-2 - Start completed.
2024-06-05T11:21:08.793+07:00  INFO 1984 --- [restartedMain] o.h.e.t.j.p.i.JtaPlatformInitiator       : HHH000489: No JTA platform available (set 'hibernate.transaction.jta.platform' to enable JTA platform integration)
2024-06-05T11:21:08.865+07:00  INFO 1984 --- [restartedMain] j.LocalContainerEntityManagerFactoryBean : Initialized JPA EntityManagerFactory for persistence unit 'default'
2024-06-05T11:21:09.005+07:00  WARN 1984 --- [restartedMain] JpaBaseConfiguration$JpaWebConfiguration : spring.jpa.open-in-view is enabled by default. Therefore, database queries may be performed during view rendering. Explicitly configure spring.jpa.open-in-view to disable this warning
2024-06-05T11:21:09.024+07:00  INFO 1984 --- [restartedMain] o.s.b.a.w.s.WelcomePageHandlerMapping    : Adding welcome page template: index
2024-06-05T11:21:09.230+07:00  INFO 1984 --- [restartedMain] o.s.s.web.DefaultSecurityFilterChain     : Will secure any request with [org.springframework.security.web.session.DisableEncodeUrlFilter@53250e94, org.springframework.security.web.context.request.async.WebAsyncManagerIntegrationFilter@2a0b7d5e, org.springframework.security.web.context.SecurityContextHolderFilter@221d4938, org.springframework.security.web.header.HeaderWriterFilter@767d9651, org.springframework.web.filter.CorsFilter@2f894610, org.springframework.security.web.csrf.CsrfFilter@2ec8d101, org.springframework.security.web.authentication.logout.LogoutFilter@3a65fd5, org.springframework.security.web.authentication.UsernamePasswordAuthenticationFilter@714e8936, org.springframework.security.web.savedrequest.RequestCacheAwareFilter@4a35d4a3, org.springframework.security.web.servletapi.SecurityContextHolderAwareRequestFilter@359b10e4, org.springframework.security.web.authentication.rememberme.RememberMeAuthenticationFilter@24d780b1, org.springframework.security.web.authentication.AnonymousAuthenticationFilter@37438958, org.springframework.security.web.access.ExceptionTranslationFilter@7071f41d, org.springframework.security.web.access.intercept.AuthorizationFilter@40273e10]
2024-06-05T11:21:09.233+07:00  WARN 1984 --- [restartedMain] o.s.s.c.a.web.builders.WebSecurity       : You are asking Spring Security to ignore Mvc [pattern='/images/**']. This is not recommended -- please use permitAll via HttpSecurity#authorizeHttpRequests instead.
2024-06-05T11:21:09.233+07:00  INFO 1984 --- [restartedMain] o.s.s.web.DefaultSecurityFilterChain     : Will not secure Mvc [pattern='/images/**']
2024-06-05T11:21:09.233+07:00  WARN 1984 --- [restartedMain] o.s.s.c.a.web.builders.WebSecurity       : You are asking Spring Security to ignore Mvc [pattern='/js/**']. This is not recommended -- please use permitAll via HttpSecurity#authorizeHttpRequests instead.
2024-06-05T11:21:09.233+07:00  INFO 1984 --- [restartedMain] o.s.s.web.DefaultSecurityFilterChain     : Will not secure Mvc [pattern='/js/**']
2024-06-05T11:21:09.233+07:00  WARN 1984 --- [restartedMain] o.s.s.c.a.web.builders.WebSecurity       : You are asking Spring Security to ignore Mvc [pattern='/webjars/**']. This is not recommended -- please use permitAll via HttpSecurity#authorizeHttpRequests instead.
2024-06-05T11:21:09.233+07:00  INFO 1984 --- [restartedMain] o.s.s.web.DefaultSecurityFilterChain     : Will not secure Mvc [pattern='/webjars/**']
2024-06-05T11:21:09.233+07:00  WARN 1984 --- [restartedMain] o.s.s.c.a.web.builders.WebSecurity       : You are asking Spring Security to ignore Mvc [pattern='/css/**']. This is not recommended -- please use permitAll via HttpSecurity#authorizeHttpRequests instead.
2024-06-05T11:21:09.233+07:00  INFO 1984 --- [restartedMain] o.s.s.web.DefaultSecurityFilterChain     : Will not secure Mvc [pattern='/css/**']
2024-06-05T11:21:09.233+07:00  WARN 1984 --- [restartedMain] o.s.s.c.a.web.builders.WebSecurity       : You are asking Spring Security to ignore Mvc [pattern='/fontawesome/**']. This is not recommended -- please use permitAll via HttpSecurity#authorizeHttpRequests instead.
2024-06-05T11:21:09.233+07:00  INFO 1984 --- [restartedMain] o.s.s.web.DefaultSecurityFilterChain     : Will not secure Mvc [pattern='/fontawesome/**']
2024-06-05T11:21:09.233+07:00  WARN 1984 --- [restartedMain] o.s.s.c.a.web.builders.WebSecurity       : You are asking Spring Security to ignore Mvc [pattern='/fonts/**']. This is not recommended -- please use permitAll via HttpSecurity#authorizeHttpRequests instead.
2024-06-05T11:21:09.233+07:00  INFO 1984 --- [restartedMain] o.s.s.web.DefaultSecurityFilterChain     : Will not secure Mvc [pattern='/fonts/**']
2024-06-05T11:21:09.233+07:00  WARN 1984 --- [restartedMain] o.s.s.c.a.web.builders.WebSecurity       : You are asking Spring Security to ignore Mvc [pattern='/webfonts/**']. This is not recommended -- please use permitAll via HttpSecurity#authorizeHttpRequests instead.
2024-06-05T11:21:09.233+07:00  INFO 1984 --- [restartedMain] o.s.s.web.DefaultSecurityFilterChain     : Will not secure Mvc [pattern='/webfonts/**']
2024-06-05T11:21:09.299+07:00  WARN 1984 --- [restartedMain] o.s.b.d.a.OptionalLiveReloadServer       : Unable to start LiveReload server
2024-06-05T11:21:09.311+07:00  INFO 1984 --- [restartedMain] o.s.b.w.embedded.tomcat.TomcatWebServer  : Tomcat started on port 8080 (http) with context path '/ShopmmtAdmin'
2024-06-05T11:21:09.318+07:00  INFO 1984 --- [restartedMain] c.s.admin.ShopmmtBackEndApplication      : Started ShopmmtBackEndApplication in 1.193 seconds (process running for 419.197)
2024-06-05T11:21:09.320+07:00  INFO 1984 --- [restartedMain] .ConditionEvaluationDeltaLoggingListener : Condition evaluation unchanged
2024-06-05T11:25:15.384+07:00  INFO 1984 --- [RMI TCP Connection(22)-127.0.0.1] inMXBeanRegistrar$SpringApplicationAdmin : Application shutdown requested.
2024-06-05T11:25:15.397+07:00  INFO 1984 --- [RMI TCP Connection(22)-127.0.0.1] j.LocalContainerEntityManagerFactoryBean : Closing JPA EntityManagerFactory for persistence unit 'default'
2024-06-05T11:25:15.397+07:00  INFO 1984 --- [RMI TCP Connection(22)-127.0.0.1] com.zaxxer.hikari.HikariDataSource       : HikariPool-2 - Shutdown initiated...
2024-06-05T11:25:15.400+07:00  INFO 1984 --- [RMI TCP Connection(22)-127.0.0.1] com.zaxxer.hikari.HikariDataSource       : HikariPool-2 - Shutdown completed.
2024-06-05T13:57:48.055+07:00  INFO 9808 --- [restartedMain] c.s.admin.ShopmmtBackEndApplication      : Starting ShopmmtBackEndApplication using Java 17.0.10 with PID 9808 (D:\VanTan\DATN\SpringCode\ShopmmtProject\ShopmmtWebParent\ShopmmtBackEnd\target\classes started by Dell in D:\VanTan\DATN\SpringCode\ShopmmtProject\ShopmmtWebParent\ShopmmtBackEnd)
2024-06-05T13:57:48.058+07:00  INFO 9808 --- [restartedMain] c.s.admin.ShopmmtBackEndApplication      : No active profile set, falling back to 1 default profile: "default"
2024-06-05T13:57:48.103+07:00  INFO 9808 --- [restartedMain] .e.DevToolsPropertyDefaultsPostProcessor : Devtools property defaults active! Set 'spring.devtools.add-properties' to 'false' to disable
2024-06-05T13:57:48.103+07:00  INFO 9808 --- [restartedMain] .e.DevToolsPropertyDefaultsPostProcessor : For additional web related logging consider setting the 'logging.level.web' property to 'DEBUG'
2024-06-05T13:57:49.142+07:00  INFO 9808 --- [restartedMain] .s.d.r.c.RepositoryConfigurationDelegate : Bootstrapping Spring Data JPA repositories in DEFAULT mode.
2024-06-05T13:57:49.216+07:00  INFO 9808 --- [restartedMain] .s.d.r.c.RepositoryConfigurationDelegate : Finished Spring Data repository scanning in 65 ms. Found 6 JPA repository interfaces.
2024-06-05T13:57:49.891+07:00  INFO 9808 --- [restartedMain] o.s.b.w.embedded.tomcat.TomcatWebServer  : Tomcat initialized with port 8080 (http)
2024-06-05T13:57:49.903+07:00  INFO 9808 --- [restartedMain] o.apache.catalina.core.StandardService   : Starting service [Tomcat]
2024-06-05T13:57:49.903+07:00  INFO 9808 --- [restartedMain] o.apache.catalina.core.StandardEngine    : Starting Servlet engine: [Apache Tomcat/10.1.20]
2024-06-05T13:57:49.960+07:00  INFO 9808 --- [restartedMain] o.a.c.c.C.[.[localhost].[/ShopmmtAdmin]  : Initializing Spring embedded WebApplicationContext
2024-06-05T13:57:49.960+07:00  INFO 9808 --- [restartedMain] w.s.c.ServletWebServerApplicationContext : Root WebApplicationContext: initialization completed in 1856 ms
2024-06-05T13:57:50.126+07:00  INFO 9808 --- [restartedMain] o.hibernate.jpa.internal.util.LogHelper  : HHH000204: Processing PersistenceUnitInfo [name: default]
2024-06-05T13:57:50.180+07:00  INFO 9808 --- [restartedMain] org.hibernate.Version                    : HHH000412: Hibernate ORM core version 6.4.4.Final
2024-06-05T13:57:50.214+07:00  INFO 9808 --- [restartedMain] o.h.c.internal.RegionFactoryInitiator    : HHH000026: Second-level cache disabled
2024-06-05T13:57:50.432+07:00  INFO 9808 --- [restartedMain] o.s.o.j.p.SpringPersistenceUnitInfo      : No LoadTimeWeaver setup: ignoring JPA class transformer
2024-06-05T13:57:50.460+07:00  INFO 9808 --- [restartedMain] com.zaxxer.hikari.HikariDataSource       : HikariPool-1 - Starting...
2024-06-05T13:57:50.746+07:00  INFO 9808 --- [restartedMain] com.zaxxer.hikari.pool.HikariPool        : HikariPool-1 - Added connection com.mysql.cj.jdbc.ConnectionImpl@5e389e3c
2024-06-05T13:57:50.748+07:00  INFO 9808 --- [restartedMain] com.zaxxer.hikari.HikariDataSource       : HikariPool-1 - Start completed.
2024-06-05T13:57:51.920+07:00  INFO 9808 --- [restartedMain] o.h.e.t.j.p.i.JtaPlatformInitiator       : HHH000489: No JTA platform available (set 'hibernate.transaction.jta.platform' to enable JTA platform integration)
2024-06-05T13:57:52.035+07:00  INFO 9808 --- [restartedMain] j.LocalContainerEntityManagerFactoryBean : Initialized JPA EntityManagerFactory for persistence unit 'default'
2024-06-05T13:57:52.260+07:00  INFO 9808 --- [restartedMain] o.s.d.j.r.query.QueryEnhancerFactory     : Hibernate is in classpath; If applicable, HQL parser will be used.
2024-06-05T13:57:52.974+07:00  WARN 9808 --- [restartedMain] JpaBaseConfiguration$JpaWebConfiguration : spring.jpa.open-in-view is enabled by default. Therefore, database queries may be performed during view rendering. Explicitly configure spring.jpa.open-in-view to disable this warning
2024-06-05T13:57:53.067+07:00  INFO 9808 --- [restartedMain] o.s.b.a.w.s.WelcomePageHandlerMapping    : Adding welcome page template: index
2024-06-05T13:57:53.573+07:00  INFO 9808 --- [restartedMain] o.s.s.web.DefaultSecurityFilterChain     : Will secure any request with [org.springframework.security.web.session.DisableEncodeUrlFilter@14376e55, org.springframework.security.web.context.request.async.WebAsyncManagerIntegrationFilter@65a87492, org.springframework.security.web.context.SecurityContextHolderFilter@77897355, org.springframework.security.web.header.HeaderWriterFilter@73d78fd9, org.springframework.web.filter.CorsFilter@6f2cda41, org.springframework.security.web.csrf.CsrfFilter@45baca15, org.springframework.security.web.authentication.logout.LogoutFilter@f164924, org.springframework.security.web.authentication.UsernamePasswordAuthenticationFilter@49752740, org.springframework.security.web.savedrequest.RequestCacheAwareFilter@666d6f68, org.springframework.security.web.servletapi.SecurityContextHolderAwareRequestFilter@6562058f, org.springframework.security.web.authentication.rememberme.RememberMeAuthenticationFilter@49686cda, org.springframework.security.web.authentication.AnonymousAuthenticationFilter@5b459a15, org.springframework.security.web.access.ExceptionTranslationFilter@3280719d, org.springframework.security.web.access.intercept.AuthorizationFilter@6d4a10f6]
2024-06-05T13:57:53.581+07:00  WARN 9808 --- [restartedMain] o.s.s.c.a.web.builders.WebSecurity       : You are asking Spring Security to ignore Mvc [pattern='/images/**']. This is not recommended -- please use permitAll via HttpSecurity#authorizeHttpRequests instead.
2024-06-05T13:57:53.582+07:00  INFO 9808 --- [restartedMain] o.s.s.web.DefaultSecurityFilterChain     : Will not secure Mvc [pattern='/images/**']
2024-06-05T13:57:53.582+07:00  WARN 9808 --- [restartedMain] o.s.s.c.a.web.builders.WebSecurity       : You are asking Spring Security to ignore Mvc [pattern='/js/**']. This is not recommended -- please use permitAll via HttpSecurity#authorizeHttpRequests instead.
2024-06-05T13:57:53.582+07:00  INFO 9808 --- [restartedMain] o.s.s.web.DefaultSecurityFilterChain     : Will not secure Mvc [pattern='/js/**']
2024-06-05T13:57:53.582+07:00  WARN 9808 --- [restartedMain] o.s.s.c.a.web.builders.WebSecurity       : You are asking Spring Security to ignore Mvc [pattern='/webjars/**']. This is not recommended -- please use permitAll via HttpSecurity#authorizeHttpRequests instead.
2024-06-05T13:57:53.582+07:00  INFO 9808 --- [restartedMain] o.s.s.web.DefaultSecurityFilterChain     : Will not secure Mvc [pattern='/webjars/**']
2024-06-05T13:57:53.582+07:00  WARN 9808 --- [restartedMain] o.s.s.c.a.web.builders.WebSecurity       : You are asking Spring Security to ignore Mvc [pattern='/css/**']. This is not recommended -- please use permitAll via HttpSecurity#authorizeHttpRequests instead.
2024-06-05T13:57:53.582+07:00  INFO 9808 --- [restartedMain] o.s.s.web.DefaultSecurityFilterChain     : Will not secure Mvc [pattern='/css/**']
2024-06-05T13:57:53.583+07:00  WARN 9808 --- [restartedMain] o.s.s.c.a.web.builders.WebSecurity       : You are asking Spring Security to ignore Mvc [pattern='/fontawesome/**']. This is not recommended -- please use permitAll via HttpSecurity#authorizeHttpRequests instead.
2024-06-05T13:57:53.583+07:00  INFO 9808 --- [restartedMain] o.s.s.web.DefaultSecurityFilterChain     : Will not secure Mvc [pattern='/fontawesome/**']
2024-06-05T13:57:53.583+07:00  WARN 9808 --- [restartedMain] o.s.s.c.a.web.builders.WebSecurity       : You are asking Spring Security to ignore Mvc [pattern='/fonts/**']. This is not recommended -- please use permitAll via HttpSecurity#authorizeHttpRequests instead.
2024-06-05T13:57:53.583+07:00  INFO 9808 --- [restartedMain] o.s.s.web.DefaultSecurityFilterChain     : Will not secure Mvc [pattern='/fonts/**']
2024-06-05T13:57:53.583+07:00  WARN 9808 --- [restartedMain] o.s.s.c.a.web.builders.WebSecurity       : You are asking Spring Security to ignore Mvc [pattern='/webfonts/**']. This is not recommended -- please use permitAll via HttpSecurity#authorizeHttpRequests instead.
2024-06-05T13:57:53.583+07:00  INFO 9808 --- [restartedMain] o.s.s.web.DefaultSecurityFilterChain     : Will not secure Mvc [pattern='/webfonts/**']
2024-06-05T13:57:53.865+07:00  WARN 9808 --- [restartedMain] o.s.b.d.a.OptionalLiveReloadServer       : Unable to start LiveReload server
2024-06-05T13:57:53.917+07:00  INFO 9808 --- [restartedMain] o.s.b.w.embedded.tomcat.TomcatWebServer  : Tomcat started on port 8080 (http) with context path '/ShopmmtAdmin'
2024-06-05T13:57:53.930+07:00  INFO 9808 --- [restartedMain] c.s.admin.ShopmmtBackEndApplication      : Started ShopmmtBackEndApplication in 6.211 seconds (process running for 6.857)
2024-06-05T13:58:06.436+07:00  INFO 9808 --- [http-nio-8080-exec-1] o.a.c.c.C.[.[localhost].[/ShopmmtAdmin]  : Initializing Spring DispatcherServlet 'dispatcherServlet'
2024-06-05T13:58:06.436+07:00  INFO 9808 --- [http-nio-8080-exec-1] o.s.web.servlet.DispatcherServlet        : Initializing Servlet 'dispatcherServlet'
2024-06-05T13:58:06.438+07:00  INFO 9808 --- [http-nio-8080-exec-1] o.s.web.servlet.DispatcherServlet        : Completed initialization in 2 ms
2024-06-05T14:05:46.631+07:00  INFO 9808 --- [RMI TCP Connection(17)-127.0.0.1] inMXBeanRegistrar$SpringApplicationAdmin : Application shutdown requested.
2024-06-05T14:05:46.650+07:00  INFO 9808 --- [RMI TCP Connection(17)-127.0.0.1] j.LocalContainerEntityManagerFactoryBean : Closing JPA EntityManagerFactory for persistence unit 'default'
2024-06-05T14:05:46.656+07:00  INFO 9808 --- [RMI TCP Connection(17)-127.0.0.1] com.zaxxer.hikari.HikariDataSource       : HikariPool-1 - Shutdown initiated...
2024-06-05T14:05:46.662+07:00  INFO 9808 --- [RMI TCP Connection(17)-127.0.0.1] com.zaxxer.hikari.HikariDataSource       : HikariPool-1 - Shutdown completed.
2024-06-05T14:27:38.465+07:00  INFO 4064 --- [restartedMain] c.s.admin.ShopmmtBackEndApplication      : Starting ShopmmtBackEndApplication using Java 17.0.10 with PID 4064 (D:\VanTan\DATN\SpringCode\ShopmmtProject\ShopmmtWebParent\ShopmmtBackEnd\target\classes started by Dell in D:\VanTan\DATN\SpringCode\ShopmmtProject\ShopmmtWebParent\ShopmmtBackEnd)
2024-06-05T14:27:38.468+07:00  INFO 4064 --- [restartedMain] c.s.admin.ShopmmtBackEndApplication      : No active profile set, falling back to 1 default profile: "default"
2024-06-05T14:27:38.512+07:00  INFO 4064 --- [restartedMain] .e.DevToolsPropertyDefaultsPostProcessor : Devtools property defaults active! Set 'spring.devtools.add-properties' to 'false' to disable
2024-06-05T14:27:38.512+07:00  INFO 4064 --- [restartedMain] .e.DevToolsPropertyDefaultsPostProcessor : For additional web related logging consider setting the 'logging.level.web' property to 'DEBUG'
2024-06-05T14:27:39.127+07:00  INFO 4064 --- [restartedMain] .s.d.r.c.RepositoryConfigurationDelegate : Bootstrapping Spring Data JPA repositories in DEFAULT mode.
2024-06-05T14:27:39.193+07:00  INFO 4064 --- [restartedMain] .s.d.r.c.RepositoryConfigurationDelegate : Finished Spring Data repository scanning in 59 ms. Found 6 JPA repository interfaces.
2024-06-05T14:27:39.686+07:00  INFO 4064 --- [restartedMain] o.s.b.w.embedded.tomcat.TomcatWebServer  : Tomcat initialized with port 8080 (http)
2024-06-05T14:27:39.698+07:00  INFO 4064 --- [restartedMain] o.apache.catalina.core.StandardService   : Starting service [Tomcat]
2024-06-05T14:27:39.699+07:00  INFO 4064 --- [restartedMain] o.apache.catalina.core.StandardEngine    : Starting Servlet engine: [Apache Tomcat/10.1.20]
2024-06-05T14:27:39.746+07:00  INFO 4064 --- [restartedMain] o.a.c.c.C.[.[localhost].[/ShopmmtAdmin]  : Initializing Spring embedded WebApplicationContext
2024-06-05T14:27:39.747+07:00  INFO 4064 --- [restartedMain] w.s.c.ServletWebServerApplicationContext : Root WebApplicationContext: initialization completed in 1235 ms
2024-06-05T14:27:39.814+07:00  WARN 4064 --- [restartedMain] o.a.c.c.C.[.[localhost].[/ShopmmtAdmin]  : Cannot deserialize session attribute [SPRING_SECURITY_CONTEXT] for session [805AD1B41ACCB497D913CB90D4FA1FF5]
2024-06-05T14:27:39.929+07:00  INFO 4064 --- [restartedMain] o.hibernate.jpa.internal.util.LogHelper  : HHH000204: Processing PersistenceUnitInfo [name: default]
2024-06-05T14:27:39.979+07:00  INFO 4064 --- [restartedMain] org.hibernate.Version                    : HHH000412: Hibernate ORM core version 6.4.4.Final
2024-06-05T14:27:40.011+07:00  INFO 4064 --- [restartedMain] o.h.c.internal.RegionFactoryInitiator    : HHH000026: Second-level cache disabled
2024-06-05T14:27:40.211+07:00  INFO 4064 --- [restartedMain] o.s.o.j.p.SpringPersistenceUnitInfo      : No LoadTimeWeaver setup: ignoring JPA class transformer
2024-06-05T14:27:40.236+07:00  INFO 4064 --- [restartedMain] com.zaxxer.hikari.HikariDataSource       : HikariPool-1 - Starting...
2024-06-05T14:27:40.494+07:00  INFO 4064 --- [restartedMain] com.zaxxer.hikari.pool.HikariPool        : HikariPool-1 - Added connection com.mysql.cj.jdbc.ConnectionImpl@5e5320ba
2024-06-05T14:27:40.496+07:00  INFO 4064 --- [restartedMain] com.zaxxer.hikari.HikariDataSource       : HikariPool-1 - Start completed.
2024-06-05T14:27:41.584+07:00  INFO 4064 --- [restartedMain] o.h.e.t.j.p.i.JtaPlatformInitiator       : HHH000489: No JTA platform available (set 'hibernate.transaction.jta.platform' to enable JTA platform integration)
2024-06-05T14:27:41.704+07:00  INFO 4064 --- [restartedMain] j.LocalContainerEntityManagerFactoryBean : Initialized JPA EntityManagerFactory for persistence unit 'default'
2024-06-05T14:27:41.925+07:00  INFO 4064 --- [restartedMain] o.s.d.j.r.query.QueryEnhancerFactory     : Hibernate is in classpath; If applicable, HQL parser will be used.
2024-06-05T14:27:42.692+07:00  WARN 4064 --- [restartedMain] JpaBaseConfiguration$JpaWebConfiguration : spring.jpa.open-in-view is enabled by default. Therefore, database queries may be performed during view rendering. Explicitly configure spring.jpa.open-in-view to disable this warning
2024-06-05T14:27:42.790+07:00  INFO 4064 --- [restartedMain] o.s.b.a.w.s.WelcomePageHandlerMapping    : Adding welcome page template: index
2024-06-05T14:27:43.281+07:00  INFO 4064 --- [restartedMain] o.s.s.web.DefaultSecurityFilterChain     : Will secure any request with [org.springframework.security.web.session.DisableEncodeUrlFilter@5ce6b860, org.springframework.security.web.context.request.async.WebAsyncManagerIntegrationFilter@130f870f, org.springframework.security.web.context.SecurityContextHolderFilter@fe74dbb, org.springframework.security.web.header.HeaderWriterFilter@391c6144, org.springframework.web.filter.CorsFilter@bd7876e, org.springframework.security.web.csrf.CsrfFilter@42b23f49, org.springframework.security.web.authentication.logout.LogoutFilter@52ee7150, org.springframework.security.web.authentication.UsernamePasswordAuthenticationFilter@7314ed1d, org.springframework.security.web.savedrequest.RequestCacheAwareFilter@8a8ba5c, org.springframework.security.web.servletapi.SecurityContextHolderAwareRequestFilter@c31abf, org.springframework.security.web.authentication.rememberme.RememberMeAuthenticationFilter@2ad642d2, org.springframework.security.web.authentication.AnonymousAuthenticationFilter@75e4033d, org.springframework.security.web.access.ExceptionTranslationFilter@5126784c, org.springframework.security.web.access.intercept.AuthorizationFilter@2541dc4]
2024-06-05T14:27:43.288+07:00  WARN 4064 --- [restartedMain] o.s.s.c.a.web.builders.WebSecurity       : You are asking Spring Security to ignore Mvc [pattern='/images/**']. This is not recommended -- please use permitAll via HttpSecurity#authorizeHttpRequests instead.
2024-06-05T14:27:43.288+07:00  INFO 4064 --- [restartedMain] o.s.s.web.DefaultSecurityFilterChain     : Will not secure Mvc [pattern='/images/**']
2024-06-05T14:27:43.288+07:00  WARN 4064 --- [restartedMain] o.s.s.c.a.web.builders.WebSecurity       : You are asking Spring Security to ignore Mvc [pattern='/js/**']. This is not recommended -- please use permitAll via HttpSecurity#authorizeHttpRequests instead.
2024-06-05T14:27:43.288+07:00  INFO 4064 --- [restartedMain] o.s.s.web.DefaultSecurityFilterChain     : Will not secure Mvc [pattern='/js/**']
2024-06-05T14:27:43.289+07:00  WARN 4064 --- [restartedMain] o.s.s.c.a.web.builders.WebSecurity       : You are asking Spring Security to ignore Mvc [pattern='/webjars/**']. This is not recommended -- please use permitAll via HttpSecurity#authorizeHttpRequests instead.
2024-06-05T14:27:43.289+07:00  INFO 4064 --- [restartedMain] o.s.s.web.DefaultSecurityFilterChain     : Will not secure Mvc [pattern='/webjars/**']
2024-06-05T14:27:43.289+07:00  WARN 4064 --- [restartedMain] o.s.s.c.a.web.builders.WebSecurity       : You are asking Spring Security to ignore Mvc [pattern='/css/**']. This is not recommended -- please use permitAll via HttpSecurity#authorizeHttpRequests instead.
2024-06-05T14:27:43.289+07:00  INFO 4064 --- [restartedMain] o.s.s.web.DefaultSecurityFilterChain     : Will not secure Mvc [pattern='/css/**']
2024-06-05T14:27:43.289+07:00  WARN 4064 --- [restartedMain] o.s.s.c.a.web.builders.WebSecurity       : You are asking Spring Security to ignore Mvc [pattern='/fontawesome/**']. This is not recommended -- please use permitAll via HttpSecurity#authorizeHttpRequests instead.
2024-06-05T14:27:43.289+07:00  INFO 4064 --- [restartedMain] o.s.s.web.DefaultSecurityFilterChain     : Will not secure Mvc [pattern='/fontawesome/**']
2024-06-05T14:27:43.289+07:00  WARN 4064 --- [restartedMain] o.s.s.c.a.web.builders.WebSecurity       : You are asking Spring Security to ignore Mvc [pattern='/fonts/**']. This is not recommended -- please use permitAll via HttpSecurity#authorizeHttpRequests instead.
2024-06-05T14:27:43.289+07:00  INFO 4064 --- [restartedMain] o.s.s.web.DefaultSecurityFilterChain     : Will not secure Mvc [pattern='/fonts/**']
2024-06-05T14:27:43.290+07:00  WARN 4064 --- [restartedMain] o.s.s.c.a.web.builders.WebSecurity       : You are asking Spring Security to ignore Mvc [pattern='/webfonts/**']. This is not recommended -- please use permitAll via HttpSecurity#authorizeHttpRequests instead.
2024-06-05T14:27:43.290+07:00  INFO 4064 --- [restartedMain] o.s.s.web.DefaultSecurityFilterChain     : Will not secure Mvc [pattern='/webfonts/**']
2024-06-05T14:27:43.555+07:00  WARN 4064 --- [restartedMain] o.s.b.d.a.OptionalLiveReloadServer       : Unable to start LiveReload server
2024-06-05T14:27:43.600+07:00  INFO 4064 --- [restartedMain] o.s.b.w.embedded.tomcat.TomcatWebServer  : Tomcat started on port 8080 (http) with context path '/ShopmmtAdmin'
2024-06-05T14:27:43.611+07:00  INFO 4064 --- [restartedMain] c.s.admin.ShopmmtBackEndApplication      : Started ShopmmtBackEndApplication in 5.458 seconds (process running for 6.077)
2024-06-05T14:27:54.361+07:00  INFO 4064 --- [http-nio-8080-exec-2] o.a.c.c.C.[.[localhost].[/ShopmmtAdmin]  : Initializing Spring DispatcherServlet 'dispatcherServlet'
2024-06-05T14:27:54.361+07:00  INFO 4064 --- [http-nio-8080-exec-2] o.s.web.servlet.DispatcherServlet        : Initializing Servlet 'dispatcherServlet'
2024-06-05T14:27:54.363+07:00  INFO 4064 --- [http-nio-8080-exec-2] o.s.web.servlet.DispatcherServlet        : Completed initialization in 1 ms
2024-06-05T14:33:23.448+07:00  INFO 4064 --- [RMI TCP Connection(16)-127.0.0.1] inMXBeanRegistrar$SpringApplicationAdmin : Application shutdown requested.
2024-06-05T14:33:23.464+07:00  INFO 4064 --- [RMI TCP Connection(16)-127.0.0.1] j.LocalContainerEntityManagerFactoryBean : Closing JPA EntityManagerFactory for persistence unit 'default'
2024-06-05T14:33:23.466+07:00  INFO 4064 --- [RMI TCP Connection(16)-127.0.0.1] com.zaxxer.hikari.HikariDataSource       : HikariPool-1 - Shutdown initiated...
2024-06-05T14:33:23.472+07:00  INFO 4064 --- [RMI TCP Connection(16)-127.0.0.1] com.zaxxer.hikari.HikariDataSource       : HikariPool-1 - Shutdown completed.
2024-06-05T14:41:49.018+07:00  INFO 12208 --- [restartedMain] c.s.admin.ShopmmtBackEndApplication      : Starting ShopmmtBackEndApplication using Java 17.0.10 with PID 12208 (D:\VanTan\DATN\SpringCode\ShopmmtProject\ShopmmtWebParent\ShopmmtBackEnd\target\classes started by Dell in D:\VanTan\DATN\SpringCode\ShopmmtProject\ShopmmtWebParent\ShopmmtBackEnd)
2024-06-05T14:41:49.020+07:00  INFO 12208 --- [restartedMain] c.s.admin.ShopmmtBackEndApplication      : No active profile set, falling back to 1 default profile: "default"
2024-06-05T14:41:49.062+07:00  INFO 12208 --- [restartedMain] .e.DevToolsPropertyDefaultsPostProcessor : Devtools property defaults active! Set 'spring.devtools.add-properties' to 'false' to disable
2024-06-05T14:41:49.063+07:00  INFO 12208 --- [restartedMain] .e.DevToolsPropertyDefaultsPostProcessor : For additional web related logging consider setting the 'logging.level.web' property to 'DEBUG'
2024-06-05T14:41:49.661+07:00  INFO 12208 --- [restartedMain] .s.d.r.c.RepositoryConfigurationDelegate : Bootstrapping Spring Data JPA repositories in DEFAULT mode.
2024-06-05T14:41:49.727+07:00  INFO 12208 --- [restartedMain] .s.d.r.c.RepositoryConfigurationDelegate : Finished Spring Data repository scanning in 58 ms. Found 6 JPA repository interfaces.
2024-06-05T14:41:50.203+07:00  INFO 12208 --- [restartedMain] o.s.b.w.embedded.tomcat.TomcatWebServer  : Tomcat initialized with port 8080 (http)
2024-06-05T14:41:50.213+07:00  INFO 12208 --- [restartedMain] o.apache.catalina.core.StandardService   : Starting service [Tomcat]
2024-06-05T14:41:50.213+07:00  INFO 12208 --- [restartedMain] o.apache.catalina.core.StandardEngine    : Starting Servlet engine: [Apache Tomcat/10.1.20]
2024-06-05T14:41:50.260+07:00  INFO 12208 --- [restartedMain] o.a.c.c.C.[.[localhost].[/ShopmmtAdmin]  : Initializing Spring embedded WebApplicationContext
2024-06-05T14:41:50.260+07:00  INFO 12208 --- [restartedMain] w.s.c.ServletWebServerApplicationContext : Root WebApplicationContext: initialization completed in 1197 ms
2024-06-05T14:41:50.327+07:00  WARN 12208 --- [restartedMain] o.a.c.c.C.[.[localhost].[/ShopmmtAdmin]  : Cannot deserialize session attribute [SPRING_SECURITY_CONTEXT] for session [DF4E9DBEC8EBB40530A17A255ECE7A83]
2024-06-05T14:41:50.427+07:00  INFO 12208 --- [restartedMain] o.hibernate.jpa.internal.util.LogHelper  : HHH000204: Processing PersistenceUnitInfo [name: default]
2024-06-05T14:41:50.478+07:00  INFO 12208 --- [restartedMain] org.hibernate.Version                    : HHH000412: Hibernate ORM core version 6.4.4.Final
2024-06-05T14:41:50.509+07:00  INFO 12208 --- [restartedMain] o.h.c.internal.RegionFactoryInitiator    : HHH000026: Second-level cache disabled
2024-06-05T14:41:50.694+07:00  INFO 12208 --- [restartedMain] o.s.o.j.p.SpringPersistenceUnitInfo      : No LoadTimeWeaver setup: ignoring JPA class transformer
2024-06-05T14:41:50.719+07:00  INFO 12208 --- [restartedMain] com.zaxxer.hikari.HikariDataSource       : HikariPool-1 - Starting...
2024-06-05T14:41:50.964+07:00  INFO 12208 --- [restartedMain] com.zaxxer.hikari.pool.HikariPool        : HikariPool-1 - Added connection com.mysql.cj.jdbc.ConnectionImpl@1d9f238b
2024-06-05T14:41:50.966+07:00  INFO 12208 --- [restartedMain] com.zaxxer.hikari.HikariDataSource       : HikariPool-1 - Start completed.
2024-06-05T14:41:52.287+07:00  INFO 12208 --- [restartedMain] o.h.e.t.j.p.i.JtaPlatformInitiator       : HHH000489: No JTA platform available (set 'hibernate.transaction.jta.platform' to enable JTA platform integration)
2024-06-05T14:41:52.407+07:00  INFO 12208 --- [restartedMain] j.LocalContainerEntityManagerFactoryBean : Initialized JPA EntityManagerFactory for persistence unit 'default'
2024-06-05T14:41:52.709+07:00  INFO 12208 --- [restartedMain] o.s.d.j.r.query.QueryEnhancerFactory     : Hibernate is in classpath; If applicable, HQL parser will be used.
2024-06-05T14:41:53.737+07:00  WARN 12208 --- [restartedMain] JpaBaseConfiguration$JpaWebConfiguration : spring.jpa.open-in-view is enabled by default. Therefore, database queries may be performed during view rendering. Explicitly configure spring.jpa.open-in-view to disable this warning
2024-06-05T14:41:53.910+07:00  INFO 12208 --- [restartedMain] o.s.b.a.w.s.WelcomePageHandlerMapping    : Adding welcome page template: index
2024-06-05T14:41:54.599+07:00  INFO 12208 --- [restartedMain] o.s.s.web.DefaultSecurityFilterChain     : Will secure any request with [org.springframework.security.web.session.DisableEncodeUrlFilter@37738b7a, org.springframework.security.web.context.request.async.WebAsyncManagerIntegrationFilter@33d9f592, org.springframework.security.web.context.SecurityContextHolderFilter@48e8d121, org.springframework.security.web.header.HeaderWriterFilter@5aebc5c3, org.springframework.web.filter.CorsFilter@20860228, org.springframework.security.web.csrf.CsrfFilter@4c0d, org.springframework.security.web.authentication.logout.LogoutFilter@1410c3a9, org.springframework.security.web.authentication.UsernamePasswordAuthenticationFilter@1dbda7c6, org.springframework.security.web.savedrequest.RequestCacheAwareFilter@9503145, org.springframework.security.web.servletapi.SecurityContextHolderAwareRequestFilter@311e6816, org.springframework.security.web.authentication.rememberme.RememberMeAuthenticationFilter@d23ddfc, org.springframework.security.web.authentication.AnonymousAuthenticationFilter@637b673c, org.springframework.security.web.access.ExceptionTranslationFilter@418e7cbe, org.springframework.security.web.access.intercept.AuthorizationFilter@f38ba21]
2024-06-05T14:41:54.609+07:00  WARN 12208 --- [restartedMain] o.s.s.c.a.web.builders.WebSecurity       : You are asking Spring Security to ignore Mvc [pattern='/images/**']. This is not recommended -- please use permitAll via HttpSecurity#authorizeHttpRequests instead.
2024-06-05T14:41:54.609+07:00  INFO 12208 --- [restartedMain] o.s.s.web.DefaultSecurityFilterChain     : Will not secure Mvc [pattern='/images/**']
2024-06-05T14:41:54.610+07:00  WARN 12208 --- [restartedMain] o.s.s.c.a.web.builders.WebSecurity       : You are asking Spring Security to ignore Mvc [pattern='/js/**']. This is not recommended -- please use permitAll via HttpSecurity#authorizeHttpRequests instead.
2024-06-05T14:41:54.610+07:00  INFO 12208 --- [restartedMain] o.s.s.web.DefaultSecurityFilterChain     : Will not secure Mvc [pattern='/js/**']
2024-06-05T14:41:54.610+07:00  WARN 12208 --- [restartedMain] o.s.s.c.a.web.builders.WebSecurity       : You are asking Spring Security to ignore Mvc [pattern='/webjars/**']. This is not recommended -- please use permitAll via HttpSecurity#authorizeHttpRequests instead.
2024-06-05T14:41:54.610+07:00  INFO 12208 --- [restartedMain] o.s.s.web.DefaultSecurityFilterChain     : Will not secure Mvc [pattern='/webjars/**']
2024-06-05T14:41:54.610+07:00  WARN 12208 --- [restartedMain] o.s.s.c.a.web.builders.WebSecurity       : You are asking Spring Security to ignore Mvc [pattern='/css/**']. This is not recommended -- please use permitAll via HttpSecurity#authorizeHttpRequests instead.
2024-06-05T14:41:54.611+07:00  INFO 12208 --- [restartedMain] o.s.s.web.DefaultSecurityFilterChain     : Will not secure Mvc [pattern='/css/**']
2024-06-05T14:41:54.611+07:00  WARN 12208 --- [restartedMain] o.s.s.c.a.web.builders.WebSecurity       : You are asking Spring Security to ignore Mvc [pattern='/fontawesome/**']. This is not recommended -- please use permitAll via HttpSecurity#authorizeHttpRequests instead.
2024-06-05T14:41:54.611+07:00  INFO 12208 --- [restartedMain] o.s.s.web.DefaultSecurityFilterChain     : Will not secure Mvc [pattern='/fontawesome/**']
2024-06-05T14:41:54.611+07:00  WARN 12208 --- [restartedMain] o.s.s.c.a.web.builders.WebSecurity       : You are asking Spring Security to ignore Mvc [pattern='/fonts/**']. This is not recommended -- please use permitAll via HttpSecurity#authorizeHttpRequests instead.
2024-06-05T14:41:54.611+07:00  INFO 12208 --- [restartedMain] o.s.s.web.DefaultSecurityFilterChain     : Will not secure Mvc [pattern='/fonts/**']
2024-06-05T14:41:54.611+07:00  WARN 12208 --- [restartedMain] o.s.s.c.a.web.builders.WebSecurity       : You are asking Spring Security to ignore Mvc [pattern='/webfonts/**']. This is not recommended -- please use permitAll via HttpSecurity#authorizeHttpRequests instead.
2024-06-05T14:41:54.612+07:00  INFO 12208 --- [restartedMain] o.s.s.web.DefaultSecurityFilterChain     : Will not secure Mvc [pattern='/webfonts/**']
2024-06-05T14:41:54.979+07:00  WARN 12208 --- [restartedMain] o.s.b.d.a.OptionalLiveReloadServer       : Unable to start LiveReload server
2024-06-05T14:41:55.041+07:00  INFO 12208 --- [restartedMain] o.s.b.w.embedded.tomcat.TomcatWebServer  : Tomcat started on port 8080 (http) with context path '/ShopmmtAdmin'
2024-06-05T14:41:55.054+07:00  INFO 12208 --- [restartedMain] c.s.admin.ShopmmtBackEndApplication      : Started ShopmmtBackEndApplication in 6.349 seconds (process running for 7.0)
2024-06-05T14:41:57.700+07:00  INFO 12208 --- [http-nio-8080-exec-1] o.a.c.c.C.[.[localhost].[/ShopmmtAdmin]  : Initializing Spring DispatcherServlet 'dispatcherServlet'
2024-06-05T14:41:57.700+07:00  INFO 12208 --- [http-nio-8080-exec-1] o.s.web.servlet.DispatcherServlet        : Initializing Servlet 'dispatcherServlet'
2024-06-05T14:41:57.702+07:00  INFO 12208 --- [http-nio-8080-exec-1] o.s.web.servlet.DispatcherServlet        : Completed initialization in 2 ms
2024-06-05T14:43:58.311+07:00  INFO 12208 --- [RMI TCP Connection(9)-127.0.0.1] inMXBeanRegistrar$SpringApplicationAdmin : Application shutdown requested.
2024-06-05T14:43:58.327+07:00  INFO 12208 --- [RMI TCP Connection(9)-127.0.0.1] j.LocalContainerEntityManagerFactoryBean : Closing JPA EntityManagerFactory for persistence unit 'default'
2024-06-05T14:43:58.330+07:00  INFO 12208 --- [RMI TCP Connection(9)-127.0.0.1] com.zaxxer.hikari.HikariDataSource       : HikariPool-1 - Shutdown initiated...
2024-06-05T14:43:58.335+07:00  INFO 12208 --- [RMI TCP Connection(9)-127.0.0.1] com.zaxxer.hikari.HikariDataSource       : HikariPool-1 - Shutdown completed.
