2024-06-27T12:57:57.963+07:00  INFO 13852 --- [restartedMain] c.s.admin.ShopmmtBackEndApplication      : Starting ShopmmtBackEndApplication using Java 17.0.10 with PID 13852 (D:\VanTan\DATN\SpringCode\ShopmmtProject\ShopmmtWebParent\ShopmmtBackEnd\target\classes started by Dell in D:\VanTan\DATN\SpringCode\ShopmmtProject\ShopmmtWebParent\ShopmmtBackEnd)
2024-06-27T12:57:57.967+07:00  INFO 13852 --- [restartedMain] c.s.admin.ShopmmtBackEndApplication      : No active profile set, falling back to 1 default profile: "default"
2024-06-27T12:57:58.006+07:00  INFO 13852 --- [restartedMain] .e.DevToolsPropertyDefaultsPostProcessor : Devtools property defaults active! Set 'spring.devtools.add-properties' to 'false' to disable
2024-06-27T12:57:58.006+07:00  INFO 13852 --- [restartedMain] .e.DevToolsPropertyDefaultsPostProcessor : For additional web related logging consider setting the 'logging.level.web' property to 'DEBUG'
2024-06-27T12:57:59.194+07:00  INFO 13852 --- [restartedMain] .s.d.r.c.RepositoryConfigurationDelegate : Bootstrapping Spring Data JPA repositories in DEFAULT mode.
2024-06-27T12:57:59.280+07:00  INFO 13852 --- [restartedMain] .s.d.r.c.RepositoryConfigurationDelegate : Finished Spring Data repository scanning in 78 ms. Found 11 JPA repository interfaces.
2024-06-27T12:57:59.770+07:00  INFO 13852 --- [restartedMain] o.s.b.w.embedded.tomcat.TomcatWebServer  : Tomcat initialized with port 8080 (http)
2024-06-27T12:57:59.780+07:00  INFO 13852 --- [restartedMain] o.apache.catalina.core.StandardService   : Starting service [Tomcat]
2024-06-27T12:57:59.780+07:00  INFO 13852 --- [restartedMain] o.apache.catalina.core.StandardEngine    : Starting Servlet engine: [Apache Tomcat/10.1.20]
2024-06-27T12:57:59.841+07:00  INFO 13852 --- [restartedMain] o.a.c.c.C.[.[localhost].[/ShopmmtAdmin]  : Initializing Spring embedded WebApplicationContext
2024-06-27T12:57:59.842+07:00  INFO 13852 --- [restartedMain] w.s.c.ServletWebServerApplicationContext : Root WebApplicationContext: initialization completed in 1835 ms
2024-06-27T12:57:59.996+07:00  INFO 13852 --- [restartedMain] o.hibernate.jpa.internal.util.LogHelper  : HHH000204: Processing PersistenceUnitInfo [name: default]
2024-06-27T12:58:00.052+07:00  INFO 13852 --- [restartedMain] org.hibernate.Version                    : HHH000412: Hibernate ORM core version 6.4.4.Final
2024-06-27T12:58:00.082+07:00  INFO 13852 --- [restartedMain] o.h.c.internal.RegionFactoryInitiator    : HHH000026: Second-level cache disabled
2024-06-27T12:58:00.308+07:00  INFO 13852 --- [restartedMain] o.s.o.j.p.SpringPersistenceUnitInfo      : No LoadTimeWeaver setup: ignoring JPA class transformer
2024-06-27T12:58:00.340+07:00  INFO 13852 --- [restartedMain] com.zaxxer.hikari.HikariDataSource       : HikariPool-1 - Starting...
2024-06-27T12:58:00.599+07:00  INFO 13852 --- [restartedMain] com.zaxxer.hikari.pool.HikariPool        : HikariPool-1 - Added connection com.mysql.cj.jdbc.ConnectionImpl@2e1e4be8
2024-06-27T12:58:00.601+07:00  INFO 13852 --- [restartedMain] com.zaxxer.hikari.HikariDataSource       : HikariPool-1 - Start completed.
2024-06-27T12:58:01.782+07:00  INFO 13852 --- [restartedMain] o.h.e.t.j.p.i.JtaPlatformInitiator       : HHH000489: No JTA platform available (set 'hibernate.transaction.jta.platform' to enable JTA platform integration)
2024-06-27T12:58:01.959+07:00  INFO 13852 --- [restartedMain] j.LocalContainerEntityManagerFactoryBean : Initialized JPA EntityManagerFactory for persistence unit 'default'
2024-06-27T12:58:02.144+07:00  INFO 13852 --- [restartedMain] o.s.d.j.r.query.QueryEnhancerFactory     : Hibernate is in classpath; If applicable, HQL parser will be used.
2024-06-27T12:58:02.940+07:00  WARN 13852 --- [restartedMain] JpaBaseConfiguration$JpaWebConfiguration : spring.jpa.open-in-view is enabled by default. Therefore, database queries may be performed during view rendering. Explicitly configure spring.jpa.open-in-view to disable this warning
2024-06-27T12:58:03.016+07:00  INFO 13852 --- [restartedMain] o.s.b.a.w.s.WelcomePageHandlerMapping    : Adding welcome page template: index
2024-06-27T12:58:03.465+07:00  INFO 13852 --- [restartedMain] o.s.s.web.DefaultSecurityFilterChain     : Will secure any request with [org.springframework.security.web.session.DisableEncodeUrlFilter@1304f489, org.springframework.security.web.context.request.async.WebAsyncManagerIntegrationFilter@41a4947b, org.springframework.security.web.context.SecurityContextHolderFilter@634a1084, org.springframework.security.web.header.HeaderWriterFilter@1a23a8db, org.springframework.web.filter.CorsFilter@3488f490, org.springframework.security.web.csrf.CsrfFilter@17014b12, org.springframework.security.web.authentication.logout.LogoutFilter@45f1eee0, org.springframework.security.web.authentication.UsernamePasswordAuthenticationFilter@16666adf, org.springframework.security.web.savedrequest.RequestCacheAwareFilter@3c82d5db, org.springframework.security.web.servletapi.SecurityContextHolderAwareRequestFilter@5c3a7e5d, org.springframework.security.web.authentication.rememberme.RememberMeAuthenticationFilter@475641ee, org.springframework.security.web.authentication.AnonymousAuthenticationFilter@82503f7, org.springframework.security.web.access.ExceptionTranslationFilter@48368a4e, org.springframework.security.web.access.intercept.AuthorizationFilter@b8f572d]
2024-06-27T12:58:03.667+07:00  WARN 13852 --- [restartedMain] o.s.b.d.a.OptionalLiveReloadServer       : Unable to start LiveReload server
2024-06-27T12:58:03.713+07:00  INFO 13852 --- [restartedMain] o.s.b.w.embedded.tomcat.TomcatWebServer  : Tomcat started on port 8080 (http) with context path '/ShopmmtAdmin'
2024-06-27T12:58:03.723+07:00  INFO 13852 --- [restartedMain] c.s.admin.ShopmmtBackEndApplication      : Started ShopmmtBackEndApplication in 6.123 seconds (process running for 9.369)
2024-06-27T12:58:15.023+07:00  INFO 13852 --- [http-nio-8080-exec-2] o.a.c.c.C.[.[localhost].[/ShopmmtAdmin]  : Initializing Spring DispatcherServlet 'dispatcherServlet'
2024-06-27T12:58:15.023+07:00  INFO 13852 --- [http-nio-8080-exec-2] o.s.web.servlet.DispatcherServlet        : Initializing Servlet 'dispatcherServlet'
2024-06-27T12:58:15.024+07:00  INFO 13852 --- [http-nio-8080-exec-2] o.s.web.servlet.DispatcherServlet        : Completed initialization in 1 ms
2024-06-27T13:03:03.284+07:00  INFO 13852 --- [File Watcher] rtingClassPathChangeChangedEventListener : Restarting due to 3 class path changes (0 additions, 0 deletions, 3 modifications)
2024-06-27T13:03:03.301+07:00  INFO 13852 --- [Thread-1] j.LocalContainerEntityManagerFactoryBean : Closing JPA EntityManagerFactory for persistence unit 'default'
2024-06-27T13:03:03.304+07:00  INFO 13852 --- [Thread-1] com.zaxxer.hikari.HikariDataSource       : HikariPool-1 - Shutdown initiated...
2024-06-27T13:03:03.310+07:00  INFO 13852 --- [Thread-1] com.zaxxer.hikari.HikariDataSource       : HikariPool-1 - Shutdown completed.
2024-06-27T13:03:03.392+07:00  INFO 13852 --- [restartedMain] c.s.admin.ShopmmtBackEndApplication      : Starting ShopmmtBackEndApplication using Java 17.0.10 with PID 13852 (D:\VanTan\DATN\SpringCode\ShopmmtProject\ShopmmtWebParent\ShopmmtBackEnd\target\classes started by Dell in D:\VanTan\DATN\SpringCode\ShopmmtProject\ShopmmtWebParent\ShopmmtBackEnd)
2024-06-27T13:03:03.392+07:00  INFO 13852 --- [restartedMain] c.s.admin.ShopmmtBackEndApplication      : No active profile set, falling back to 1 default profile: "default"
2024-06-27T13:03:03.575+07:00  INFO 13852 --- [restartedMain] .s.d.r.c.RepositoryConfigurationDelegate : Bootstrapping Spring Data JPA repositories in DEFAULT mode.
2024-06-27T13:03:03.607+07:00  INFO 13852 --- [restartedMain] .s.d.r.c.RepositoryConfigurationDelegate : Finished Spring Data repository scanning in 32 ms. Found 11 JPA repository interfaces.
2024-06-27T13:03:03.715+07:00  INFO 13852 --- [restartedMain] o.s.b.w.embedded.tomcat.TomcatWebServer  : Tomcat initialized with port 8080 (http)
2024-06-27T13:03:03.715+07:00  INFO 13852 --- [restartedMain] o.apache.catalina.core.StandardService   : Starting service [Tomcat]
2024-06-27T13:03:03.715+07:00  INFO 13852 --- [restartedMain] o.apache.catalina.core.StandardEngine    : Starting Servlet engine: [Apache Tomcat/10.1.20]
2024-06-27T13:03:03.735+07:00  INFO 13852 --- [restartedMain] o.a.c.c.C.[.[localhost].[/ShopmmtAdmin]  : Initializing Spring embedded WebApplicationContext
2024-06-27T13:03:03.736+07:00  INFO 13852 --- [restartedMain] w.s.c.ServletWebServerApplicationContext : Root WebApplicationContext: initialization completed in 342 ms
2024-06-27T13:03:03.760+07:00  WARN 13852 --- [restartedMain] o.a.c.c.C.[.[localhost].[/ShopmmtAdmin]  : Cannot deserialize session attribute [SPRING_SECURITY_CONTEXT] for session [3BEAE68D2032DEC9F2E3CF8965C9D722]
2024-06-27T13:03:03.795+07:00  INFO 13852 --- [restartedMain] o.hibernate.jpa.internal.util.LogHelper  : HHH000204: Processing PersistenceUnitInfo [name: default]
2024-06-27T13:03:03.799+07:00  INFO 13852 --- [restartedMain] o.h.c.internal.RegionFactoryInitiator    : HHH000026: Second-level cache disabled
2024-06-27T13:03:03.804+07:00  INFO 13852 --- [restartedMain] o.s.o.j.p.SpringPersistenceUnitInfo      : No LoadTimeWeaver setup: ignoring JPA class transformer
2024-06-27T13:03:03.805+07:00  INFO 13852 --- [restartedMain] com.zaxxer.hikari.HikariDataSource       : HikariPool-2 - Starting...
2024-06-27T13:03:03.820+07:00  INFO 13852 --- [restartedMain] com.zaxxer.hikari.pool.HikariPool        : HikariPool-2 - Added connection com.mysql.cj.jdbc.ConnectionImpl@2193173b
2024-06-27T13:03:03.820+07:00  INFO 13852 --- [restartedMain] com.zaxxer.hikari.HikariDataSource       : HikariPool-2 - Start completed.
2024-06-27T13:03:04.041+07:00  INFO 13852 --- [restartedMain] o.h.e.t.j.p.i.JtaPlatformInitiator       : HHH000489: No JTA platform available (set 'hibernate.transaction.jta.platform' to enable JTA platform integration)
2024-06-27T13:03:04.146+07:00  INFO 13852 --- [restartedMain] j.LocalContainerEntityManagerFactoryBean : Initialized JPA EntityManagerFactory for persistence unit 'default'
2024-06-27T13:03:04.369+07:00  WARN 13852 --- [restartedMain] JpaBaseConfiguration$JpaWebConfiguration : spring.jpa.open-in-view is enabled by default. Therefore, database queries may be performed during view rendering. Explicitly configure spring.jpa.open-in-view to disable this warning
2024-06-27T13:03:04.384+07:00  INFO 13852 --- [restartedMain] o.s.b.a.w.s.WelcomePageHandlerMapping    : Adding welcome page template: index
2024-06-27T13:03:04.597+07:00  INFO 13852 --- [restartedMain] o.s.s.web.DefaultSecurityFilterChain     : Will secure any request with [org.springframework.security.web.session.DisableEncodeUrlFilter@52aacff4, org.springframework.security.web.context.request.async.WebAsyncManagerIntegrationFilter@76a83107, org.springframework.security.web.context.SecurityContextHolderFilter@37ace677, org.springframework.security.web.header.HeaderWriterFilter@75b5adfb, org.springframework.web.filter.CorsFilter@3b4a7f60, org.springframework.security.web.csrf.CsrfFilter@17654b2e, org.springframework.security.web.authentication.logout.LogoutFilter@3fda671, org.springframework.security.web.authentication.UsernamePasswordAuthenticationFilter@459117cd, org.springframework.security.web.savedrequest.RequestCacheAwareFilter@a2de797, org.springframework.security.web.servletapi.SecurityContextHolderAwareRequestFilter@bb0c3c6, org.springframework.security.web.authentication.rememberme.RememberMeAuthenticationFilter@6c771871, org.springframework.security.web.authentication.AnonymousAuthenticationFilter@6f2a5ce8, org.springframework.security.web.access.ExceptionTranslationFilter@b9141bd, org.springframework.security.web.access.intercept.AuthorizationFilter@2b31f2f4]
2024-06-27T13:03:04.646+07:00  WARN 13852 --- [restartedMain] o.s.b.d.a.OptionalLiveReloadServer       : Unable to start LiveReload server
2024-06-27T13:03:04.660+07:00  INFO 13852 --- [restartedMain] o.s.b.w.embedded.tomcat.TomcatWebServer  : Tomcat started on port 8080 (http) with context path '/ShopmmtAdmin'
2024-06-27T13:03:04.667+07:00  INFO 13852 --- [restartedMain] c.s.admin.ShopmmtBackEndApplication      : Started ShopmmtBackEndApplication in 1.298 seconds (process running for 310.313)
2024-06-27T13:03:04.669+07:00  INFO 13852 --- [restartedMain] .ConditionEvaluationDeltaLoggingListener : Condition evaluation unchanged
2024-06-27T13:03:07.081+07:00  INFO 13852 --- [http-nio-8080-exec-1] o.a.c.c.C.[.[localhost].[/ShopmmtAdmin]  : Initializing Spring DispatcherServlet 'dispatcherServlet'
2024-06-27T13:03:07.083+07:00  INFO 13852 --- [http-nio-8080-exec-1] o.s.web.servlet.DispatcherServlet        : Initializing Servlet 'dispatcherServlet'
2024-06-27T13:03:07.085+07:00  INFO 13852 --- [http-nio-8080-exec-1] o.s.web.servlet.DispatcherServlet        : Completed initialization in 2 ms
2024-06-27T13:06:04.755+07:00  INFO 13852 --- [RMI TCP Connection(19)-127.0.0.1] inMXBeanRegistrar$SpringApplicationAdmin : Application shutdown requested.
2024-06-27T13:06:04.767+07:00  INFO 13852 --- [RMI TCP Connection(19)-127.0.0.1] j.LocalContainerEntityManagerFactoryBean : Closing JPA EntityManagerFactory for persistence unit 'default'
2024-06-27T13:06:04.768+07:00  INFO 13852 --- [RMI TCP Connection(19)-127.0.0.1] com.zaxxer.hikari.HikariDataSource       : HikariPool-2 - Shutdown initiated...
2024-06-27T13:06:04.771+07:00  INFO 13852 --- [RMI TCP Connection(19)-127.0.0.1] com.zaxxer.hikari.HikariDataSource       : HikariPool-2 - Shutdown completed.
2024-06-27T13:06:16.484+07:00  INFO 5328 --- [restartedMain] c.s.admin.ShopmmtBackEndApplication      : Starting ShopmmtBackEndApplication using Java 17.0.10 with PID 5328 (D:\VanTan\DATN\SpringCode\ShopmmtProject\ShopmmtWebParent\ShopmmtBackEnd\target\classes started by Dell in D:\VanTan\DATN\SpringCode\ShopmmtProject\ShopmmtWebParent\ShopmmtBackEnd)
2024-06-27T13:06:16.486+07:00  INFO 5328 --- [restartedMain] c.s.admin.ShopmmtBackEndApplication      : No active profile set, falling back to 1 default profile: "default"
2024-06-27T13:06:16.526+07:00  INFO 5328 --- [restartedMain] .e.DevToolsPropertyDefaultsPostProcessor : Devtools property defaults active! Set 'spring.devtools.add-properties' to 'false' to disable
2024-06-27T13:06:16.526+07:00  INFO 5328 --- [restartedMain] .e.DevToolsPropertyDefaultsPostProcessor : For additional web related logging consider setting the 'logging.level.web' property to 'DEBUG'
2024-06-27T13:06:17.157+07:00  INFO 5328 --- [restartedMain] .s.d.r.c.RepositoryConfigurationDelegate : Bootstrapping Spring Data JPA repositories in DEFAULT mode.
2024-06-27T13:06:17.242+07:00  INFO 5328 --- [restartedMain] .s.d.r.c.RepositoryConfigurationDelegate : Finished Spring Data repository scanning in 77 ms. Found 11 JPA repository interfaces.
2024-06-27T13:06:17.730+07:00  INFO 5328 --- [restartedMain] o.s.b.w.embedded.tomcat.TomcatWebServer  : Tomcat initialized with port 8080 (http)
2024-06-27T13:06:17.744+07:00  INFO 5328 --- [restartedMain] o.apache.catalina.core.StandardService   : Starting service [Tomcat]
2024-06-27T13:06:17.744+07:00  INFO 5328 --- [restartedMain] o.apache.catalina.core.StandardEngine    : Starting Servlet engine: [Apache Tomcat/10.1.20]
2024-06-27T13:06:17.794+07:00  INFO 5328 --- [restartedMain] o.a.c.c.C.[.[localhost].[/ShopmmtAdmin]  : Initializing Spring embedded WebApplicationContext
2024-06-27T13:06:17.794+07:00  INFO 5328 --- [restartedMain] w.s.c.ServletWebServerApplicationContext : Root WebApplicationContext: initialization completed in 1267 ms
2024-06-27T13:06:17.977+07:00  INFO 5328 --- [restartedMain] o.hibernate.jpa.internal.util.LogHelper  : HHH000204: Processing PersistenceUnitInfo [name: default]
2024-06-27T13:06:18.035+07:00  INFO 5328 --- [restartedMain] org.hibernate.Version                    : HHH000412: Hibernate ORM core version 6.4.4.Final
2024-06-27T13:06:18.081+07:00  INFO 5328 --- [restartedMain] o.h.c.internal.RegionFactoryInitiator    : HHH000026: Second-level cache disabled
2024-06-27T13:06:18.260+07:00  INFO 5328 --- [restartedMain] o.s.o.j.p.SpringPersistenceUnitInfo      : No LoadTimeWeaver setup: ignoring JPA class transformer
2024-06-27T13:06:18.292+07:00  INFO 5328 --- [restartedMain] com.zaxxer.hikari.HikariDataSource       : HikariPool-1 - Starting...
2024-06-27T13:06:18.557+07:00  INFO 5328 --- [restartedMain] com.zaxxer.hikari.pool.HikariPool        : HikariPool-1 - Added connection com.mysql.cj.jdbc.ConnectionImpl@7afc3e02
2024-06-27T13:06:18.561+07:00  INFO 5328 --- [restartedMain] com.zaxxer.hikari.HikariDataSource       : HikariPool-1 - Start completed.
2024-06-27T13:06:19.742+07:00  INFO 5328 --- [restartedMain] o.h.e.t.j.p.i.JtaPlatformInitiator       : HHH000489: No JTA platform available (set 'hibernate.transaction.jta.platform' to enable JTA platform integration)
2024-06-27T13:06:19.921+07:00  INFO 5328 --- [restartedMain] j.LocalContainerEntityManagerFactoryBean : Initialized JPA EntityManagerFactory for persistence unit 'default'
2024-06-27T13:06:20.116+07:00  INFO 5328 --- [restartedMain] o.s.d.j.r.query.QueryEnhancerFactory     : Hibernate is in classpath; If applicable, HQL parser will be used.
2024-06-27T13:06:20.907+07:00  WARN 5328 --- [restartedMain] JpaBaseConfiguration$JpaWebConfiguration : spring.jpa.open-in-view is enabled by default. Therefore, database queries may be performed during view rendering. Explicitly configure spring.jpa.open-in-view to disable this warning
2024-06-27T13:06:20.997+07:00  INFO 5328 --- [restartedMain] o.s.b.a.w.s.WelcomePageHandlerMapping    : Adding welcome page template: index
2024-06-27T13:06:21.416+07:00  INFO 5328 --- [restartedMain] o.s.s.web.DefaultSecurityFilterChain     : Will secure any request with [org.springframework.security.web.session.DisableEncodeUrlFilter@4abffbeb, org.springframework.security.web.context.request.async.WebAsyncManagerIntegrationFilter@7caba1ec, org.springframework.security.web.context.SecurityContextHolderFilter@1e969c6f, org.springframework.security.web.header.HeaderWriterFilter@51757238, org.springframework.web.filter.CorsFilter@183436ce, org.springframework.security.web.csrf.CsrfFilter@5d47120d, org.springframework.security.web.authentication.logout.LogoutFilter@6ecfaea4, org.springframework.security.web.authentication.UsernamePasswordAuthenticationFilter@55e0857f, org.springframework.security.web.savedrequest.RequestCacheAwareFilter@2ce5e5f5, org.springframework.security.web.servletapi.SecurityContextHolderAwareRequestFilter@74c3297e, org.springframework.security.web.authentication.rememberme.RememberMeAuthenticationFilter@6ae1d344, org.springframework.security.web.authentication.AnonymousAuthenticationFilter@29544263, org.springframework.security.web.access.ExceptionTranslationFilter@71a60df, org.springframework.security.web.access.intercept.AuthorizationFilter@149cb520]
2024-06-27T13:06:21.616+07:00  WARN 5328 --- [restartedMain] o.s.b.d.a.OptionalLiveReloadServer       : Unable to start LiveReload server
2024-06-27T13:06:21.660+07:00  INFO 5328 --- [restartedMain] o.s.b.w.embedded.tomcat.TomcatWebServer  : Tomcat started on port 8080 (http) with context path '/ShopmmtAdmin'
2024-06-27T13:06:21.670+07:00  INFO 5328 --- [restartedMain] c.s.admin.ShopmmtBackEndApplication      : Started ShopmmtBackEndApplication in 5.513 seconds (process running for 6.215)
2024-06-27T13:06:26.556+07:00  INFO 5328 --- [http-nio-8080-exec-1] o.a.c.c.C.[.[localhost].[/ShopmmtAdmin]  : Initializing Spring DispatcherServlet 'dispatcherServlet'
2024-06-27T13:06:26.557+07:00  INFO 5328 --- [http-nio-8080-exec-1] o.s.web.servlet.DispatcherServlet        : Initializing Servlet 'dispatcherServlet'
2024-06-27T13:06:26.558+07:00  INFO 5328 --- [http-nio-8080-exec-1] o.s.web.servlet.DispatcherServlet        : Completed initialization in 1 ms
2024-06-27T13:07:15.728+07:00  INFO 5328 --- [RMI TCP Connection(10)-127.0.0.1] inMXBeanRegistrar$SpringApplicationAdmin : Application shutdown requested.
2024-06-27T13:07:15.743+07:00  INFO 5328 --- [RMI TCP Connection(10)-127.0.0.1] j.LocalContainerEntityManagerFactoryBean : Closing JPA EntityManagerFactory for persistence unit 'default'
2024-06-27T13:07:15.747+07:00  INFO 5328 --- [RMI TCP Connection(10)-127.0.0.1] com.zaxxer.hikari.HikariDataSource       : HikariPool-1 - Shutdown initiated...
2024-06-27T13:07:15.752+07:00  INFO 5328 --- [RMI TCP Connection(10)-127.0.0.1] com.zaxxer.hikari.HikariDataSource       : HikariPool-1 - Shutdown completed.
2024-06-27T13:09:27.965+07:00  INFO 17936 --- [restartedMain] c.s.admin.ShopmmtBackEndApplication      : Starting ShopmmtBackEndApplication using Java 17.0.10 with PID 17936 (D:\VanTan\DATN\SpringCode\ShopmmtProject\ShopmmtWebParent\ShopmmtBackEnd\target\classes started by Dell in D:\VanTan\DATN\SpringCode\ShopmmtProject\ShopmmtWebParent\ShopmmtBackEnd)
2024-06-27T13:09:27.967+07:00  INFO 17936 --- [restartedMain] c.s.admin.ShopmmtBackEndApplication      : No active profile set, falling back to 1 default profile: "default"
2024-06-27T13:09:28.005+07:00  INFO 17936 --- [restartedMain] .e.DevToolsPropertyDefaultsPostProcessor : Devtools property defaults active! Set 'spring.devtools.add-properties' to 'false' to disable
2024-06-27T13:09:28.005+07:00  INFO 17936 --- [restartedMain] .e.DevToolsPropertyDefaultsPostProcessor : For additional web related logging consider setting the 'logging.level.web' property to 'DEBUG'
2024-06-27T13:09:28.614+07:00  INFO 17936 --- [restartedMain] .s.d.r.c.RepositoryConfigurationDelegate : Bootstrapping Spring Data JPA repositories in DEFAULT mode.
2024-06-27T13:09:28.717+07:00  INFO 17936 --- [restartedMain] .s.d.r.c.RepositoryConfigurationDelegate : Finished Spring Data repository scanning in 91 ms. Found 11 JPA repository interfaces.
2024-06-27T13:09:29.218+07:00  INFO 17936 --- [restartedMain] o.s.b.w.embedded.tomcat.TomcatWebServer  : Tomcat initialized with port 8080 (http)
2024-06-27T13:09:29.232+07:00  INFO 17936 --- [restartedMain] o.apache.catalina.core.StandardService   : Starting service [Tomcat]
2024-06-27T13:09:29.232+07:00  INFO 17936 --- [restartedMain] o.apache.catalina.core.StandardEngine    : Starting Servlet engine: [Apache Tomcat/10.1.20]
2024-06-27T13:09:29.280+07:00  INFO 17936 --- [restartedMain] o.a.c.c.C.[.[localhost].[/ShopmmtAdmin]  : Initializing Spring embedded WebApplicationContext
2024-06-27T13:09:29.281+07:00  INFO 17936 --- [restartedMain] w.s.c.ServletWebServerApplicationContext : Root WebApplicationContext: initialization completed in 1276 ms
2024-06-27T13:09:29.340+07:00  WARN 17936 --- [restartedMain] o.a.c.c.C.[.[localhost].[/ShopmmtAdmin]  : Cannot deserialize session attribute [SPRING_SECURITY_CONTEXT] for session [A92424CC65ECE9A1FF1E09500298ED19]
2024-06-27T13:09:29.443+07:00  INFO 17936 --- [restartedMain] o.hibernate.jpa.internal.util.LogHelper  : HHH000204: Processing PersistenceUnitInfo [name: default]
2024-06-27T13:09:29.488+07:00  INFO 17936 --- [restartedMain] org.hibernate.Version                    : HHH000412: Hibernate ORM core version 6.4.4.Final
2024-06-27T13:09:29.526+07:00  INFO 17936 --- [restartedMain] o.h.c.internal.RegionFactoryInitiator    : HHH000026: Second-level cache disabled
2024-06-27T13:09:29.705+07:00  INFO 17936 --- [restartedMain] o.s.o.j.p.SpringPersistenceUnitInfo      : No LoadTimeWeaver setup: ignoring JPA class transformer
2024-06-27T13:09:29.741+07:00  INFO 17936 --- [restartedMain] com.zaxxer.hikari.HikariDataSource       : HikariPool-1 - Starting...
2024-06-27T13:09:29.995+07:00  INFO 17936 --- [restartedMain] com.zaxxer.hikari.pool.HikariPool        : HikariPool-1 - Added connection com.mysql.cj.jdbc.ConnectionImpl@3db4d30c
2024-06-27T13:09:29.997+07:00  INFO 17936 --- [restartedMain] com.zaxxer.hikari.HikariDataSource       : HikariPool-1 - Start completed.
2024-06-27T13:09:31.143+07:00  INFO 17936 --- [restartedMain] o.h.e.t.j.p.i.JtaPlatformInitiator       : HHH000489: No JTA platform available (set 'hibernate.transaction.jta.platform' to enable JTA platform integration)
2024-06-27T13:09:31.293+07:00  INFO 17936 --- [restartedMain] j.LocalContainerEntityManagerFactoryBean : Initialized JPA EntityManagerFactory for persistence unit 'default'
2024-06-27T13:09:31.490+07:00  INFO 17936 --- [restartedMain] o.s.d.j.r.query.QueryEnhancerFactory     : Hibernate is in classpath; If applicable, HQL parser will be used.
2024-06-27T13:09:32.259+07:00  WARN 17936 --- [restartedMain] JpaBaseConfiguration$JpaWebConfiguration : spring.jpa.open-in-view is enabled by default. Therefore, database queries may be performed during view rendering. Explicitly configure spring.jpa.open-in-view to disable this warning
2024-06-27T13:09:32.354+07:00  INFO 17936 --- [restartedMain] o.s.b.a.w.s.WelcomePageHandlerMapping    : Adding welcome page template: index
2024-06-27T13:09:32.788+07:00  INFO 17936 --- [restartedMain] o.s.s.web.DefaultSecurityFilterChain     : Will secure any request with [org.springframework.security.web.session.DisableEncodeUrlFilter@12625996, org.springframework.security.web.context.request.async.WebAsyncManagerIntegrationFilter@328455f8, org.springframework.security.web.context.SecurityContextHolderFilter@5b3d8f52, org.springframework.security.web.header.HeaderWriterFilter@3770d13a, org.springframework.web.filter.CorsFilter@70f549f4, org.springframework.security.web.csrf.CsrfFilter@6f4b6f2a, org.springframework.security.web.authentication.logout.LogoutFilter@25a1a39b, org.springframework.security.web.authentication.UsernamePasswordAuthenticationFilter@2697acd, org.springframework.security.web.savedrequest.RequestCacheAwareFilter@56964e0c, org.springframework.security.web.servletapi.SecurityContextHolderAwareRequestFilter@499c0d63, org.springframework.security.web.authentication.rememberme.RememberMeAuthenticationFilter@2b81165, org.springframework.security.web.authentication.AnonymousAuthenticationFilter@c641df6, org.springframework.security.web.access.ExceptionTranslationFilter@268cf432, org.springframework.security.web.access.intercept.AuthorizationFilter@312d1b02]
2024-06-27T13:09:32.980+07:00  WARN 17936 --- [restartedMain] o.s.b.d.a.OptionalLiveReloadServer       : Unable to start LiveReload server
2024-06-27T13:09:33.021+07:00  INFO 17936 --- [restartedMain] o.s.b.w.embedded.tomcat.TomcatWebServer  : Tomcat started on port 8080 (http) with context path '/ShopmmtAdmin'
2024-06-27T13:09:33.030+07:00  INFO 17936 --- [restartedMain] c.s.admin.ShopmmtBackEndApplication      : Started ShopmmtBackEndApplication in 5.398 seconds (process running for 6.072)
2024-06-27T13:09:58.234+07:00  INFO 17936 --- [http-nio-8080-exec-1] o.a.c.c.C.[.[localhost].[/ShopmmtAdmin]  : Initializing Spring DispatcherServlet 'dispatcherServlet'
2024-06-27T13:09:58.234+07:00  INFO 17936 --- [http-nio-8080-exec-1] o.s.web.servlet.DispatcherServlet        : Initializing Servlet 'dispatcherServlet'
2024-06-27T13:09:58.236+07:00  INFO 17936 --- [http-nio-8080-exec-1] o.s.web.servlet.DispatcherServlet        : Completed initialization in 2 ms
2024-06-27T13:16:27.782+07:00  INFO 17936 --- [RMI TCP Connection(15)-127.0.0.1] inMXBeanRegistrar$SpringApplicationAdmin : Application shutdown requested.
2024-06-27T13:16:27.798+07:00  INFO 17936 --- [RMI TCP Connection(15)-127.0.0.1] j.LocalContainerEntityManagerFactoryBean : Closing JPA EntityManagerFactory for persistence unit 'default'
2024-06-27T13:16:27.800+07:00  INFO 17936 --- [RMI TCP Connection(15)-127.0.0.1] com.zaxxer.hikari.HikariDataSource       : HikariPool-1 - Shutdown initiated...
2024-06-27T13:16:27.805+07:00  INFO 17936 --- [RMI TCP Connection(15)-127.0.0.1] com.zaxxer.hikari.HikariDataSource       : HikariPool-1 - Shutdown completed.
2024-06-27T15:05:10.648+07:00  INFO 17304 --- [restartedMain] c.s.admin.ShopmmtBackEndApplication      : Starting ShopmmtBackEndApplication using Java 17.0.10 with PID 17304 (D:\VanTan\DATN\SpringCode\ShopmmtProject\ShopmmtWebParent\ShopmmtBackEnd\target\classes started by Dell in D:\VanTan\DATN\SpringCode\ShopmmtProject\ShopmmtWebParent\ShopmmtBackEnd)
2024-06-27T15:05:10.650+07:00  INFO 17304 --- [restartedMain] c.s.admin.ShopmmtBackEndApplication      : No active profile set, falling back to 1 default profile: "default"
2024-06-27T15:05:10.689+07:00  INFO 17304 --- [restartedMain] .e.DevToolsPropertyDefaultsPostProcessor : Devtools property defaults active! Set 'spring.devtools.add-properties' to 'false' to disable
2024-06-27T15:05:10.690+07:00  INFO 17304 --- [restartedMain] .e.DevToolsPropertyDefaultsPostProcessor : For additional web related logging consider setting the 'logging.level.web' property to 'DEBUG'
2024-06-27T15:05:11.732+07:00  INFO 17304 --- [restartedMain] .s.d.r.c.RepositoryConfigurationDelegate : Bootstrapping Spring Data JPA repositories in DEFAULT mode.
2024-06-27T15:05:11.914+07:00  INFO 17304 --- [restartedMain] .s.d.r.c.RepositoryConfigurationDelegate : Finished Spring Data repository scanning in 170 ms. Found 11 JPA repository interfaces.
2024-06-27T15:05:12.423+07:00  INFO 17304 --- [restartedMain] o.s.b.w.embedded.tomcat.TomcatWebServer  : Tomcat initialized with port 8080 (http)
2024-06-27T15:05:12.437+07:00  INFO 17304 --- [restartedMain] o.apache.catalina.core.StandardService   : Starting service [Tomcat]
2024-06-27T15:05:12.437+07:00  INFO 17304 --- [restartedMain] o.apache.catalina.core.StandardEngine    : Starting Servlet engine: [Apache Tomcat/10.1.20]
2024-06-27T15:05:12.493+07:00  INFO 17304 --- [restartedMain] o.a.c.c.C.[.[localhost].[/ShopmmtAdmin]  : Initializing Spring embedded WebApplicationContext
2024-06-27T15:05:12.493+07:00  INFO 17304 --- [restartedMain] w.s.c.ServletWebServerApplicationContext : Root WebApplicationContext: initialization completed in 1803 ms
2024-06-27T15:05:12.557+07:00  WARN 17304 --- [restartedMain] o.a.c.c.C.[.[localhost].[/ShopmmtAdmin]  : Cannot deserialize session attribute [SPRING_SECURITY_CONTEXT] for session [0B757D4A0A2E132FA2C91112DCDB23FF]
2024-06-27T15:05:12.677+07:00  INFO 17304 --- [restartedMain] o.hibernate.jpa.internal.util.LogHelper  : HHH000204: Processing PersistenceUnitInfo [name: default]
2024-06-27T15:05:12.723+07:00  INFO 17304 --- [restartedMain] org.hibernate.Version                    : HHH000412: Hibernate ORM core version 6.4.4.Final
2024-06-27T15:05:12.762+07:00  INFO 17304 --- [restartedMain] o.h.c.internal.RegionFactoryInitiator    : HHH000026: Second-level cache disabled
2024-06-27T15:05:12.939+07:00  INFO 17304 --- [restartedMain] o.s.o.j.p.SpringPersistenceUnitInfo      : No LoadTimeWeaver setup: ignoring JPA class transformer
2024-06-27T15:05:12.964+07:00  INFO 17304 --- [restartedMain] com.zaxxer.hikari.HikariDataSource       : HikariPool-1 - Starting...
2024-06-27T15:05:13.240+07:00  INFO 17304 --- [restartedMain] com.zaxxer.hikari.pool.HikariPool        : HikariPool-1 - Added connection com.mysql.cj.jdbc.ConnectionImpl@4e1a8828
2024-06-27T15:05:13.244+07:00  INFO 17304 --- [restartedMain] com.zaxxer.hikari.HikariDataSource       : HikariPool-1 - Start completed.
2024-06-27T15:05:14.510+07:00  INFO 17304 --- [restartedMain] o.h.e.t.j.p.i.JtaPlatformInitiator       : HHH000489: No JTA platform available (set 'hibernate.transaction.jta.platform' to enable JTA platform integration)
2024-06-27T15:05:14.667+07:00  INFO 17304 --- [restartedMain] j.LocalContainerEntityManagerFactoryBean : Initialized JPA EntityManagerFactory for persistence unit 'default'
2024-06-27T15:05:14.904+07:00  INFO 17304 --- [restartedMain] o.s.d.j.r.query.QueryEnhancerFactory     : Hibernate is in classpath; If applicable, HQL parser will be used.
2024-06-27T15:05:15.648+07:00  WARN 17304 --- [restartedMain] JpaBaseConfiguration$JpaWebConfiguration : spring.jpa.open-in-view is enabled by default. Therefore, database queries may be performed during view rendering. Explicitly configure spring.jpa.open-in-view to disable this warning
2024-06-27T15:05:15.746+07:00  INFO 17304 --- [restartedMain] o.s.b.a.w.s.WelcomePageHandlerMapping    : Adding welcome page template: index
2024-06-27T15:05:16.203+07:00  INFO 17304 --- [restartedMain] o.s.s.web.DefaultSecurityFilterChain     : Will secure any request with [org.springframework.security.web.session.DisableEncodeUrlFilter@4ae51bf3, org.springframework.security.web.context.request.async.WebAsyncManagerIntegrationFilter@6470335d, org.springframework.security.web.context.SecurityContextHolderFilter@3c8e0e5a, org.springframework.security.web.header.HeaderWriterFilter@7ef3e217, org.springframework.web.filter.CorsFilter@2825afe3, org.springframework.security.web.csrf.CsrfFilter@53cc7c51, org.springframework.security.web.authentication.logout.LogoutFilter@16ee7b6c, org.springframework.security.web.authentication.UsernamePasswordAuthenticationFilter@31eaf99e, org.springframework.security.web.savedrequest.RequestCacheAwareFilter@4ebde507, org.springframework.security.web.servletapi.SecurityContextHolderAwareRequestFilter@48bd07b3, org.springframework.security.web.authentication.rememberme.RememberMeAuthenticationFilter@6e1441b9, org.springframework.security.web.authentication.AnonymousAuthenticationFilter@2d8a3136, org.springframework.security.web.access.ExceptionTranslationFilter@26286c66, org.springframework.security.web.access.intercept.AuthorizationFilter@5f43b605]
2024-06-27T15:05:16.406+07:00  INFO 17304 --- [restartedMain] o.s.b.d.a.OptionalLiveReloadServer       : LiveReload server is running on port 35729
2024-06-27T15:05:16.456+07:00  INFO 17304 --- [restartedMain] o.s.b.w.embedded.tomcat.TomcatWebServer  : Tomcat started on port 8080 (http) with context path '/ShopmmtAdmin'
2024-06-27T15:05:16.465+07:00  INFO 17304 --- [restartedMain] c.s.admin.ShopmmtBackEndApplication      : Started ShopmmtBackEndApplication in 6.162 seconds (process running for 13.77)
2024-06-27T15:06:26.828+07:00  INFO 17304 --- [http-nio-8080-exec-1] o.a.c.c.C.[.[localhost].[/ShopmmtAdmin]  : Initializing Spring DispatcherServlet 'dispatcherServlet'
2024-06-27T15:06:26.828+07:00  INFO 17304 --- [http-nio-8080-exec-1] o.s.web.servlet.DispatcherServlet        : Initializing Servlet 'dispatcherServlet'
2024-06-27T15:06:26.830+07:00  INFO 17304 --- [http-nio-8080-exec-1] o.s.web.servlet.DispatcherServlet        : Completed initialization in 2 ms
2024-06-27T15:34:52.891+07:00  INFO 17304 --- [RMI TCP Connection(39)-127.0.0.1] inMXBeanRegistrar$SpringApplicationAdmin : Application shutdown requested.
2024-06-27T15:34:52.914+07:00  INFO 17304 --- [RMI TCP Connection(39)-127.0.0.1] j.LocalContainerEntityManagerFactoryBean : Closing JPA EntityManagerFactory for persistence unit 'default'
2024-06-27T15:34:52.918+07:00  INFO 17304 --- [RMI TCP Connection(39)-127.0.0.1] com.zaxxer.hikari.HikariDataSource       : HikariPool-1 - Shutdown initiated...
2024-06-27T15:34:52.924+07:00  INFO 17304 --- [RMI TCP Connection(39)-127.0.0.1] com.zaxxer.hikari.HikariDataSource       : HikariPool-1 - Shutdown completed.
