2024-07-16T13:29:41.069+07:00  INFO 15712 --- [ShopmmtCommon] [restartedMain] c.s.site.ShopmmtFrontEndApplication      : Starting ShopmmtFrontEndApplication using Java 17.0.10 with PID 15712 (D:\VanTan\DATN\SpringCode\ShopmmtProject\ShopmmtWebParent\ShopmmtFrontEnd\target\classes started by Dell in D:\VanTan\DATN\SpringCode\ShopmmtProject\ShopmmtWebParent\ShopmmtFrontEnd)
2024-07-16T13:29:41.072+07:00  INFO 15712 --- [ShopmmtCommon] [restartedMain] c.s.site.ShopmmtFrontEndApplication      : No active profile set, falling back to 1 default profile: "default"
2024-07-16T13:29:41.112+07:00  INFO 15712 --- [ShopmmtCommon] [restartedMain] .e.DevToolsPropertyDefaultsPostProcessor : Devtools property defaults active! Set 'spring.devtools.add-properties' to 'false' to disable
2024-07-16T13:29:41.113+07:00  INFO 15712 --- [ShopmmtCommon] [restartedMain] .e.DevToolsPropertyDefaultsPostProcessor : For additional web related logging consider setting the 'logging.level.web' property to 'DEBUG'
2024-07-16T13:29:42.352+07:00  INFO 15712 --- [ShopmmtCommon] [restartedMain] .s.d.r.c.RepositoryConfigurationDelegate : Bootstrapping Spring Data JPA repositories in DEFAULT mode.
2024-07-16T13:29:42.438+07:00  INFO 15712 --- [ShopmmtCommon] [restartedMain] .s.d.r.c.RepositoryConfigurationDelegate : Finished Spring Data repository scanning in 72 ms. Found 8 JPA repository interfaces.
2024-07-16T13:29:42.935+07:00  INFO 15712 --- [ShopmmtCommon] [restartedMain] o.s.b.w.embedded.tomcat.TomcatWebServer  : Tomcat initialized with port 80 (http)
2024-07-16T13:29:42.952+07:00  INFO 15712 --- [ShopmmtCommon] [restartedMain] o.apache.catalina.core.StandardService   : Starting service [Tomcat]
2024-07-16T13:29:42.953+07:00  INFO 15712 --- [ShopmmtCommon] [restartedMain] o.apache.catalina.core.StandardEngine    : Starting Servlet engine: [Apache Tomcat/10.1.20]
2024-07-16T13:29:43.010+07:00  INFO 15712 --- [ShopmmtCommon] [restartedMain] o.a.c.c.C.[.[localhost].[/Shopmmt]       : Initializing Spring embedded WebApplicationContext
2024-07-16T13:29:43.010+07:00  INFO 15712 --- [ShopmmtCommon] [restartedMain] w.s.c.ServletWebServerApplicationContext : Root WebApplicationContext: initialization completed in 1897 ms
2024-07-16T13:29:43.134+07:00  INFO 15712 --- [ShopmmtCommon] [restartedMain] o.hibernate.jpa.internal.util.LogHelper  : HHH000204: Processing PersistenceUnitInfo [name: default]
2024-07-16T13:29:43.180+07:00  INFO 15712 --- [ShopmmtCommon] [restartedMain] org.hibernate.Version                    : HHH000412: Hibernate ORM core version 6.4.4.Final
2024-07-16T13:29:43.210+07:00  INFO 15712 --- [ShopmmtCommon] [restartedMain] o.h.c.internal.RegionFactoryInitiator    : HHH000026: Second-level cache disabled
2024-07-16T13:29:43.427+07:00  INFO 15712 --- [ShopmmtCommon] [restartedMain] o.s.o.j.p.SpringPersistenceUnitInfo      : No LoadTimeWeaver setup: ignoring JPA class transformer
2024-07-16T13:29:43.470+07:00  INFO 15712 --- [ShopmmtCommon] [restartedMain] com.zaxxer.hikari.HikariDataSource       : HikariPool-1 - Starting...
2024-07-16T13:29:43.719+07:00  INFO 15712 --- [ShopmmtCommon] [restartedMain] com.zaxxer.hikari.pool.HikariPool        : HikariPool-1 - Added connection com.mysql.cj.jdbc.ConnectionImpl@68e5ed32
2024-07-16T13:29:43.721+07:00  INFO 15712 --- [ShopmmtCommon] [restartedMain] com.zaxxer.hikari.HikariDataSource       : HikariPool-1 - Start completed.
2024-07-16T13:29:44.890+07:00  INFO 15712 --- [ShopmmtCommon] [restartedMain] o.h.e.t.j.p.i.JtaPlatformInitiator       : HHH000489: No JTA platform available (set 'hibernate.transaction.jta.platform' to enable JTA platform integration)
2024-07-16T13:29:45.062+07:00  INFO 15712 --- [ShopmmtCommon] [restartedMain] j.LocalContainerEntityManagerFactoryBean : Initialized JPA EntityManagerFactory for persistence unit 'default'
2024-07-16T13:29:45.226+07:00  INFO 15712 --- [ShopmmtCommon] [restartedMain] o.s.d.j.r.query.QueryEnhancerFactory     : Hibernate is in classpath; If applicable, HQL parser will be used.
2024-07-16T13:29:46.042+07:00  WARN 15712 --- [ShopmmtCommon] [restartedMain] JpaBaseConfiguration$JpaWebConfiguration : spring.jpa.open-in-view is enabled by default. Therefore, database queries may be performed during view rendering. Explicitly configure spring.jpa.open-in-view to disable this warning
2024-07-16T13:29:46.122+07:00  INFO 15712 --- [ShopmmtCommon] [restartedMain] o.s.b.a.w.s.WelcomePageHandlerMapping    : Adding welcome page template: index
2024-07-16T13:29:46.518+07:00  INFO 15712 --- [ShopmmtCommon] [restartedMain] o.s.s.web.DefaultSecurityFilterChain     : Will secure any request with [org.springframework.security.web.session.DisableEncodeUrlFilter@5ded5ae2, org.springframework.security.web.session.ForceEagerSessionCreationFilter@6cd3d9a7, org.springframework.security.web.context.request.async.WebAsyncManagerIntegrationFilter@a7f932e, org.springframework.security.web.context.SecurityContextHolderFilter@609cb278, org.springframework.security.web.header.HeaderWriterFilter@7f5ffea2, org.springframework.web.filter.CorsFilter@5157d2e1, org.springframework.security.web.csrf.CsrfFilter@4be9c7a3, org.springframework.security.web.authentication.logout.LogoutFilter@65569956, org.springframework.security.oauth2.client.web.OAuth2AuthorizationRequestRedirectFilter@320da6b7, org.springframework.security.oauth2.client.web.OAuth2LoginAuthenticationFilter@4d135074, org.springframework.security.web.authentication.UsernamePasswordAuthenticationFilter@380bc55a, org.springframework.security.web.savedrequest.RequestCacheAwareFilter@32d548f1, org.springframework.security.web.servletapi.SecurityContextHolderAwareRequestFilter@33eef031, org.springframework.security.web.authentication.rememberme.RememberMeAuthenticationFilter@55267d9e, org.springframework.security.web.authentication.AnonymousAuthenticationFilter@665ab863, org.springframework.security.web.session.SessionManagementFilter@2b9720ed, org.springframework.security.web.access.ExceptionTranslationFilter@32ba5f0c, org.springframework.security.web.access.intercept.AuthorizationFilter@52fea1b7]
2024-07-16T13:29:46.716+07:00  WARN 15712 --- [ShopmmtCommon] [restartedMain] o.s.b.d.a.OptionalLiveReloadServer       : Unable to start LiveReload server
2024-07-16T13:29:46.757+07:00  INFO 15712 --- [ShopmmtCommon] [restartedMain] o.s.b.w.embedded.tomcat.TomcatWebServer  : Tomcat started on port 80 (http) with context path '/Shopmmt'
2024-07-16T13:29:46.767+07:00  INFO 15712 --- [ShopmmtCommon] [restartedMain] c.s.site.ShopmmtFrontEndApplication      : Started ShopmmtFrontEndApplication in 6.076 seconds (process running for 6.749)
2024-07-16T13:30:41.305+07:00  INFO 15712 --- [ShopmmtCommon] [http-nio-80-exec-1] o.a.c.c.C.[.[localhost].[/Shopmmt]       : Initializing Spring DispatcherServlet 'dispatcherServlet'
2024-07-16T13:30:41.306+07:00  INFO 15712 --- [ShopmmtCommon] [http-nio-80-exec-1] o.s.web.servlet.DispatcherServlet        : Initializing Servlet 'dispatcherServlet'
2024-07-16T13:30:41.308+07:00  INFO 15712 --- [ShopmmtCommon] [http-nio-80-exec-1] o.s.web.servlet.DispatcherServlet        : Completed initialization in 2 ms
2024-07-16T13:30:55.561+07:00  INFO 15712 --- [ShopmmtCommon] [RMI TCP Connection(11)-127.0.0.1] inMXBeanRegistrar$SpringApplicationAdmin : Application shutdown requested.
2024-07-16T13:30:55.575+07:00  INFO 15712 --- [ShopmmtCommon] [RMI TCP Connection(11)-127.0.0.1] j.LocalContainerEntityManagerFactoryBean : Closing JPA EntityManagerFactory for persistence unit 'default'
2024-07-16T13:30:55.579+07:00  INFO 15712 --- [ShopmmtCommon] [RMI TCP Connection(11)-127.0.0.1] com.zaxxer.hikari.HikariDataSource       : HikariPool-1 - Shutdown initiated...
2024-07-16T13:30:55.584+07:00  INFO 15712 --- [ShopmmtCommon] [RMI TCP Connection(11)-127.0.0.1] com.zaxxer.hikari.HikariDataSource       : HikariPool-1 - Shutdown completed.
